#
# A fatal error has been detected by the Java Runtime Environment:
#
#  SIGSEGV (0xb) at pc=0x00007f279f22dfd6, pid=3935, tid=0x00007f27f2913700
#
# JRE version: OpenJDK Runtime Environment (8.0_162-b12) (build 1.8.0_162-8u162-b12-0ubuntu0.16.04.2-b12)
# Java VM: OpenJDK 64-Bit Server VM (25.162-b12 mixed mode linux-amd64 compressed oops)
# Problematic frame:
# C  [libXnVFeatures_1_5_2.so+0x8cfd6]  Segmentation::detectionByPoint(bool, std::vector<Vector2D<int>, std::allocator<Vector2D<int> > > const*)+0x106
#
# Failed to write core dump. Core dumps have been disabled. To enable core dumping, try "ulimit -c unlimited" before starting Java again
#
# If you would like to submit a bug report, please visit:
#   http://bugreport.java.com/bugreport/crash.jsp
# The crash happened outside the Java Virtual Machine in native code.
# See problematic frame for where to report the bug.
#

---------------  T H R E A D  ---------------

Current thread (0x00007f27ec00b000):  JavaThread "main" [_thread_in_native, id=3937, stack(0x00007f27f2813000,0x00007f27f2914000)]

siginfo: si_signo: 11 (SIGSEGV), si_code: 1 (SEGV_MAPERR), si_addr: 0x00007f25ecaaf4f0

Registers:
RAX=0x00007f27ecaaf4f0, RBX=0x00007f278a4cf9d0, RCX=0x000000000000000a, RDX=0xffffffff80000000
RSP=0x00007f27f2912370, RBP=0x00007f279688ee60, RSI=0x0000000080000000, RDI=0x00007f279688ee60
R8 =0x0000000080000000, R9 =0x000000007fffffff, R10=0x00007f27968ea060, R11=0x0000000000000000
R12=0x0000000000000000, R13=0x00007f279688efe0, R14=0x00007f27f29124f0, R15=0x00007f279f7ea0e8
RIP=0x00007f279f22dfd6, EFLAGS=0x0000000000010a12, CSGSFS=0x002b000000000033, ERR=0x0000000000000004
  TRAPNO=0x000000000000000e

Top of Stack: (sp=0x00007f27f2912370)
0x00007f27f2912370:   00007f27958fe050 00007f27f29124f0
0x00007f27f2912380:   0000000000000000 00007f27f21c753c
0x00007f27f2912390:   800000007fffffff 00007f279697e6f8
0x00007f27f29123a0:   00007f279f7d8e40 00007f279688ee60
0x00007f27f29123b0:   00007f279688efe0 00007f2796889d80
0x00007f27f29123c0:   0000000000000000 00007f27f29124f0
0x00007f27f29123d0:   0000000000000000 00007f279f22ed77
0x00007f27f29123e0:   0000000000000002 00007f2796889d80
0x00007f27f29123f0:   000000000010ad05 000000000010ad05
0x00007f27f2912400:   0000000000000000 3ff0000000000000
0x00007f27f2912410:   00007f2796889d80 00007f27958fe010
0x00007f27f2912420:   00007f27f29124f0 00007f27958fe028
0x00007f27f2912430:   00007f27958fe050 00007f2796868f88
0x00007f27f2912440:   00007f2796889d80 00007f279f2172e9
0x00007f27f2912450:   00007f27ec00b000 00007f279697f190
0x00007f27f2912460:   6d68732f7665642f 0000000000000008
0x00007f27f2912470:   0000000000109eba 0000000000109eba
0x00007f27f2912480:   0000000000000000 3ff0000000000000
0x00007f27f2912490:   00007f27f29124e0 00007f27d5c9801c
0x00007f27f29124a0:   0000000000000001 00007f27d5c98000
0x00007f27f29124b0:   00007f27eca2f090 00007f27f29124f0
0x00007f27f29124c0:   00007f27ec00b000 00007f279f1ed88d
0x00007f27f29124d0:   0000000000000087 00007f27f223a919
0x00007f27f29124e0:   0000004300000045 00007f27d5a66426
0x00007f27f29124f0:   00007f278a4cf9d0 00007f278a4cf9d8
0x00007f27f2912500:   00007f278a4cf9d8 00007f27eca2f090
0x00007f27f2912510:   00007f27eca2f090 0000000000000001
0x00007f27f2912520:   00007f27ec275300 00007f27ec205270
0x00007f27f2912530:   00007f27f29128a8 00007f279f1ede5b
0x00007f27f2912540:   00007f27ec297cd0 ffffffffffffffff
0x00007f27f2912550:   00007f279f7d3c30 0000000000000000
0x00007f27f2912560:   000000001895651a 0009600000000001 

Instructions: (pc=0x00007f279f22dfd6)
0x00007f279f22dfb6:   e2 05 49 01 ea 41 8b 42 18 41 2b 42 0c 49 63 52
0x00007f279f22dfc6:   1c f3 0f 2a c0 48 8b 85 50 a3 0e 00 48 8b 40 60
0x00007f279f22dfd6:   f3 0f 59 04 90 f3 0f 2c c0 3d 1f 03 00 00 0f 8e
0x00007f279f22dfe6:   56 ff ff ff 44 89 e6 48 89 ef 89 44 24 10 4c 89 

Register to memory mapping:

RAX=0x00007f27ecaaf4f0 is an unknown value
RBX=0x00007f278a4cf9d0 is an unknown value
RCX=0x000000000000000a is an unknown value
RDX=0xffffffff80000000 is an unknown value
RSP=0x00007f27f2912370 is pointing into the stack for thread: 0x00007f27ec00b000
RBP=0x00007f279688ee60 is an unknown value
RSI=0x0000000080000000 is an unknown value
RDI=0x00007f279688ee60 is an unknown value
R8 =0x0000000080000000 is an unknown value
R9 =0x000000007fffffff is an unknown value
R10=0x00007f27968ea060 is an unknown value
R11=0x0000000000000000 is an unknown value
R12=0x0000000000000000 is an unknown value
R13=0x00007f279688efe0 is an unknown value
R14=0x00007f27f29124f0 is pointing into the stack for thread: 0x00007f27ec00b000
R15=0x00007f279f7ea0e8: <offset 0x6490e8> in /usr/lib/libXnVFeatures_1_5_2.so at 0x00007f279f1a1000


Stack: [0x00007f27f2813000,0x00007f27f2914000],  sp=0x00007f27f2912370,  free space=1020k
Native frames: (J=compiled Java code, j=interpreted, Vv=VM code, C=native code)
C  [libXnVFeatures_1_5_2.so+0x8cfd6]  Segmentation::detectionByPoint(bool, std::vector<Vector2D<int>, std::allocator<Vector2D<int> > > const*)+0x106

Java frames: (J=compiled Java code, j=interpreted, Vv=VM code)
j  org.openni.NativeMethods.xnWaitAnyUpdateAll(J)I+0
j  org.openni.Context.waitAnyUpdateAll()V+4
j  it.univaq.au4h.helpers.NIHelper.waitUpdates()V+4
j  it.univaq.au4h.controllers.MainController.run()V+7
j  it.univaq.au4h.App.main([Ljava/lang/String;)V+56
v  ~StubRoutines::call_stub

---------------  P R O C E S S  ---------------

Java Threads: ( => current thread )
  0x00007f278a4f1800 JavaThread "AWT-EventQueue-0" [_thread_in_vm, id=3963, stack(0x00007f2784cfc000,0x00007f2784dfd000)]
  0x00007f278a4f0000 JavaThread "AWT-Shutdown" [_thread_blocked, id=3962, stack(0x00007f2784dfd000,0x00007f2784efe000)]
  0x00007f278a4a8000 JavaThread "AWT-XAWT" daemon [_thread_in_native, id=3961, stack(0x00007f2784efe000,0x00007f2784fff000)]
  0x00007f278a484000 JavaThread "Java2D Disposer" daemon [_thread_blocked, id=3960, stack(0x00007f278c4e9000,0x00007f278c5ea000)]
  0x00007f27ec0da800 JavaThread "Service Thread" daemon [_thread_blocked, id=3952, stack(0x00007f27d60d6000,0x00007f27d61d7000)]
  0x00007f27ec0b3000 JavaThread "C1 CompilerThread2" daemon [_thread_blocked, id=3951, stack(0x00007f27d61d7000,0x00007f27d62d8000)]
  0x00007f27ec0b1800 JavaThread "C2 CompilerThread1" daemon [_thread_blocked, id=3950, stack(0x00007f27d62d8000,0x00007f27d63d9000)]
  0x00007f27ec0ae800 JavaThread "C2 CompilerThread0" daemon [_thread_blocked, id=3949, stack(0x00007f27d63d9000,0x00007f27d64da000)]
  0x00007f27ec0ac800 JavaThread "Signal Dispatcher" daemon [_thread_blocked, id=3948, stack(0x00007f27d64da000,0x00007f27d65db000)]
  0x00007f27ec084800 JavaThread "Finalizer" daemon [_thread_blocked, id=3947, stack(0x00007f27d68b5000,0x00007f27d69b6000)]
  0x00007f27ec080000 JavaThread "Reference Handler" daemon [_thread_blocked, id=3946, stack(0x00007f27d69b6000,0x00007f27d6ab7000)]
=>0x00007f27ec00b000 JavaThread "main" [_thread_in_native, id=3937, stack(0x00007f27f2813000,0x00007f27f2914000)]

Other Threads:
  0x00007f27ec078800 VMThread [stack: 0x00007f27d6ab7000,0x00007f27d6bb8000] [id=3945]
  0x00007f27ec0dd000 WatcherThread [stack: 0x00007f27d5fd5000,0x00007f27d60d6000] [id=3953]

VM state:not at safepoint (normal execution)

VM Mutex/Monitor currently owned by a thread: None

Heap:
 PSYoungGen      total 27648K, used 7639K [0x00000000e1b80000, 0x00000000e3a00000, 0x0000000100000000)
  eden space 24064K, 31% used [0x00000000e1b80000,0x00000000e22f5d90,0x00000000e3300000)
  from space 3584K, 0% used [0x00000000e3680000,0x00000000e3680000,0x00000000e3a00000)
  to   space 3584K, 0% used [0x00000000e3300000,0x00000000e3300000,0x00000000e3680000)
 ParOldGen       total 62976K, used 0K [0x00000000a5200000, 0x00000000a8f80000, 0x00000000e1b80000)
  object space 62976K, 0% used [0x00000000a5200000,0x00000000a5200000,0x00000000a8f80000)
 Metaspace       used 9123K, capacity 9358K, committed 9600K, reserved 1058816K
  class space    used 1014K, capacity 1094K, committed 1152K, reserved 1048576K

Card table byte_map: [0x00007f27dbadf000,0x00007f27dbdb7000] byte_map_base: 0x00007f27db5b6000

Marking Bits: (ParMarkBitMap*) 0x00007f27f1aeb300
 Begin Bits: [0x00007f27d8887000, 0x00007f27d9f3f000)
 End Bits:   [0x00007f27d9f3f000, 0x00007f27db5f7000)

Polling page: 0x00007f27f293f000

CodeCache: size=245760Kb used=1960Kb max_used=1960Kb free=243799Kb
 bounds [0x00007f27dc177000, 0x00007f27dc3e7000, 0x00007f27eb177000]
 total_blobs=857 nmethods=381 adapters=391
 compilation: enabled

Compilation events (10 events):
Event: 1,330 Thread 0x00007f27ec0b3000  376       3       java.util.concurrent.locks.AbstractQueuedSynchronizer::release (33 bytes)
Event: 1,330 Thread 0x00007f27ec0b3000 nmethod 376 0x00007f27dc35e9d0 code [0x00007f27dc35eb60, 0x00007f27dc35ee78]
Event: 1,330 Thread 0x00007f27ec0b3000  377       3       java.util.concurrent.locks.ReentrantLock$Sync::tryRelease (45 bytes)
Event: 1,331 Thread 0x00007f27ec0b3000 nmethod 377 0x00007f27dc35ef50 code [0x00007f27dc35f0e0, 0x00007f27dc35f688]
Event: 1,331 Thread 0x00007f27ec0b3000  378       3       java.util.concurrent.locks.ReentrantLock::lock (8 bytes)
Event: 1,331 Thread 0x00007f27ec0b3000 nmethod 378 0x00007f27dc35f7d0 code [0x00007f27dc35f940, 0x00007f27dc35fb68]
Event: 1,331 Thread 0x00007f27ec0b3000  379       3       java.util.concurrent.locks.ReentrantLock$NonfairSync::lock (25 bytes)
Event: 1,333 Thread 0x00007f27ec0b3000 nmethod 379 0x00007f27dc35fc10 code [0x00007f27dc35fde0, 0x00007f27dc360638]
Event: 1,333 Thread 0x00007f27ec0b3000  380       3       java.util.concurrent.locks.ReentrantLock::unlock (10 bytes)
Event: 1,334 Thread 0x00007f27ec0b3000 nmethod 380 0x00007f27dc360890 code [0x00007f27dc360a20, 0x00007f27dc360e18]

GC Heap History (0 events):
No events

Deoptimization events (1 events):
Event: 1,206 Thread 0x00007f27ec00b000 Uncommon trap: reason=unstable_if action=reinterpret pc=0x00007f27dc323088 method=java.lang.String.indexOf([CII[CIII)I @ 134

Classes redefined (0 events):
No events

Internal exceptions (10 events):
Event: 1,104 Thread 0x00007f27ec00b000 Exception <a 'java/security/PrivilegedActionException'> (0x00000000e1e3ce90) thrown at [/build/openjdk-8-OdO8jS/openjdk-8-8u162-b12/src/hotspot/src/share/vm/prims/jvm.cpp, line 1390]
Event: 1,104 Thread 0x00007f27ec00b000 Exception <a 'java/security/PrivilegedActionException'> (0x00000000e1e3ef18) thrown at [/build/openjdk-8-OdO8jS/openjdk-8-8u162-b12/src/hotspot/src/share/vm/prims/jvm.cpp, line 1390]
Event: 1,104 Thread 0x00007f27ec00b000 Exception <a 'java/security/PrivilegedActionException'> (0x00000000e1e3f128) thrown at [/build/openjdk-8-OdO8jS/openjdk-8-8u162-b12/src/hotspot/src/share/vm/prims/jvm.cpp, line 1390]
Event: 1,105 Thread 0x00007f27ec00b000 Exception <a 'java/security/PrivilegedActionException'> (0x00000000e1e3fc00) thrown at [/build/openjdk-8-OdO8jS/openjdk-8-8u162-b12/src/hotspot/src/share/vm/prims/jvm.cpp, line 1390]
Event: 1,105 Thread 0x00007f27ec00b000 Exception <a 'java/security/PrivilegedActionException'> (0x00000000e1e3fe10) thrown at [/build/openjdk-8-OdO8jS/openjdk-8-8u162-b12/src/hotspot/src/share/vm/prims/jvm.cpp, line 1390]
Event: 1,152 Thread 0x00007f27ec00b000 Exception <a 'java/lang/NoSuchFieldError': method resolution failed> (0x00000000e1f11188) thrown at [/build/openjdk-8-OdO8jS/openjdk-8-8u162-b12/src/hotspot/src/share/vm/prims/methodHandles.cpp, line 1167]
Event: 1,154 Thread 0x00007f27ec00b000 Exception <a 'java/lang/NoSuchFieldError': method resolution failed> (0x00000000e1f1e958) thrown at [/build/openjdk-8-OdO8jS/openjdk-8-8u162-b12/src/hotspot/src/share/vm/prims/methodHandles.cpp, line 1167]
Event: 1,178 Thread 0x00007f27ec00b000 Exception <a 'java/io/FileNotFoundException'> (0x00000000e1f986b0) thrown at [/build/openjdk-8-OdO8jS/openjdk-8-8u162-b12/src/hotspot/src/share/vm/prims/jni.cpp, line 709]
Event: 1,178 Thread 0x00007f27ec00b000 Exception <a 'java/io/FileNotFoundException'> (0x00000000e1f990d0) thrown at [/build/openjdk-8-OdO8jS/openjdk-8-8u162-b12/src/hotspot/src/share/vm/prims/jni.cpp, line 709]
Event: 1,205 Thread 0x00007f27ec00b000 Exception <a 'java/lang/ClassNotFoundException': sun/dc/DuctusRenderingEngine> (0x00000000e20c0718) thrown at [/build/openjdk-8-OdO8jS/openjdk-8-8u162-b12/src/hotspot/src/share/vm/classfile/systemDictionary.cpp, line 210]

Events (10 events):
Event: 1,330 loading class java/awt/event/WindowEvent done
Event: 1,330 loading class sun/awt/dnd/SunDropTargetEvent done
Event: 1,330 loading class java/awt/event/InputMethodEvent
Event: 1,330 loading class java/awt/event/InputMethodEvent done
Event: 1,330 loading class java/awt/event/ActionEvent
Event: 1,330 loading class java/awt/event/ActionEvent done
Event: 1,330 loading class java/awt/event/FocusEvent
Event: 1,330 loading class sun/awt/X11/XReparentEvent
Event: 1,330 loading class java/awt/event/FocusEvent done
Event: 1,330 loading class sun/awt/X11/XReparentEvent done


Dynamic libraries:
00400000-00401000 r-xp 00000000 08:07 1556                               /usr/lib/jvm/java-8-openjdk-amd64/jre/bin/java
00600000-00601000 r--p 00000000 08:07 1556                               /usr/lib/jvm/java-8-openjdk-amd64/jre/bin/java
00601000-00602000 rw-p 00001000 08:07 1556                               /usr/lib/jvm/java-8-openjdk-amd64/jre/bin/java
011ec000-0120d000 rw-p 00000000 00:00 0                                  [heap]
a5200000-a8f80000 rw-p 00000000 00:00 0 
a8f80000-e1b80000 ---p 00000000 00:00 0 
e1b80000-e3a00000 rw-p 00000000 00:00 0 
e3a00000-100000000 ---p 00000000 00:00 0 
100000000-100120000 rw-p 00000000 00:00 0 
100120000-140000000 ---p 00000000 00:00 0 
7f2770000000-7f2770021000 rw-p 00000000 00:00 0 
7f2770021000-7f2774000000 ---p 00000000 00:00 0 
7f2778000000-7f2778021000 rw-p 00000000 00:00 0 
7f2778021000-7f277c000000 ---p 00000000 00:00 0 
7f277c000000-7f277c021000 rw-p 00000000 00:00 0 
7f277c021000-7f2780000000 ---p 00000000 00:00 0 
7f2780000000-7f2780021000 rw-p 00000000 00:00 0 
7f2780021000-7f2784000000 ---p 00000000 00:00 0 
7f2784afc000-7f2784b3c000 rw-p 00000000 00:00 0 
7f2784b3c000-7f2784cfc000 ---p 00000000 00:00 0 
7f2784cfc000-7f2784cff000 ---p 00000000 00:00 0 
7f2784cff000-7f2784dfd000 rwxp 00000000 00:00 0 
7f2784dfd000-7f2784e00000 ---p 00000000 00:00 0 
7f2784e00000-7f2784efe000 rwxp 00000000 00:00 0 
7f2784efe000-7f2784f01000 ---p 00000000 00:00 0 
7f2784f01000-7f2784fff000 rwxp 00000000 00:00 0 
7f2784fff000-7f2788000000 rw-p 00000000 00:00 0 
7f2788000000-7f278a698000 rw-p 00000000 00:00 0 
7f278a698000-7f278c000000 ---p 00000000 00:00 0 
7f278c0d9000-7f278c0de000 r-xp 00000000 08:07 8003815                    /usr/lib/x86_64-linux-gnu/libXfixes.so.3.1.0
7f278c0de000-7f278c2dd000 ---p 00005000 08:07 8003815                    /usr/lib/x86_64-linux-gnu/libXfixes.so.3.1.0
7f278c2dd000-7f278c2de000 r--p 00004000 08:07 8003815                    /usr/lib/x86_64-linux-gnu/libXfixes.so.3.1.0
7f278c2de000-7f278c2df000 rw-p 00005000 08:07 8003815                    /usr/lib/x86_64-linux-gnu/libXfixes.so.3.1.0
7f278c2df000-7f278c2e8000 r-xp 00000000 08:07 8002929                    /usr/lib/x86_64-linux-gnu/libXcursor.so.1.0.2
7f278c2e8000-7f278c4e7000 ---p 00009000 08:07 8002929                    /usr/lib/x86_64-linux-gnu/libXcursor.so.1.0.2
7f278c4e7000-7f278c4e8000 r--p 00008000 08:07 8002929                    /usr/lib/x86_64-linux-gnu/libXcursor.so.1.0.2
7f278c4e8000-7f278c4e9000 rw-p 00009000 08:07 8002929                    /usr/lib/x86_64-linux-gnu/libXcursor.so.1.0.2
7f278c4e9000-7f278c4ec000 ---p 00000000 00:00 0 
7f278c4ec000-7f278c5ea000 rwxp 00000000 00:00 0 
7f278c5ea000-7f278c60e000 r-xp 00000000 08:07 1446671                    /lib/x86_64-linux-gnu/libpng12.so.0.54.0
7f278c60e000-7f278c80d000 ---p 00024000 08:07 1446671                    /lib/x86_64-linux-gnu/libpng12.so.0.54.0
7f278c80d000-7f278c80e000 r--p 00023000 08:07 1446671                    /lib/x86_64-linux-gnu/libpng12.so.0.54.0
7f278c80e000-7f278c80f000 rw-p 00024000 08:07 1446671                    /lib/x86_64-linux-gnu/libpng12.so.0.54.0
7f278c80f000-7f278c8b3000 r-xp 00000000 08:07 8004238                    /usr/lib/x86_64-linux-gnu/libfreetype.so.6.12.1
7f278c8b3000-7f278cab2000 ---p 000a4000 08:07 8004238                    /usr/lib/x86_64-linux-gnu/libfreetype.so.6.12.1
7f278cab2000-7f278cab8000 r--p 000a3000 08:07 8004238                    /usr/lib/x86_64-linux-gnu/libfreetype.so.6.12.1
7f278cab8000-7f278cab9000 rw-p 000a9000 08:07 8004238                    /usr/lib/x86_64-linux-gnu/libfreetype.so.6.12.1
7f278cab9000-7f278cb0b000 r-xp 00000000 08:07 1509                       /usr/lib/jvm/java-8-openjdk-amd64/jre/lib/amd64/libfontmanager.so
7f278cb0b000-7f278cd0b000 ---p 00052000 08:07 1509                       /usr/lib/jvm/java-8-openjdk-amd64/jre/lib/amd64/libfontmanager.so
7f278cd0b000-7f278cd0d000 r--p 00052000 08:07 1509                       /usr/lib/jvm/java-8-openjdk-amd64/jre/lib/amd64/libfontmanager.so
7f278cd0d000-7f278cd0e000 rw-p 00054000 08:07 1509                       /usr/lib/jvm/java-8-openjdk-amd64/jre/lib/amd64/libfontmanager.so
7f278cd0e000-7f278cd24000 r-xp 00000000 08:07 1529                       /usr/lib/jvm/java-8-openjdk-amd64/jre/lib/amd64/libnet.so
7f278cd24000-7f278cf24000 ---p 00016000 08:07 1529                       /usr/lib/jvm/java-8-openjdk-amd64/jre/lib/amd64/libnet.so
7f278cf24000-7f278cf25000 r--p 00016000 08:07 1529                       /usr/lib/jvm/java-8-openjdk-amd64/jre/lib/amd64/libnet.so
7f278cf25000-7f278cf26000 rw-p 00017000 08:07 1529                       /usr/lib/jvm/java-8-openjdk-amd64/jre/lib/amd64/libnet.so
7f278cf26000-7f278cf2b000 r-xp 00000000 08:07 8003811                    /usr/lib/x86_64-linux-gnu/libXdmcp.so.6.0.0
7f278cf2b000-7f278d12a000 ---p 00005000 08:07 8003811                    /usr/lib/x86_64-linux-gnu/libXdmcp.so.6.0.0
7f278d12a000-7f278d12b000 r--p 00004000 08:07 8003811                    /usr/lib/x86_64-linux-gnu/libXdmcp.so.6.0.0
7f278d12b000-7f278d12c000 rw-p 00005000 08:07 8003811                    /usr/lib/x86_64-linux-gnu/libXdmcp.so.6.0.0
7f278d12c000-7f278d12e000 r-xp 00000000 08:07 8003800                    /usr/lib/x86_64-linux-gnu/libXau.so.6.0.0
7f278d12e000-7f278d32e000 ---p 00002000 08:07 8003800                    /usr/lib/x86_64-linux-gnu/libXau.so.6.0.0
7f278d32e000-7f278d32f000 r--p 00002000 08:07 8003800                    /usr/lib/x86_64-linux-gnu/libXau.so.6.0.0
7f278d32f000-7f278d330000 rw-p 00003000 08:07 8003800                    /usr/lib/x86_64-linux-gnu/libXau.so.6.0.0
7f278d330000-7f278d351000 r-xp 00000000 08:07 8005218                    /usr/lib/x86_64-linux-gnu/libxcb.so.1.1.0
7f278d351000-7f278d550000 ---p 00021000 08:07 8005218                    /usr/lib/x86_64-linux-gnu/libxcb.so.1.1.0
7f278d550000-7f278d551000 r--p 00020000 08:07 8005218                    /usr/lib/x86_64-linux-gnu/libxcb.so.1.1.0
7f278d551000-7f278d552000 rw-p 00021000 08:07 8005218                    /usr/lib/x86_64-linux-gnu/libxcb.so.1.1.0
7f278d552000-7f278d561000 r-xp 00000000 08:07 8003823                    /usr/lib/x86_64-linux-gnu/libXi.so.6.1.0
7f278d561000-7f278d760000 ---p 0000f000 08:07 8003823                    /usr/lib/x86_64-linux-gnu/libXi.so.6.1.0
7f278d760000-7f278d761000 r--p 0000e000 08:07 8003823                    /usr/lib/x86_64-linux-gnu/libXi.so.6.1.0
7f278d761000-7f278d762000 rw-p 0000f000 08:07 8003823                    /usr/lib/x86_64-linux-gnu/libXi.so.6.1.0
7f278d762000-7f278d767000 r-xp 00000000 08:07 8003841                    /usr/lib/x86_64-linux-gnu/libXtst.so.6.1.0
7f278d767000-7f278d966000 ---p 00005000 08:07 8003841                    /usr/lib/x86_64-linux-gnu/libXtst.so.6.1.0
7f278d966000-7f278d967000 r--p 00004000 08:07 8003841                    /usr/lib/x86_64-linux-gnu/libXtst.so.6.1.0
7f278d967000-7f278d968000 rw-p 00005000 08:07 8003841                    /usr/lib/x86_64-linux-gnu/libXtst.so.6.1.0
7f278d968000-7f278d971000 r-xp 00000000 08:07 8003835                    /usr/lib/x86_64-linux-gnu/libXrender.so.1.3.0
7f278d971000-7f278db70000 ---p 00009000 08:07 8003835                    /usr/lib/x86_64-linux-gnu/libXrender.so.1.3.0
7f278db70000-7f278db71000 r--p 00008000 08:07 8003835                    /usr/lib/x86_64-linux-gnu/libXrender.so.1.3.0
7f278db71000-7f278db72000 rw-p 00009000 08:07 8003835                    /usr/lib/x86_64-linux-gnu/libXrender.so.1.3.0
7f278db72000-7f278dca7000 r-xp 00000000 08:07 8003796                    /usr/lib/x86_64-linux-gnu/libX11.so.6.3.0
7f278dca7000-7f278dea7000 ---p 00135000 08:07 8003796                    /usr/lib/x86_64-linux-gnu/libX11.so.6.3.0
7f278dea7000-7f278dea8000 r--p 00135000 08:07 8003796                    /usr/lib/x86_64-linux-gnu/libX11.so.6.3.0
7f278dea8000-7f278deac000 rw-p 00136000 08:07 8003796                    /usr/lib/x86_64-linux-gnu/libX11.so.6.3.0
7f278deac000-7f278debd000 r-xp 00000000 08:07 8003813                    /usr/lib/x86_64-linux-gnu/libXext.so.6.4.0
7f278debd000-7f278e0bc000 ---p 00011000 08:07 8003813                    /usr/lib/x86_64-linux-gnu/libXext.so.6.4.0
7f278e0bc000-7f278e0bd000 r--p 00010000 08:07 8003813                    /usr/lib/x86_64-linux-gnu/libXext.so.6.4.0
7f278e0bd000-7f278e0be000 rw-p 00011000 08:07 8003813                    /usr/lib/x86_64-linux-gnu/libXext.so.6.4.0
7f278e0e6000-7f278e13b000 r-xp 00000000 08:07 1520                       /usr/lib/jvm/java-8-openjdk-amd64/jre/lib/amd64/libawt_xawt.so
7f278e13b000-7f278e33a000 ---p 00055000 08:07 1520                       /usr/lib/jvm/java-8-openjdk-amd64/jre/lib/amd64/libawt_xawt.so
7f278e33a000-7f278e33b000 r--p 00054000 08:07 1520                       /usr/lib/jvm/java-8-openjdk-amd64/jre/lib/amd64/libawt_xawt.so
7f278e33b000-7f278e33e000 rw-p 00055000 08:07 1520                       /usr/lib/jvm/java-8-openjdk-amd64/jre/lib/amd64/libawt_xawt.so
7f278e33e000-7f278e33f000 rw-p 00000000 00:00 0 
7f278e33f000-7f278e3df000 r-xp 00000000 08:07 1541                       /usr/lib/jvm/java-8-openjdk-amd64/jre/lib/amd64/libawt.so
7f278e3df000-7f278e5df000 ---p 000a0000 08:07 1541                       /usr/lib/jvm/java-8-openjdk-amd64/jre/lib/amd64/libawt.so
7f278e5df000-7f278e5e0000 r--p 000a0000 08:07 1541                       /usr/lib/jvm/java-8-openjdk-amd64/jre/lib/amd64/libawt.so
7f278e5e0000-7f278e5eb000 rw-p 000a1000 08:07 1541                       /usr/lib/jvm/java-8-openjdk-amd64/jre/lib/amd64/libawt.so
7f278e5eb000-7f2796980000 rw-p 00000000 00:00 0 
7f2796980000-7f2798000000 r--s 00000000 00:18 5                          /dev/shm/3867_045e.02ae@3.9_Image
7f2798000000-7f2798029000 rw-p 00000000 00:00 0 
7f2798029000-7f279c000000 ---p 00000000 00:00 0 
7f279c00e000-7f279caed000 rw-p 00000000 00:00 0 
7f279caed000-7f279d1f5000 r--s 00000000 00:18 4                          /dev/shm/3867_045e.02ae@3.9_Depth
7f279d1f5000-7f279d1f6000 ---p 00000000 00:00 0 
7f279d1f6000-7f279d9f6000 rwxp 00000000 00:00 0 
7f279d9f6000-7f279ddf7000 rw-p 00000000 00:00 0 
7f279ddf7000-7f279ddf8000 ---p 00000000 00:00 0 
7f279ddf8000-7f279e5f8000 rwxp 00000000 00:00 0 
7f279e5f8000-7f279e6e1000 r-xp 00000000 08:07 8013492                    /usr/lib/libXnVHandGenerator_1_5_2.so
7f279e6e1000-7f279e8e1000 ---p 000e9000 08:07 8013492                    /usr/lib/libXnVHandGenerator_1_5_2.so
7f279e8e1000-7f279e8e6000 r--p 000e9000 08:07 8013492                    /usr/lib/libXnVHandGenerator_1_5_2.so
7f279e8e6000-7f279e8e7000 rw-p 000ee000 08:07 8013492                    /usr/lib/libXnVHandGenerator_1_5_2.so
7f279e8e7000-7f279e8f5000 rw-p 00000000 00:00 0 
7f279e8f5000-7f279e9cd000 r-xp 00000000 08:07 8013491                    /usr/lib/libXnVHandGenerator_1_4_2.so
7f279e9cd000-7f279ebcc000 ---p 000d8000 08:07 8013491                    /usr/lib/libXnVHandGenerator_1_4_2.so
7f279ebcc000-7f279ebd1000 r--p 000d7000 08:07 8013491                    /usr/lib/libXnVHandGenerator_1_4_2.so
7f279ebd1000-7f279ebd2000 rw-p 000dc000 08:07 8013491                    /usr/lib/libXnVHandGenerator_1_4_2.so
7f279ebd2000-7f279ebd5000 rw-p 00000000 00:00 0 
7f279ebd5000-7f279ecad000 r-xp 00000000 08:07 8013490                    /usr/lib/libXnVHandGenerator_1_4_1.so
7f279ecad000-7f279eeac000 ---p 000d8000 08:07 8013490                    /usr/lib/libXnVHandGenerator_1_4_1.so
7f279eeac000-7f279eeb1000 r--p 000d7000 08:07 8013490                    /usr/lib/libXnVHandGenerator_1_4_1.so
7f279eeb1000-7f279eeb2000 rw-p 000dc000 08:07 8013490                    /usr/lib/libXnVHandGenerator_1_4_1.so
7f279eeb2000-7f279eeb5000 rw-p 00000000 00:00 0 
7f279eeb5000-7f279ef98000 r-xp 00000000 08:07 8013489                    /usr/lib/libXnVHandGenerator_1_3_1.so
7f279ef98000-7f279f198000 ---p 000e3000 08:07 8013489                    /usr/lib/libXnVHandGenerator_1_3_1.so
7f279f198000-7f279f19d000 r--p 000e3000 08:07 8013489                    /usr/lib/libXnVHandGenerator_1_3_1.so
7f279f19d000-7f279f19e000 rw-p 000e8000 08:07 8013489                    /usr/lib/libXnVHandGenerator_1_3_1.so
7f279f19e000-7f279f1a1000 rw-p 00000000 00:00 0 
7f279f1a1000-7f279f5d2000 r-xp 00000000 08:07 8013486                    /usr/lib/libXnVFeatures_1_5_2.so
7f279f5d2000-7f279f7d1000 ---p 00431000 08:07 8013486                    /usr/lib/libXnVFeatures_1_5_2.so
7f279f7d1000-7f279f7e2000 r--p 00430000 08:07 8013486                    /usr/lib/libXnVFeatures_1_5_2.so
7f279f7e2000-7f279f7e4000 rw-p 00441000 08:07 8013486                    /usr/lib/libXnVFeatures_1_5_2.so
7f279f7e4000-7f279f7fa000 rw-p 00000000 00:00 0 
7f279f7fa000-7f279f9f1000 r-xp 00000000 08:07 8013485                    /usr/lib/libXnVFeatures_1_4_2.so
7f279f9f1000-7f279fbf0000 ---p 001f7000 08:07 8013485                    /usr/lib/libXnVFeatures_1_4_2.so
7f279fbf0000-7f279fbf6000 r--p 001f6000 08:07 8013485                    /usr/lib/libXnVFeatures_1_4_2.so
7f279fbf6000-7f279fbf7000 rw-p 001fc000 08:07 8013485                    /usr/lib/libXnVFeatures_1_4_2.so
7f279fbf7000-7f279fbfd000 rw-p 00000000 00:00 0 
7f279fbfd000-7f279fdf4000 r-xp 00000000 08:07 8013484                    /usr/lib/libXnVFeatures_1_4_1.so
7f279fdf4000-7f279fff3000 ---p 001f7000 08:07 8013484                    /usr/lib/libXnVFeatures_1_4_1.so
7f279fff3000-7f279fff9000 r--p 001f6000 08:07 8013484                    /usr/lib/libXnVFeatures_1_4_1.so
7f279fff9000-7f279fffa000 rw-p 001fc000 08:07 8013484                    /usr/lib/libXnVFeatures_1_4_1.so
7f279fffa000-7f27a0000000 rw-p 00000000 00:00 0 
7f27a0000000-7f27a0021000 rw-p 00000000 00:00 0 
7f27a0021000-7f27a4000000 ---p 00000000 00:00 0 
7f27a4000000-7f27a4021000 rw-p 00000000 00:00 0 
7f27a4021000-7f27a8000000 ---p 00000000 00:00 0 
7f27a8000000-7f27a80dd000 rw-p 00000000 00:00 0 
7f27a80dd000-7f27ac000000 ---p 00000000 00:00 0 
7f27ac000000-7f27ac245000 rw-p 00000000 00:00 0 
7f27ac245000-7f27b0000000 ---p 00000000 00:00 0 
7f27b0000000-7f27b0021000 rw-p 00000000 00:00 0 
7f27b0021000-7f27b4000000 ---p 00000000 00:00 0 
7f27b4000000-7f27b4078000 rw-p 00000000 00:00 0 
7f27b4078000-7f27b8000000 ---p 00000000 00:00 0 
7f27b8000000-7f27b8021000 rw-p 00000000 00:00 0 
7f27b8021000-7f27bc000000 ---p 00000000 00:00 0 
7f27bc000000-7f27bc021000 rw-p 00000000 00:00 0 
7f27bc021000-7f27c0000000 ---p 00000000 00:00 0 
7f27c0000000-7f27c0021000 rw-p 00000000 00:00 0 
7f27c0021000-7f27c4000000 ---p 00000000 00:00 0 
7f27c4000000-7f27c4021000 rw-p 00000000 00:00 0 
7f27c4021000-7f27c8000000 ---p 00000000 00:00 0 
7f27c8000000-7f27c8021000 rw-p 00000000 00:00 0 
7f27c8021000-7f27cc000000 ---p 00000000 00:00 0 
7f27cc000000-7f27cc021000 rw-p 00000000 00:00 0 
7f27cc021000-7f27d0000000 ---p 00000000 00:00 0 
7f27d0000000-7f27d0021000 rw-p 00000000 00:00 0 
7f27d0021000-7f27d4000000 ---p 00000000 00:00 0 
7f27d401b000-7f27d416a000 rw-p 00000000 00:00 0 
7f27d416a000-7f27d4171000 r--s 00000000 08:07 132258                     /usr/lib/x86_64-linux-gnu/gconv/gconv-modules.cache
7f27d4171000-7f27d43b6000 r-xp 00000000 08:07 8013483                    /usr/lib/libXnVFeatures_1_3_1.so
7f27d43b6000-7f27d45b6000 ---p 00245000 08:07 8013483                    /usr/lib/libXnVFeatures_1_3_1.so
7f27d45b6000-7f27d45bc000 r--p 00245000 08:07 8013483                    /usr/lib/libXnVFeatures_1_3_1.so
7f27d45bc000-7f27d45bd000 rw-p 0024b000 08:07 8013483                    /usr/lib/libXnVFeatures_1_3_1.so
7f27d45bd000-7f27d45c4000 rw-p 00000000 00:00 0 
7f27d45c4000-7f27d45ed000 r-xp 00000000 08:07 8005766                    /usr/lib/libXnDeviceFile.so
7f27d45ed000-7f27d47ec000 ---p 00029000 08:07 8005766                    /usr/lib/libXnDeviceFile.so
7f27d47ec000-7f27d47ee000 r--p 00028000 08:07 8005766                    /usr/lib/libXnDeviceFile.so
7f27d47ee000-7f27d47ef000 rw-p 0002a000 08:07 8005766                    /usr/lib/libXnDeviceFile.so
7f27d47ef000-7f27d4836000 r-xp 00000000 08:07 8005765                    /usr/lib/libXnDDK.so
7f27d4836000-7f27d4a35000 ---p 00047000 08:07 8005765                    /usr/lib/libXnDDK.so
7f27d4a35000-7f27d4a38000 r--p 00046000 08:07 8005765                    /usr/lib/libXnDDK.so
7f27d4a38000-7f27d4a3a000 rw-p 00049000 08:07 8005765                    /usr/lib/libXnDDK.so
7f27d4a3a000-7f27d4a5e000 r-xp 00000000 08:07 8005768                    /usr/lib/libXnFormats.so
7f27d4a5e000-7f27d4c5e000 ---p 00024000 08:07 8005768                    /usr/lib/libXnFormats.so
7f27d4c5e000-7f27d4c5f000 r--p 00024000 08:07 8005768                    /usr/lib/libXnFormats.so
7f27d4c5f000-7f27d4c60000 rw-p 00025000 08:07 8005768                    /usr/lib/libXnFormats.so
7f27d4c60000-7f27d4c80000 rw-p 00000000 00:00 0 
7f27d4c80000-7f27d4c83000 r-xp 00000000 08:07 8005764                    /usr/lib/libXnCore.so
7f27d4c83000-7f27d4e82000 ---p 00003000 08:07 8005764                    /usr/lib/libXnCore.so
7f27d4e82000-7f27d4e83000 r--p 00002000 08:07 8005764                    /usr/lib/libXnCore.so
7f27d4e83000-7f27d4e84000 rw-p 00003000 08:07 8005764                    /usr/lib/libXnCore.so
7f27d4e84000-7f27d4f0b000 r-xp 00000000 08:07 8005767                    /usr/lib/libXnDeviceSensorV2KM.so
7f27d4f0b000-7f27d510a000 ---p 00087000 08:07 8005767                    /usr/lib/libXnDeviceSensorV2KM.so
7f27d510a000-7f27d5117000 r--p 00086000 08:07 8005767                    /usr/lib/libXnDeviceSensorV2KM.so
7f27d5117000-7f27d5118000 rw-p 00093000 08:07 8005767                    /usr/lib/libXnDeviceSensorV2KM.so
7f27d5118000-7f27d5139000 r-xp 00000000 08:07 8005691                    /usr/lib/libnimRecorder.so
7f27d5139000-7f27d5339000 ---p 00021000 08:07 8005691                    /usr/lib/libnimRecorder.so
7f27d5339000-7f27d533a000 r--p 00021000 08:07 8005691                    /usr/lib/libnimRecorder.so
7f27d533a000-7f27d533b000 rw-p 00022000 08:07 8005691                    /usr/lib/libnimRecorder.so
7f27d533b000-7f27d5372000 r-xp 00000000 08:07 8005689                    /usr/lib/libnimCodecs.so
7f27d5372000-7f27d5571000 ---p 00037000 08:07 8005689                    /usr/lib/libnimCodecs.so
7f27d5571000-7f27d5574000 r--p 00036000 08:07 8005689                    /usr/lib/libnimCodecs.so
7f27d5574000-7f27d5575000 rw-p 00039000 08:07 8005689                    /usr/lib/libnimCodecs.so
7f27d5575000-7f27d5595000 rw-p 00000000 00:00 0 
7f27d5595000-7f27d55cc000 r-xp 00000000 08:07 8005690                    /usr/lib/libnimMockNodes.so
7f27d55cc000-7f27d57cb000 ---p 00037000 08:07 8005690                    /usr/lib/libnimMockNodes.so
7f27d57cb000-7f27d57d5000 r--p 00036000 08:07 8005690                    /usr/lib/libnimMockNodes.so
7f27d57d5000-7f27d57d6000 rw-p 00040000 08:07 8005690                    /usr/lib/libnimMockNodes.so
7f27d57d6000-7f27d57f4000 r-xp 00000000 08:07 1443019                    /lib/x86_64-linux-gnu/libudev.so.1.6.4
7f27d57f4000-7f27d57f5000 r--p 0001d000 08:07 1443019                    /lib/x86_64-linux-gnu/libudev.so.1.6.4
7f27d57f5000-7f27d57f6000 rw-p 0001e000 08:07 1443019                    /lib/x86_64-linux-gnu/libudev.so.1.6.4
7f27d57f6000-7f27d580d000 r-xp 00000000 08:07 1446710                    /lib/x86_64-linux-gnu/libusb-1.0.so.0.1.0
7f27d580d000-7f27d5a0c000 ---p 00017000 08:07 1446710                    /lib/x86_64-linux-gnu/libusb-1.0.so.0.1.0
7f27d5a0c000-7f27d5a0d000 r--p 00016000 08:07 1446710                    /lib/x86_64-linux-gnu/libusb-1.0.so.0.1.0
7f27d5a0d000-7f27d5a0e000 rw-p 00017000 08:07 1446710                    /lib/x86_64-linux-gnu/libusb-1.0.so.0.1.0
7f27d5a0e000-7f27d5a90000 r-xp 00000000 08:07 8005693                    /usr/lib/libOpenNI.so
7f27d5a90000-7f27d5c8f000 ---p 00082000 08:07 8005693                    /usr/lib/libOpenNI.so
7f27d5c8f000-7f27d5c91000 r--p 00081000 08:07 8005693                    /usr/lib/libOpenNI.so
7f27d5c91000-7f27d5c94000 rw-p 00083000 08:07 8005693                    /usr/lib/libOpenNI.so
7f27d5c94000-7f27d5c95000 rw-p 00000000 00:00 0 
7f27d5c98000-7f27d5c99000 rw-s 00000000 00:18 7                          /dev/shm/045e.02ae@3.9-SM
7f27d5c99000-7f27d5c9b000 r--s 00005000 08:07 6701537                    /home/giovanni/.m2/repository/com/illposed/osc/javaosc-core/0.3/javaosc-core-0.3.jar
7f27d5c9b000-7f27d5cbd000 r--p 00000000 08:07 930814                     /usr/share/locale-langpack/it/LC_MESSAGES/libc.mo
7f27d5cbd000-7f27d5ce1000 r-xp 00000000 08:07 8005692                    /usr/lib/libOpenNI.jni.so
7f27d5ce1000-7f27d5ee1000 ---p 00024000 08:07 8005692                    /usr/lib/libOpenNI.jni.so
7f27d5ee1000-7f27d5ee2000 r--p 00024000 08:07 8005692                    /usr/lib/libOpenNI.jni.so
7f27d5ee2000-7f27d5ee5000 rw-p 00025000 08:07 8005692                    /usr/lib/libOpenNI.jni.so
7f27d5ee5000-7f27d5ee9000 r--s 0001c000 08:07 6819169                    /home/giovanni/workspace/au4h/src/lib/org.openni.jar
7f27d5ee9000-7f27d5eee000 r--s 002f9000 08:07 1499                       /usr/lib/jvm/java-8-openjdk-amd64/jre/lib/charsets.jar
7f27d5eee000-7f27d5ef1000 r--s 00015000 08:07 1546                       /usr/lib/jvm/java-8-openjdk-amd64/jre/lib/jce.jar
7f27d5ef1000-7f27d5ef6000 r--s 0009d000 08:07 1504                       /usr/lib/jvm/java-8-openjdk-amd64/jre/lib/jsse.jar
7f27d5ef6000-7f27d5f09000 r--s 00346000 08:07 1544                       /usr/lib/jvm/java-8-openjdk-amd64/jre/lib/resources.jar
7f27d5f09000-7f27d5f24000 r--s 001d6000 08:07 1487                       /usr/lib/jvm/java-8-openjdk-amd64/jre/lib/ext/nashorn.jar
7f27d5f24000-7f27d5f3f000 r--s 00394000 08:07 1485                       /usr/lib/jvm/java-8-openjdk-amd64/jre/lib/ext/cldrdata.jar
7f27d5f3f000-7f27d5fd5000 r--s 008d7000 08:07 2098535                    /usr/share/java/openjfx/jre/lib/ext/jfxrt.jar
7f27d5fd5000-7f27d5fd6000 ---p 00000000 00:00 0 
7f27d5fd6000-7f27d61d7000 rwxp 00000000 00:00 0 
7f27d61d7000-7f27d61d8000 ---p 00000000 00:00 0 
7f27d61d8000-7f27d62d8000 rwxp 00000000 00:00 0 
7f27d62d8000-7f27d62d9000 ---p 00000000 00:00 0 
7f27d62d9000-7f27d63d9000 rwxp 00000000 00:00 0 
7f27d63d9000-7f27d63da000 ---p 00000000 00:00 0 
7f27d63da000-7f27d65db000 rwxp 00000000 00:00 0 
7f27d65db000-7f27d68b5000 r--p 00000000 08:07 8004325                    /usr/lib/locale/locale-archive
7f27d68b5000-7f27d6ab7000 rwxp 00000000 00:00 0 
7f27d6ab7000-7f27d6ab8000 ---p 00000000 00:00 0 
7f27d6ab8000-7f27d6bb8000 rwxp 00000000 00:00 0 
7f27d6bb8000-7f27d7b6c000 rw-p 00000000 00:00 0 
7f27d7b6c000-7f27d7d3a000 r--s 03c2c000 08:07 1503                       /usr/lib/jvm/java-8-openjdk-amd64/jre/lib/rt.jar
7f27d7d3a000-7f27db5f7000 rw-p 00000000 00:00 0 
7f27db5f7000-7f27db5f8000 ---p 00000000 00:00 0 
7f27db5f8000-7f27db6f8000 rwxp 00000000 00:00 0 
7f27db6f8000-7f27db6f9000 ---p 00000000 00:00 0 
7f27db6f9000-7f27db7f9000 rwxp 00000000 00:00 0 
7f27db7f9000-7f27db7fa000 ---p 00000000 00:00 0 
7f27db7fa000-7f27db8fa000 rwxp 00000000 00:00 0 
7f27db8fa000-7f27db919000 rw-p 00000000 00:00 0 
7f27db919000-7f27dbadf000 ---p 00000000 00:00 0 
7f27dbadf000-7f27dbafe000 rw-p 00000000 00:00 0 
7f27dbafe000-7f27dbcc3000 ---p 00000000 00:00 0 
7f27dbcc3000-7f27dbcd3000 rw-p 00000000 00:00 0 
7f27dbcd3000-7f27dbdb6000 ---p 00000000 00:00 0 
7f27dbdb6000-7f27dbdc1000 rw-p 00000000 00:00 0 
7f27dbdc1000-7f27dc177000 ---p 00000000 00:00 0 
7f27dc177000-7f27dc3e7000 rwxp 00000000 00:00 0 
7f27dc3e7000-7f27eb177000 ---p 00000000 00:00 0 
7f27eb177000-7f27eb17f000 r-xp 00000000 08:07 1516                       /usr/lib/jvm/java-8-openjdk-amd64/jre/lib/amd64/libzip.so
7f27eb17f000-7f27eb37e000 ---p 00008000 08:07 1516                       /usr/lib/jvm/java-8-openjdk-amd64/jre/lib/amd64/libzip.so
7f27eb37e000-7f27eb37f000 r--p 00007000 08:07 1516                       /usr/lib/jvm/java-8-openjdk-amd64/jre/lib/amd64/libzip.so
7f27eb37f000-7f27eb380000 rw-p 00008000 08:07 1516                       /usr/lib/jvm/java-8-openjdk-amd64/jre/lib/amd64/libzip.so
7f27eb380000-7f27eb38b000 r-xp 00000000 08:07 1446413                    /lib/x86_64-linux-gnu/libnss_files-2.23.so
7f27eb38b000-7f27eb58a000 ---p 0000b000 08:07 1446413                    /lib/x86_64-linux-gnu/libnss_files-2.23.so
7f27eb58a000-7f27eb58b000 r--p 0000a000 08:07 1446413                    /lib/x86_64-linux-gnu/libnss_files-2.23.so
7f27eb58b000-7f27eb58c000 rw-p 0000b000 08:07 1446413                    /lib/x86_64-linux-gnu/libnss_files-2.23.so
7f27eb58c000-7f27eb592000 rw-p 00000000 00:00 0 
7f27eb592000-7f27eb59d000 r-xp 00000000 08:07 1446548                    /lib/x86_64-linux-gnu/libnss_nis-2.23.so
7f27eb59d000-7f27eb79c000 ---p 0000b000 08:07 1446548                    /lib/x86_64-linux-gnu/libnss_nis-2.23.so
7f27eb79c000-7f27eb79d000 r--p 0000a000 08:07 1446548                    /lib/x86_64-linux-gnu/libnss_nis-2.23.so
7f27eb79d000-7f27eb79e000 rw-p 0000b000 08:07 1446548                    /lib/x86_64-linux-gnu/libnss_nis-2.23.so
7f27eb79e000-7f27eb7b4000 r-xp 00000000 08:07 1441886                    /lib/x86_64-linux-gnu/libnsl-2.23.so
7f27eb7b4000-7f27eb9b3000 ---p 00016000 08:07 1441886                    /lib/x86_64-linux-gnu/libnsl-2.23.so
7f27eb9b3000-7f27eb9b4000 r--p 00015000 08:07 1441886                    /lib/x86_64-linux-gnu/libnsl-2.23.so
7f27eb9b4000-7f27eb9b5000 rw-p 00016000 08:07 1441886                    /lib/x86_64-linux-gnu/libnsl-2.23.so
7f27eb9b5000-7f27eb9b7000 rw-p 00000000 00:00 0 
7f27eb9b7000-7f27eb9bf000 r-xp 00000000 08:07 1443325                    /lib/x86_64-linux-gnu/libnss_compat-2.23.so
7f27eb9bf000-7f27ebbbe000 ---p 00008000 08:07 1443325                    /lib/x86_64-linux-gnu/libnss_compat-2.23.so
7f27ebbbe000-7f27ebbbf000 r--p 00007000 08:07 1443325                    /lib/x86_64-linux-gnu/libnss_compat-2.23.so
7f27ebbbf000-7f27ebbc0000 rw-p 00008000 08:07 1443325                    /lib/x86_64-linux-gnu/libnss_compat-2.23.so
7f27ebbc0000-7f27ebbed000 r-xp 00000000 08:07 1519                       /usr/lib/jvm/java-8-openjdk-amd64/jre/lib/amd64/libjava.so
7f27ebbed000-7f27ebdec000 ---p 0002d000 08:07 1519                       /usr/lib/jvm/java-8-openjdk-amd64/jre/lib/amd64/libjava.so
7f27ebdec000-7f27ebded000 r--p 0002c000 08:07 1519                       /usr/lib/jvm/java-8-openjdk-amd64/jre/lib/amd64/libjava.so
7f27ebded000-7f27ebdef000 rw-p 0002d000 08:07 1519                       /usr/lib/jvm/java-8-openjdk-amd64/jre/lib/amd64/libjava.so
7f27ebdef000-7f27ebdfe000 r-xp 00000000 08:07 1528                       /usr/lib/jvm/java-8-openjdk-amd64/jre/lib/amd64/libverify.so
7f27ebdfe000-7f27ebffd000 ---p 0000f000 08:07 1528                       /usr/lib/jvm/java-8-openjdk-amd64/jre/lib/amd64/libverify.so
7f27ebffd000-7f27ebfff000 r--p 0000e000 08:07 1528                       /usr/lib/jvm/java-8-openjdk-amd64/jre/lib/amd64/libverify.so
7f27ebfff000-7f27ec000000 rw-p 00010000 08:07 1528                       /usr/lib/jvm/java-8-openjdk-amd64/jre/lib/amd64/libverify.so
7f27ec000000-7f27f0000000 rw-p 00000000 00:00 0 
7f27f0000000-7f27f0001000 r--s 0000a000 08:07 1482                       /usr/lib/jvm/java-8-openjdk-amd64/jre/lib/ext/jaccess.jar
7f27f0001000-7f27f0004000 r--s 00038000 08:07 1478                       /usr/lib/jvm/java-8-openjdk-amd64/jre/lib/ext/sunpkcs11.jar
7f27f0004000-7f27f0006000 r--s 00001000 08:07 1484                       /usr/lib/jvm/java-8-openjdk-amd64/jre/lib/ext/dnsns.jar
7f27f0006000-7f27f000b000 r--s 0003b000 08:07 1481                       /usr/lib/jvm/java-8-openjdk-amd64/jre/lib/ext/sunjce_provider.jar
7f27f000b000-7f27f000d000 r--s 00008000 08:07 1483                       /usr/lib/jvm/java-8-openjdk-amd64/jre/lib/ext/sunec.jar
7f27f000d000-7f27f0010000 r--s 0000f000 08:07 1480                       /usr/lib/jvm/java-8-openjdk-amd64/jre/lib/ext/icedtea-sound.jar
7f27f0010000-7f27f001a000 r--s 00116000 08:07 1479                       /usr/lib/jvm/java-8-openjdk-amd64/jre/lib/ext/localedata.jar
7f27f001a000-7f27f001b000 ---p 00000000 00:00 0 
7f27f001b000-7f27f011b000 rwxp 00000000 00:00 0 
7f27f011b000-7f27f0122000 r-xp 00000000 08:07 1446549                    /lib/x86_64-linux-gnu/librt-2.23.so
7f27f0122000-7f27f0321000 ---p 00007000 08:07 1446549                    /lib/x86_64-linux-gnu/librt-2.23.so
7f27f0321000-7f27f0322000 r--p 00006000 08:07 1446549                    /lib/x86_64-linux-gnu/librt-2.23.so
7f27f0322000-7f27f0323000 rw-p 00007000 08:07 1446549                    /lib/x86_64-linux-gnu/librt-2.23.so
7f27f0323000-7f27f0339000 r-xp 00000000 08:07 1446568                    /lib/x86_64-linux-gnu/libgcc_s.so.1
7f27f0339000-7f27f0538000 ---p 00016000 08:07 1446568                    /lib/x86_64-linux-gnu/libgcc_s.so.1
7f27f0538000-7f27f0539000 rw-p 00015000 08:07 1446568                    /lib/x86_64-linux-gnu/libgcc_s.so.1
7f27f0539000-7f27f0641000 r-xp 00000000 08:07 1441885                    /lib/x86_64-linux-gnu/libm-2.23.so
7f27f0641000-7f27f0840000 ---p 00108000 08:07 1441885                    /lib/x86_64-linux-gnu/libm-2.23.so
7f27f0840000-7f27f0841000 r--p 00107000 08:07 1441885                    /lib/x86_64-linux-gnu/libm-2.23.so
7f27f0841000-7f27f0842000 rw-p 00108000 08:07 1441885                    /lib/x86_64-linux-gnu/libm-2.23.so
7f27f0842000-7f27f09b4000 r-xp 00000000 08:07 7995795                    /usr/lib/x86_64-linux-gnu/libstdc++.so.6.0.21
7f27f09b4000-7f27f0bb4000 ---p 00172000 08:07 7995795                    /usr/lib/x86_64-linux-gnu/libstdc++.so.6.0.21
7f27f0bb4000-7f27f0bbe000 r--p 00172000 08:07 7995795                    /usr/lib/x86_64-linux-gnu/libstdc++.so.6.0.21
7f27f0bbe000-7f27f0bc0000 rw-p 0017c000 08:07 7995795                    /usr/lib/x86_64-linux-gnu/libstdc++.so.6.0.21
7f27f0bc0000-7f27f0bc4000 rw-p 00000000 00:00 0 
7f27f0bc4000-7f27f181c000 r-xp 00000000 08:07 1514                       /usr/lib/jvm/java-8-openjdk-amd64/jre/lib/amd64/server/libjvm.so
7f27f181c000-7f27f1a1c000 ---p 00c58000 08:07 1514                       /usr/lib/jvm/java-8-openjdk-amd64/jre/lib/amd64/server/libjvm.so
7f27f1a1c000-7f27f1aaf000 r--p 00c58000 08:07 1514                       /usr/lib/jvm/java-8-openjdk-amd64/jre/lib/amd64/server/libjvm.so
7f27f1aaf000-7f27f1ad8000 rw-p 00ceb000 08:07 1514                       /usr/lib/jvm/java-8-openjdk-amd64/jre/lib/amd64/server/libjvm.so
7f27f1ad8000-7f27f1b08000 rw-p 00000000 00:00 0 
7f27f1b08000-7f27f1b20000 r-xp 00000000 08:07 1441888                    /lib/x86_64-linux-gnu/libpthread-2.23.so
7f27f1b20000-7f27f1d1f000 ---p 00018000 08:07 1441888                    /lib/x86_64-linux-gnu/libpthread-2.23.so
7f27f1d1f000-7f27f1d20000 r--p 00017000 08:07 1441888                    /lib/x86_64-linux-gnu/libpthread-2.23.so
7f27f1d20000-7f27f1d21000 rw-p 00018000 08:07 1441888                    /lib/x86_64-linux-gnu/libpthread-2.23.so
7f27f1d21000-7f27f1d25000 rw-p 00000000 00:00 0 
7f27f1d25000-7f27f1d28000 r-xp 00000000 08:07 1443317                    /lib/x86_64-linux-gnu/libdl-2.23.so
7f27f1d28000-7f27f1f27000 ---p 00003000 08:07 1443317                    /lib/x86_64-linux-gnu/libdl-2.23.so
7f27f1f27000-7f27f1f28000 r--p 00002000 08:07 1443317                    /lib/x86_64-linux-gnu/libdl-2.23.so
7f27f1f28000-7f27f1f29000 rw-p 00003000 08:07 1443317                    /lib/x86_64-linux-gnu/libdl-2.23.so
7f27f1f29000-7f27f1f42000 r-xp 00000000 08:07 1446721                    /lib/x86_64-linux-gnu/libz.so.1.2.8
7f27f1f42000-7f27f2141000 ---p 00019000 08:07 1446721                    /lib/x86_64-linux-gnu/libz.so.1.2.8
7f27f2141000-7f27f2142000 r--p 00018000 08:07 1446721                    /lib/x86_64-linux-gnu/libz.so.1.2.8
7f27f2142000-7f27f2143000 rw-p 00019000 08:07 1446721                    /lib/x86_64-linux-gnu/libz.so.1.2.8
7f27f2143000-7f27f2303000 r-xp 00000000 08:07 1441889                    /lib/x86_64-linux-gnu/libc-2.23.so
7f27f2303000-7f27f2503000 ---p 001c0000 08:07 1441889                    /lib/x86_64-linux-gnu/libc-2.23.so
7f27f2503000-7f27f2507000 r--p 001c0000 08:07 1441889                    /lib/x86_64-linux-gnu/libc-2.23.so
7f27f2507000-7f27f2509000 rw-p 001c4000 08:07 1441889                    /lib/x86_64-linux-gnu/libc-2.23.so
7f27f2509000-7f27f250d000 rw-p 00000000 00:00 0 
7f27f250d000-7f27f251a000 r-xp 00000000 08:07 1524                       /usr/lib/jvm/java-8-openjdk-amd64/jre/lib/amd64/jli/libjli.so
7f27f251a000-7f27f271a000 ---p 0000d000 08:07 1524                       /usr/lib/jvm/java-8-openjdk-amd64/jre/lib/amd64/jli/libjli.so
7f27f271a000-7f27f271b000 r--p 0000d000 08:07 1524                       /usr/lib/jvm/java-8-openjdk-amd64/jre/lib/amd64/jli/libjli.so
7f27f271b000-7f27f271c000 rw-p 0000e000 08:07 1524                       /usr/lib/jvm/java-8-openjdk-amd64/jre/lib/amd64/jli/libjli.so
7f27f271c000-7f27f2742000 r-xp 00000000 08:07 1441887                    /lib/x86_64-linux-gnu/ld-2.23.so
7f27f2742000-7f27f2813000 rw-p 00000000 00:00 0 
7f27f2813000-7f27f2814000 ---p 00000000 00:00 0 
7f27f2814000-7f27f2914000 rwxp 00000000 00:00 0 
7f27f2914000-7f27f2918000 rw-p 00000000 00:00 0 
7f27f2918000-7f27f2919000 r--s 00010000 08:07 1486                       /usr/lib/jvm/java-8-openjdk-amd64/jre/lib/ext/zipfs.jar
7f27f2919000-7f27f2936000 rw-p 00000000 00:00 0 
7f27f2936000-7f27f293e000 rw-s 00000000 08:07 3803967                    /tmp/hsperfdata_giovanni/3935
7f27f293e000-7f27f293f000 rw-p 00000000 00:00 0 
7f27f293f000-7f27f2940000 r--p 00000000 00:00 0 
7f27f2940000-7f27f2941000 rw-p 00000000 00:00 0 
7f27f2941000-7f27f2942000 r--p 00025000 08:07 1441887                    /lib/x86_64-linux-gnu/ld-2.23.so
7f27f2942000-7f27f2943000 rw-p 00026000 08:07 1441887                    /lib/x86_64-linux-gnu/ld-2.23.so
7f27f2943000-7f27f2944000 rw-p 00000000 00:00 0 
7ffcff899000-7ffcff8b9000 rwxp 00000000 00:00 0                          [stack]
7ffcff8b9000-7ffcff8ba000 rw-p 00000000 00:00 0 
7ffcff8ef000-7ffcff8f2000 r--p 00000000 00:00 0                          [vvar]
7ffcff8f2000-7ffcff8f4000 r-xp 00000000 00:00 0                          [vdso]
ffffffffff600000-ffffffffff601000 r-xp 00000000 00:00 0                  [vsyscall]

VM Arguments:
jvm_args: -Dfile.encoding=UTF-8 
java_command: it.univaq.au4h.App
java_class_path (initial): /usr/lib/jvm/java-8-openjdk-amd64/jre/lib/resources.jar:/usr/lib/jvm/java-8-openjdk-amd64/jre/lib/rt.jar:/usr/lib/jvm/java-8-openjdk-amd64/jre/lib/jsse.jar:/usr/lib/jvm/java-8-openjdk-amd64/jre/lib/jce.jar:/usr/lib/jvm/java-8-openjdk-amd64/jre/lib/charsets.jar:/usr/lib/jvm/java-8-openjdk-amd64/jre/lib/ext/localedata.jar:/usr/lib/jvm/java-8-openjdk-amd64/jre/lib/ext/icedtea-sound.jar:/usr/lib/jvm/java-8-openjdk-amd64/jre/lib/ext/sunec.jar:/usr/lib/jvm/java-8-openjdk-amd64/jre/lib/ext/zipfs.jar:/usr/lib/jvm/java-8-openjdk-amd64/jre/lib/ext/sunjce_provider.jar:/usr/lib/jvm/java-8-openjdk-amd64/jre/lib/ext/dnsns.jar:/usr/lib/jvm/java-8-openjdk-amd64/jre/lib/ext/jfxrt.jar:/usr/lib/jvm/java-8-openjdk-amd64/jre/lib/ext/sunpkcs11.jar:/usr/lib/jvm/java-8-openjdk-amd64/jre/lib/ext/cldrdata.jar:/usr/lib/jvm/java-8-openjdk-amd64/jre/lib/ext/jaccess.jar:/usr/lib/jvm/java-8-openjdk-amd64/jre/lib/ext/nashorn.jar:/home/giovanni/workspace/au4h/target/classes:/home/giovanni/workspace/au4h/src/lib/org.openni.jar:/home/giovanni/.m2/repository/com/illposed/osc/javaosc-core/0.3/javaosc-core-0.3.jar
Launcher Type: SUN_STANDARD

Environment Variables:
JAVA_HOME=/usr/lib/jvm/java-8-openjdk-amd64
PATH=/home/giovanni/bin:/home/giovanni/.local/bin:/opt/maven/bin:/usr/local/sbin:/usr/local/bin:/usr/sbin:/usr/bin:/sbin:/bin:/usr/games:/usr/local/games:/snap/bin
SHELL=/bin/bash
DISPLAY=:0

Signal Handlers:
SIGSEGV: [libjvm.so+0xa6dcc0], sa_mask[0]=11111111011111111101111111111110, sa_flags=SA_RESTART|SA_SIGINFO
SIGBUS: [libjvm.so+0xa6dcc0], sa_mask[0]=11111111011111111101111111111110, sa_flags=SA_RESTART|SA_SIGINFO
SIGFPE: [libjvm.so+0x8b5350], sa_mask[0]=11111111011111111101111111111110, sa_flags=SA_RESTART|SA_SIGINFO
SIGPIPE: [libjvm.so+0x8b5350], sa_mask[0]=11111111011111111101111111111110, sa_flags=SA_RESTART|SA_SIGINFO
SIGXFSZ: [libjvm.so+0x8b5350], sa_mask[0]=11111111011111111101111111111110, sa_flags=SA_RESTART|SA_SIGINFO
SIGILL: [libjvm.so+0x8b5350], sa_mask[0]=11111111011111111101111111111110, sa_flags=SA_RESTART|SA_SIGINFO
SIGUSR1: SIG_DFL, sa_mask[0]=00000000000000000000000000000000, sa_flags=none
SIGUSR2: [libjvm.so+0x8b5200], sa_mask[0]=00100000000000000000000000000000, sa_flags=SA_RESTART|SA_SIGINFO
SIGHUP: [libjvm.so+0x8b56d0], sa_mask[0]=11111111011111111101111111111110, sa_flags=SA_RESTART|SA_SIGINFO
SIGINT: [libjvm.so+0x8b56d0], sa_mask[0]=11111111011111111101111111111110, sa_flags=SA_RESTART|SA_SIGINFO
SIGTERM: [libjvm.so+0x8b56d0], sa_mask[0]=11111111011111111101111111111110, sa_flags=SA_RESTART|SA_SIGINFO
SIGQUIT: [libjvm.so+0x8b56d0], sa_mask[0]=11111111011111111101111111111110, sa_flags=SA_RESTART|SA_SIGINFO


---------------  S Y S T E M  ---------------

OS:DISTRIB_ID=Ubuntu
DISTRIB_RELEASE=16.04
DISTRIB_CODENAME=xenial
DISTRIB_DESCRIPTION="Ubuntu 16.04.4 LTS"

uname:Linux 4.13.0-38-generic #43~16.04.1-Ubuntu SMP Wed Mar 14 17:48:43 UTC 2018 x86_64
libc:glibc 2.23 NPTL 2.23 
rlimit: STACK 8192k, CORE 0k, NPROC 23054, NOFILE 1048576, AS infinity
load average:2,04 1,82 1,59

/proc/meminfo:
MemTotal:        5953868 kB
MemFree:         2717324 kB
MemAvailable:    3853756 kB
Buffers:          118148 kB
Cached:          1422432 kB
SwapCached:            0 kB
Active:          2175784 kB
Inactive:         854516 kB
Active(anon):    1494488 kB
Inactive(anon):   217352 kB
Active(file):     681296 kB
Inactive(file):   637164 kB
Unevictable:        2856 kB
Mlocked:            2856 kB
SwapTotal:       6137852 kB
SwapFree:        6137852 kB
Dirty:               188 kB
Writeback:             0 kB
AnonPages:       1492672 kB
Mapped:           298684 kB
Shmem:            221972 kB
Slab:             102356 kB
SReclaimable:      65668 kB
SUnreclaim:        36688 kB
KernelStack:        8304 kB
PageTables:        32384 kB
NFS_Unstable:          0 kB
Bounce:                0 kB
WritebackTmp:          0 kB
CommitLimit:     9114784 kB
Committed_AS:    4767044 kB
VmallocTotal:   34359738367 kB
VmallocUsed:           0 kB
VmallocChunk:          0 kB
HardwareCorrupted:     0 kB
AnonHugePages:         0 kB
ShmemHugePages:        0 kB
ShmemPmdMapped:        0 kB
CmaTotal:              0 kB
CmaFree:               0 kB
HugePages_Total:       0
HugePages_Free:        0
HugePages_Rsvd:        0
HugePages_Surp:        0
Hugepagesize:       2048 kB
DirectMap4k:      116992 kB
DirectMap2M:     6023168 kB


CPU:total 4 (initial active 4) (2 cores per cpu, 2 threads per core) family 6 model 42 stepping 7, cmov, cx8, fxsr, mmx, sse, sse2, sse3, ssse3, sse4.1, sse4.2, popcnt, avx, clmul, ht, tsc, tscinvbit

/proc/cpuinfo:
processor	: 0
vendor_id	: GenuineIntel
cpu family	: 6
model		: 42
model name	: Intel(R) Core(TM) i5-2410M CPU @ 2.30GHz
stepping	: 7
microcode	: 0x17
cpu MHz		: 2694.073
cache size	: 3072 KB
physical id	: 0
siblings	: 4
core id		: 0
cpu cores	: 2
apicid		: 0
initial apicid	: 0
fpu		: yes
fpu_exception	: yes
cpuid level	: 13
wp		: yes
flags		: fpu vme de pse tsc msr pae mce cx8 apic sep mtrr pge mca cmov pat pse36 clflush dts acpi mmx fxsr sse sse2 ss ht tm pbe syscall nx rdtscp lm constant_tsc arch_perfmon pebs bts rep_good nopl xtopology nonstop_tsc cpuid aperfmperf pni pclmulqdq dtes64 monitor ds_cpl vmx est tm2 ssse3 cx16 xtpr pdcm pcid sse4_1 sse4_2 x2apic popcnt tsc_deadline_timer xsave avx lahf_lm epb pti retpoline tpr_shadow vnmi flexpriority ept vpid xsaveopt dtherm ida arat pln pts
bugs		: cpu_meltdown spectre_v1 spectre_v2
bogomips	: 4589.90
clflush size	: 64
cache_alignment	: 64
address sizes	: 36 bits physical, 48 bits virtual
power management:

processor	: 1
vendor_id	: GenuineIntel
cpu family	: 6
model		: 42
model name	: Intel(R) Core(TM) i5-2410M CPU @ 2.30GHz
stepping	: 7
microcode	: 0x17
cpu MHz		: 2694.068
cache size	: 3072 KB
physical id	: 0
siblings	: 4
core id		: 0
cpu cores	: 2
apicid		: 1
initial apicid	: 1
fpu		: yes
fpu_exception	: yes
cpuid level	: 13
wp		: yes
flags		: fpu vme de pse tsc msr pae mce cx8 apic sep mtrr pge mca cmov pat pse36 clflush dts acpi mmx fxsr sse sse2 ss ht tm pbe syscall nx rdtscp lm constant_tsc arch_perfmon pebs bts rep_good nopl xtopology nonstop_tsc cpuid aperfmperf pni pclmulqdq dtes64 monitor ds_cpl vmx est tm2 ssse3 cx16 xtpr pdcm pcid sse4_1 sse4_2 x2apic popcnt tsc_deadline_timer xsave avx lahf_lm epb pti retpoline tpr_shadow vnmi flexpriority ept vpid xsaveopt dtherm ida arat pln pts
bugs		: cpu_meltdown spectre_v1 spectre_v2
bogomips	: 4589.90
clflush size	: 64
cache_alignment	: 64
address sizes	: 36 bits physical, 48 bits virtual
power management:

processor	: 2
vendor_id	: GenuineIntel
cpu family	: 6
model		: 42
model name	: Intel(R) Core(TM) i5-2410M CPU @ 2.30GHz
stepping	: 7
microcode	: 0x17
cpu MHz		: 2694.068
cache size	: 3072 KB
physical id	: 0
siblings	: 4
core id		: 1
cpu cores	: 2
apicid		: 2
initial apicid	: 2
fpu		: yes
fpu_exception	: yes
cpuid level	: 13
wp		: yes
flags		: fpu vme de pse tsc msr pae mce cx8 apic sep mtrr pge mca cmov pat pse36 clflush dts acpi mmx fxsr sse sse2 ss ht tm pbe syscall nx rdtscp lm constant_tsc arch_perfmon pebs bts rep_good nopl xtopology nonstop_tsc cpuid aperfmperf pni pclmulqdq dtes64 monitor ds_cpl vmx est tm2 ssse3 cx16 xtpr pdcm pcid sse4_1 sse4_2 x2apic popcnt tsc_deadline_timer xsave avx lahf_lm epb pti retpoline tpr_shadow vnmi flexpriority ept vpid xsaveopt dtherm ida arat pln pts
bugs		: cpu_meltdown spectre_v1 spectre_v2
bogomips	: 4589.90
clflush size	: 64
cache_alignment	: 64
address sizes	: 36 bits physical, 48 bits virtual
power management:

processor	: 3
vendor_id	: GenuineIntel
cpu family	: 6
model		: 42
model name	: Intel(R) Core(TM) i5-2410M CPU @ 2.30GHz
stepping	: 7
microcode	: 0x17
cpu MHz		: 2694.071
cache size	: 3072 KB
physical id	: 0
siblings	: 4
core id		: 1
cpu cores	: 2
apicid		: 3
initial apicid	: 3
fpu		: yes
fpu_exception	: yes
cpuid level	: 13
wp		: yes
flags		: fpu vme de pse tsc msr pae mce cx8 apic sep mtrr pge mca cmov pat pse36 clflush dts acpi mmx fxsr sse sse2 ss ht tm pbe syscall nx rdtscp lm constant_tsc arch_perfmon pebs bts rep_good nopl xtopology nonstop_tsc cpuid aperfmperf pni pclmulqdq dtes64 monitor ds_cpl vmx est tm2 ssse3 cx16 xtpr pdcm pcid sse4_1 sse4_2 x2apic popcnt tsc_deadline_timer xsave avx lahf_lm epb pti retpoline tpr_shadow vnmi flexpriority ept vpid xsaveopt dtherm ida arat pln pts
bugs		: cpu_meltdown spectre_v1 spectre_v2
bogomips	: 4589.90
clflush size	: 64
cache_alignment	: 64
address sizes	: 36 bits physical, 48 bits virtual
power management:



Memory: 4k page, physical 5953868k(2716888k free), swap 6137852k(6137852k free)

vm_info: OpenJDK 64-Bit Server VM (25.162-b12) for linux-amd64 JRE (1.8.0_162-8u162-b12-0ubuntu0.16.04.2-b12), built on Mar 14 2018 12:11:18 by "buildd" with gcc 5.4.0 20160609

time: Mon Apr 23 19:58:03 2018
elapsed time: 1 seconds (0d 0h 0m 1s)

