#
# A fatal error has been detected by the Java Runtime Environment:
#
#  SIGSEGV (0xb) at pc=0x00007f88d1501fd6, pid=4452, tid=0x00007f8924c22700
#
# JRE version: OpenJDK Runtime Environment (8.0_162-b12) (build 1.8.0_162-8u162-b12-0ubuntu0.16.04.2-b12)
# Java VM: OpenJDK 64-Bit Server VM (25.162-b12 mixed mode linux-amd64 compressed oops)
# Problematic frame:
# C  [libXnVFeatures_1_5_2.so+0x8cfd6]  Segmentation::detectionByPoint(bool, std::vector<Vector2D<int>, std::allocator<Vector2D<int> > > const*)+0x106
#
# Failed to write core dump. Core dumps have been disabled. To enable core dumping, try "ulimit -c unlimited" before starting Java again
#
# If you would like to submit a bug report, please visit:
#   http://bugreport.java.com/bugreport/crash.jsp
# The crash happened outside the Java Virtual Machine in native code.
# See problematic frame for where to report the bug.
#

---------------  T H R E A D  ---------------

Current thread (0x00007f891c00b000):  JavaThread "main" [_thread_in_native, id=4454, stack(0x00007f8924b22000,0x00007f8924c23000)]

siginfo: si_signo: 11 (SIGSEGV), si_code: 1 (SEGV_MAPERR), si_addr: 0x00007f871cabf1b0

Registers:
RAX=0x00007f891cabf1b0, RBX=0x00007f88be50e5c8, RCX=0x000000000000000a, RDX=0xffffffff80000000
RSP=0x00007f8924c21360, RBP=0x00007f88cd196e60, RSI=0x0000000080000000, RDI=0x00007f88cd196e60
R8 =0x0000000080000000, R9 =0x000000007fffffff, R10=0x00007f88cd1f2060, R11=0x0000000000000000
R12=0x0000000000000000, R13=0x00007f88cd196fe0, R14=0x00007f8924c214e0, R15=0x00007f88d1abe0e8
RIP=0x00007f88d1501fd6, EFLAGS=0x0000000000010a12, CSGSFS=0x002b000000000033, ERR=0x0000000000000004
  TRAPNO=0x000000000000000e

Top of Stack: (sp=0x00007f8924c21360)
0x00007f8924c21360:   00007f88cc206050 0000000000000047
0x00007f8924c21370:   00007f88cd281ba8 00007f88cd1f2940
0x00007f8924c21380:   8000000000000001 00007f88cd2866f8
0x00007f8924c21390:   00007f88d1aace40 00007f88cd196e60
0x00007f8924c213a0:   00007f88cd196fe0 00007f88cd191d80
0x00007f8924c213b0:   0000000000000000 00007f8924c214e0
0x00007f8924c213c0:   0000000000000000 00007f88d1502d77
0x00007f8924c213d0:   0000000000000002 00007f88cd191d80
0x00007f8924c213e0:   00000000000b9265 00000000000b9265
0x00007f8924c213f0:   0000000000000000 3ff0000000000000
0x00007f8924c21400:   00007f88cd191d80 00007f88cc206010
0x00007f8924c21410:   00007f8924c214e0 00007f88cc206028
0x00007f8924c21420:   00007f88cc206050 00007f88cd170f88
0x00007f8924c21430:   00007f88cd191d80 00007f88d14eb2e9
0x00007f8924c21440:   00007f891c00b000 00007f88cd287190
0x00007f8924c21450:   6d68732f7665642f 00007f8924c214e0
0x00007f8924c21460:   00000000000b7e3b 00000000000b7e3b
0x00007f8924c21470:   0000000000000000 3ff0000000000000
0x00007f8924c21480:   00007f8924c214d0 00007f89081ce028
0x00007f8924c21490:   0000000000000002 00007f89081ce000
0x00007f8924c214a0:   00007f891ca3edf0 00007f8924c214e0
0x00007f8924c214b0:   00007f891c00b000 00007f88d14c188d
0x00007f8924c214c0:   0000000000000103 00007f8924548919
0x00007f8924c214d0:   0000008100000016 00007f88d3ba9426
0x00007f8924c214e0:   00007f88be50e5c0 00007f88be50e5d0
0x00007f8924c214f0:   00007f88be50e5d0 00007f891ca3edf0
0x00007f8924c21500:   00007f891ca3edf0 0000000000000001
0x00007f8924c21510:   00007f891c295e30 00007f891c218ba0
0x00007f8924c21520:   00007f8924c218a0 00007f88d14c1e5b
0x00007f8924c21530:   00007f891c284a50 ffffffffffffffff
0x00007f8924c21540:   00007f88d1aa7c30 0000000000000000
0x00007f8924c21550:   000000002c19ec3c 0009600000000001 

Instructions: (pc=0x00007f88d1501fd6)
0x00007f88d1501fb6:   e2 05 49 01 ea 41 8b 42 18 41 2b 42 0c 49 63 52
0x00007f88d1501fc6:   1c f3 0f 2a c0 48 8b 85 50 a3 0e 00 48 8b 40 60
0x00007f88d1501fd6:   f3 0f 59 04 90 f3 0f 2c c0 3d 1f 03 00 00 0f 8e
0x00007f88d1501fe6:   56 ff ff ff 44 89 e6 48 89 ef 89 44 24 10 4c 89 

Register to memory mapping:

RAX=0x00007f891cabf1b0 is an unknown value
RBX=0x00007f88be50e5c8 is an unknown value
RCX=0x000000000000000a is an unknown value
RDX=0xffffffff80000000 is an unknown value
RSP=0x00007f8924c21360 is pointing into the stack for thread: 0x00007f891c00b000
RBP=0x00007f88cd196e60 is an unknown value
RSI=0x0000000080000000 is an unknown value
RDI=0x00007f88cd196e60 is an unknown value
R8 =0x0000000080000000 is an unknown value
R9 =0x000000007fffffff is an unknown value
R10=0x00007f88cd1f2060 is an unknown value
R11=0x0000000000000000 is an unknown value
R12=0x0000000000000000 is an unknown value
R13=0x00007f88cd196fe0 is an unknown value
R14=0x00007f8924c214e0 is pointing into the stack for thread: 0x00007f891c00b000
R15=0x00007f88d1abe0e8: <offset 0x6490e8> in /usr/lib/libXnVFeatures_1_5_2.so at 0x00007f88d1475000


Stack: [0x00007f8924b22000,0x00007f8924c23000],  sp=0x00007f8924c21360,  free space=1020k
Native frames: (J=compiled Java code, j=interpreted, Vv=VM code, C=native code)
C  [libXnVFeatures_1_5_2.so+0x8cfd6]  Segmentation::detectionByPoint(bool, std::vector<Vector2D<int>, std::allocator<Vector2D<int> > > const*)+0x106

Java frames: (J=compiled Java code, j=interpreted, Vv=VM code)
j  org.openni.NativeMethods.xnWaitAnyUpdateAll(J)I+0
j  org.openni.Context.waitAnyUpdateAll()V+4
j  it.univaq.au4h.helpers.NIHelper.waitUpdates()V+4
j  it.univaq.au4h.controllers.MainController.run()V+9
j  it.univaq.au4h.App.main([Ljava/lang/String;)V+45
v  ~StubRoutines::call_stub

---------------  P R O C E S S  ---------------

Java Threads: ( => current thread )
  0x00007f88be51f800 JavaThread "AWT-EventQueue-0" [_thread_in_vm, id=4480, stack(0x00007f88b702a000,0x00007f88b712b000)]
  0x00007f88be51d800 JavaThread "AWT-Shutdown" [_thread_blocked, id=4479, stack(0x00007f88b712b000,0x00007f88b722c000)]
  0x00007f88be4d6800 JavaThread "AWT-XAWT" daemon [_thread_in_native, id=4478, stack(0x00007f88b722c000,0x00007f88b732d000)]
  0x00007f88be4b2800 JavaThread "Java2D Disposer" daemon [_thread_blocked, id=4477, stack(0x00007f88c00bf000,0x00007f88c01c0000)]
  0x00007f891c0c2800 JavaThread "Service Thread" daemon [_thread_blocked, id=4470, stack(0x00007f89083fe000,0x00007f89084ff000)]
  0x00007f891c0b3000 JavaThread "C1 CompilerThread2" daemon [_thread_blocked, id=4469, stack(0x00007f89084ff000,0x00007f8908600000)]
  0x00007f891c0b1800 JavaThread "C2 CompilerThread1" daemon [_thread_in_native, id=4468, stack(0x00007f8908600000,0x00007f8908701000)]
  0x00007f891c0ae800 JavaThread "C2 CompilerThread0" daemon [_thread_blocked, id=4467, stack(0x00007f8908701000,0x00007f8908802000)]
  0x00007f891c0ac800 JavaThread "Signal Dispatcher" daemon [_thread_blocked, id=4466, stack(0x00007f8908802000,0x00007f8908903000)]
  0x00007f891c084800 JavaThread "Finalizer" daemon [_thread_blocked, id=4465, stack(0x00007f8908bdd000,0x00007f8908cde000)]
  0x00007f891c080000 JavaThread "Reference Handler" daemon [_thread_blocked, id=4464, stack(0x00007f8908cde000,0x00007f8908ddf000)]
=>0x00007f891c00b000 JavaThread "main" [_thread_in_native, id=4454, stack(0x00007f8924b22000,0x00007f8924c23000)]

Other Threads:
  0x00007f891c078800 VMThread [stack: 0x00007f8908ddf000,0x00007f8908ee0000] [id=4463]
  0x00007f891c0c5000 WatcherThread [stack: 0x00007f89082fd000,0x00007f89083fe000] [id=4471]

VM state:not at safepoint (normal execution)

VM Mutex/Monitor currently owned by a thread: None

Heap:
 PSYoungGen      total 27648K, used 8857K [0x00000000e1b80000, 0x00000000e3a00000, 0x0000000100000000)
  eden space 24064K, 36% used [0x00000000e1b80000,0x00000000e2426678,0x00000000e3300000)
  from space 3584K, 0% used [0x00000000e3680000,0x00000000e3680000,0x00000000e3a00000)
  to   space 3584K, 0% used [0x00000000e3300000,0x00000000e3300000,0x00000000e3680000)
 ParOldGen       total 62976K, used 0K [0x00000000a5200000, 0x00000000a8f80000, 0x00000000e1b80000)
  object space 62976K, 0% used [0x00000000a5200000,0x00000000a5200000,0x00000000a8f80000)
 Metaspace       used 9548K, capacity 9710K, committed 9856K, reserved 1058816K
  class space    used 1065K, capacity 1126K, committed 1152K, reserved 1048576K

Card table byte_map: [0x00007f8920f08000,0x00007f89211e0000] byte_map_base: 0x00007f89209df000

Marking Bits: (ParMarkBitMap*) 0x00007f8923df9300
 Begin Bits: [0x00007f890a290000, 0x00007f890b948000)
 End Bits:   [0x00007f890b948000, 0x00007f890d000000)

Polling page: 0x00007f8924c4d000

CodeCache: size=245760Kb used=2005Kb max_used=2005Kb free=243754Kb
 bounds [0x00007f890d000000, 0x00007f890d270000, 0x00007f891c000000]
 total_blobs=896 nmethods=399 adapters=412
 compilation: enabled

Compilation events (10 events):
Event: 1,026 Thread 0x00007f891c0b3000  390       3       sun.awt.X11.XEvent::get_type (18 bytes)
Event: 1,026 Thread 0x00007f891c0b3000 nmethod 390 0x00007f890d1ea3d0 code [0x00007f890d1ea560, 0x00007f890d1ea888]
Event: 1,026 Thread 0x00007f891c0b3000  388       3       java.lang.Long::compareTo (9 bytes)
Event: 1,026 Thread 0x00007f891c0b3000 nmethod 388 0x00007f890d1eaa10 code [0x00007f890d1eaba0, 0x00007f890d1eaff0]
Event: 1,026 Thread 0x00007f891c0b3000  387       3       sun.awt.X11.XWrapperBase::<init> (5 bytes)
Event: 1,026 Thread 0x00007f891c0b3000 nmethod 387 0x00007f890d1eb110 code [0x00007f890d1eb280, 0x00007f890d1eb430]
Event: 1,026 Thread 0x00007f891c0b3000  392       3       java.lang.Long::compareTo (12 bytes)
Event: 1,027 Thread 0x00007f891c0b3000 nmethod 392 0x00007f890d1eb4d0 code [0x00007f890d1eb640, 0x00007f890d1eb8d0]
Event: 1,027 Thread 0x00007f891c0b3000  391       3       sun.awt.X11.XToolkit::getDisplay (20 bytes)
Event: 1,027 Thread 0x00007f891c0b3000 nmethod 391 0x00007f890d1eb990 code [0x00007f890d1ebae0, 0x00007f890d1ebc30]

GC Heap History (0 events):
No events

Deoptimization events (0 events):
No events

Classes redefined (0 events):
No events

Internal exceptions (10 events):
Event: 0,691 Thread 0x00007f891c00b000 Exception <a 'java/security/PrivilegedActionException'> (0x00000000e1e41ac8) thrown at [/build/openjdk-8-OdO8jS/openjdk-8-8u162-b12/src/hotspot/src/share/vm/prims/jvm.cpp, line 1390]
Event: 0,691 Thread 0x00007f891c00b000 Exception <a 'java/security/PrivilegedActionException'> (0x00000000e1e43b50) thrown at [/build/openjdk-8-OdO8jS/openjdk-8-8u162-b12/src/hotspot/src/share/vm/prims/jvm.cpp, line 1390]
Event: 0,691 Thread 0x00007f891c00b000 Exception <a 'java/security/PrivilegedActionException'> (0x00000000e1e43d60) thrown at [/build/openjdk-8-OdO8jS/openjdk-8-8u162-b12/src/hotspot/src/share/vm/prims/jvm.cpp, line 1390]
Event: 0,691 Thread 0x00007f891c00b000 Exception <a 'java/security/PrivilegedActionException'> (0x00000000e1e44838) thrown at [/build/openjdk-8-OdO8jS/openjdk-8-8u162-b12/src/hotspot/src/share/vm/prims/jvm.cpp, line 1390]
Event: 0,691 Thread 0x00007f891c00b000 Exception <a 'java/security/PrivilegedActionException'> (0x00000000e1e44a48) thrown at [/build/openjdk-8-OdO8jS/openjdk-8-8u162-b12/src/hotspot/src/share/vm/prims/jvm.cpp, line 1390]
Event: 0,762 Thread 0x00007f891c00b000 Exception <a 'java/lang/NoSuchFieldError': method resolution failed> (0x00000000e1f15f90) thrown at [/build/openjdk-8-OdO8jS/openjdk-8-8u162-b12/src/hotspot/src/share/vm/prims/methodHandles.cpp, line 1167]
Event: 0,768 Thread 0x00007f891c00b000 Exception <a 'java/lang/NoSuchFieldError': method resolution failed> (0x00000000e1f23760) thrown at [/build/openjdk-8-OdO8jS/openjdk-8-8u162-b12/src/hotspot/src/share/vm/prims/methodHandles.cpp, line 1167]
Event: 0,807 Thread 0x00007f891c00b000 Exception <a 'java/io/FileNotFoundException'> (0x00000000e1f9d270) thrown at [/build/openjdk-8-OdO8jS/openjdk-8-8u162-b12/src/hotspot/src/share/vm/prims/jni.cpp, line 709]
Event: 0,807 Thread 0x00007f891c00b000 Exception <a 'java/io/FileNotFoundException'> (0x00000000e1f9dc90) thrown at [/build/openjdk-8-OdO8jS/openjdk-8-8u162-b12/src/hotspot/src/share/vm/prims/jni.cpp, line 709]
Event: 0,848 Thread 0x00007f891c00b000 Exception <a 'java/lang/ClassNotFoundException': sun/dc/DuctusRenderingEngine> (0x00000000e20c5368) thrown at [/build/openjdk-8-OdO8jS/openjdk-8-8u162-b12/src/hotspot/src/share/vm/classfile/systemDictionary.cpp, line 210]

Events (10 events):
Event: 1,031 loading class sun/awt/dnd/SunDropTargetEvent done
Event: 1,031 loading class java/awt/event/InputMethodEvent
Event: 1,032 loading class java/awt/event/InputMethodEvent done
Event: 1,032 loading class java/awt/event/ActionEvent
Event: 1,032 loading class java/awt/event/ActionEvent done
Event: 1,032 loading class java/awt/event/FocusEvent
Event: 1,032 loading class java/awt/event/FocusEvent done
Event: 1,032 loading class java/awt/TrayIcon
Event: 1,032 loading class java/awt/TrayIcon done
Event: 1,032 loading class java/util/IdentityHashMap$KeySet


Dynamic libraries:
00400000-00401000 r-xp 00000000 08:07 1556                               /usr/lib/jvm/java-8-openjdk-amd64/jre/bin/java
00600000-00601000 r--p 00000000 08:07 1556                               /usr/lib/jvm/java-8-openjdk-amd64/jre/bin/java
00601000-00602000 rw-p 00001000 08:07 1556                               /usr/lib/jvm/java-8-openjdk-amd64/jre/bin/java
019ad000-019ce000 rw-p 00000000 00:00 0                                  [heap]
a5200000-a8f80000 rw-p 00000000 00:00 0 
a8f80000-e1b80000 ---p 00000000 00:00 0 
e1b80000-e3a00000 rw-p 00000000 00:00 0 
e3a00000-100000000 ---p 00000000 00:00 0 
100000000-100120000 rw-p 00000000 00:00 0 
100120000-140000000 ---p 00000000 00:00 0 
7f88a0000000-7f88a0021000 rw-p 00000000 00:00 0 
7f88a0021000-7f88a4000000 ---p 00000000 00:00 0 
7f88a8000000-7f88a8021000 rw-p 00000000 00:00 0 
7f88a8021000-7f88ac000000 ---p 00000000 00:00 0 
7f88ac000000-7f88ac021000 rw-p 00000000 00:00 0 
7f88ac021000-7f88b0000000 ---p 00000000 00:00 0 
7f88b0000000-7f88b0021000 rw-p 00000000 00:00 0 
7f88b0021000-7f88b4000000 ---p 00000000 00:00 0 
7f88b6e2a000-7f88b6eaa000 rw-p 00000000 00:00 0 
7f88b6eaa000-7f88b702a000 ---p 00000000 00:00 0 
7f88b702a000-7f88b702d000 ---p 00000000 00:00 0 
7f88b702d000-7f88b712b000 rwxp 00000000 00:00 0 
7f88b712b000-7f88b712e000 ---p 00000000 00:00 0 
7f88b712e000-7f88b722c000 rwxp 00000000 00:00 0 
7f88b722c000-7f88b722f000 ---p 00000000 00:00 0 
7f88b722f000-7f88b732d000 rwxp 00000000 00:00 0 
7f88b732d000-7f88b7332000 r-xp 00000000 08:07 8003815                    /usr/lib/x86_64-linux-gnu/libXfixes.so.3.1.0
7f88b7332000-7f88b7531000 ---p 00005000 08:07 8003815                    /usr/lib/x86_64-linux-gnu/libXfixes.so.3.1.0
7f88b7531000-7f88b7532000 r--p 00004000 08:07 8003815                    /usr/lib/x86_64-linux-gnu/libXfixes.so.3.1.0
7f88b7532000-7f88b7533000 rw-p 00005000 08:07 8003815                    /usr/lib/x86_64-linux-gnu/libXfixes.so.3.1.0
7f88b7533000-7f88b753c000 r-xp 00000000 08:07 8002929                    /usr/lib/x86_64-linux-gnu/libXcursor.so.1.0.2
7f88b753c000-7f88b773b000 ---p 00009000 08:07 8002929                    /usr/lib/x86_64-linux-gnu/libXcursor.so.1.0.2
7f88b773b000-7f88b773c000 r--p 00008000 08:07 8002929                    /usr/lib/x86_64-linux-gnu/libXcursor.so.1.0.2
7f88b773c000-7f88b773d000 rw-p 00009000 08:07 8002929                    /usr/lib/x86_64-linux-gnu/libXcursor.so.1.0.2
7f88b773d000-7f88b7761000 r-xp 00000000 08:07 1446671                    /lib/x86_64-linux-gnu/libpng12.so.0.54.0
7f88b7761000-7f88b7960000 ---p 00024000 08:07 1446671                    /lib/x86_64-linux-gnu/libpng12.so.0.54.0
7f88b7960000-7f88b7961000 r--p 00023000 08:07 1446671                    /lib/x86_64-linux-gnu/libpng12.so.0.54.0
7f88b7961000-7f88b7962000 rw-p 00024000 08:07 1446671                    /lib/x86_64-linux-gnu/libpng12.so.0.54.0
7f88b7962000-7f88b7a06000 r-xp 00000000 08:07 8004238                    /usr/lib/x86_64-linux-gnu/libfreetype.so.6.12.1
7f88b7a06000-7f88b7c05000 ---p 000a4000 08:07 8004238                    /usr/lib/x86_64-linux-gnu/libfreetype.so.6.12.1
7f88b7c05000-7f88b7c0b000 r--p 000a3000 08:07 8004238                    /usr/lib/x86_64-linux-gnu/libfreetype.so.6.12.1
7f88b7c0b000-7f88b7c0c000 rw-p 000a9000 08:07 8004238                    /usr/lib/x86_64-linux-gnu/libfreetype.so.6.12.1
7f88b7c0c000-7f88b7c5e000 r-xp 00000000 08:07 1509                       /usr/lib/jvm/java-8-openjdk-amd64/jre/lib/amd64/libfontmanager.so
7f88b7c5e000-7f88b7e5e000 ---p 00052000 08:07 1509                       /usr/lib/jvm/java-8-openjdk-amd64/jre/lib/amd64/libfontmanager.so
7f88b7e5e000-7f88b7e60000 r--p 00052000 08:07 1509                       /usr/lib/jvm/java-8-openjdk-amd64/jre/lib/amd64/libfontmanager.so
7f88b7e60000-7f88b7e61000 rw-p 00054000 08:07 1509                       /usr/lib/jvm/java-8-openjdk-amd64/jre/lib/amd64/libfontmanager.so
7f88b7e61000-7f88bae62000 rw-p 00000000 00:00 0 
7f88bae62000-7f88bae78000 r-xp 00000000 08:07 1529                       /usr/lib/jvm/java-8-openjdk-amd64/jre/lib/amd64/libnet.so
7f88bae78000-7f88bb078000 ---p 00016000 08:07 1529                       /usr/lib/jvm/java-8-openjdk-amd64/jre/lib/amd64/libnet.so
7f88bb078000-7f88bb079000 r--p 00016000 08:07 1529                       /usr/lib/jvm/java-8-openjdk-amd64/jre/lib/amd64/libnet.so
7f88bb079000-7f88bb07a000 rw-p 00017000 08:07 1529                       /usr/lib/jvm/java-8-openjdk-amd64/jre/lib/amd64/libnet.so
7f88bb07a000-7f88bb07f000 r-xp 00000000 08:07 8003811                    /usr/lib/x86_64-linux-gnu/libXdmcp.so.6.0.0
7f88bb07f000-7f88bb27e000 ---p 00005000 08:07 8003811                    /usr/lib/x86_64-linux-gnu/libXdmcp.so.6.0.0
7f88bb27e000-7f88bb27f000 r--p 00004000 08:07 8003811                    /usr/lib/x86_64-linux-gnu/libXdmcp.so.6.0.0
7f88bb27f000-7f88bb280000 rw-p 00005000 08:07 8003811                    /usr/lib/x86_64-linux-gnu/libXdmcp.so.6.0.0
7f88bb280000-7f88bb282000 r-xp 00000000 08:07 8003800                    /usr/lib/x86_64-linux-gnu/libXau.so.6.0.0
7f88bb282000-7f88bb482000 ---p 00002000 08:07 8003800                    /usr/lib/x86_64-linux-gnu/libXau.so.6.0.0
7f88bb482000-7f88bb483000 r--p 00002000 08:07 8003800                    /usr/lib/x86_64-linux-gnu/libXau.so.6.0.0
7f88bb483000-7f88bb484000 rw-p 00003000 08:07 8003800                    /usr/lib/x86_64-linux-gnu/libXau.so.6.0.0
7f88bb484000-7f88bb4a5000 r-xp 00000000 08:07 8005218                    /usr/lib/x86_64-linux-gnu/libxcb.so.1.1.0
7f88bb4a5000-7f88bb6a4000 ---p 00021000 08:07 8005218                    /usr/lib/x86_64-linux-gnu/libxcb.so.1.1.0
7f88bb6a4000-7f88bb6a5000 r--p 00020000 08:07 8005218                    /usr/lib/x86_64-linux-gnu/libxcb.so.1.1.0
7f88bb6a5000-7f88bb6a6000 rw-p 00021000 08:07 8005218                    /usr/lib/x86_64-linux-gnu/libxcb.so.1.1.0
7f88bb6a6000-7f88bb6b5000 r-xp 00000000 08:07 8003823                    /usr/lib/x86_64-linux-gnu/libXi.so.6.1.0
7f88bb6b5000-7f88bb8b4000 ---p 0000f000 08:07 8003823                    /usr/lib/x86_64-linux-gnu/libXi.so.6.1.0
7f88bb8b4000-7f88bb8b5000 r--p 0000e000 08:07 8003823                    /usr/lib/x86_64-linux-gnu/libXi.so.6.1.0
7f88bb8b5000-7f88bb8b6000 rw-p 0000f000 08:07 8003823                    /usr/lib/x86_64-linux-gnu/libXi.so.6.1.0
7f88bb8b6000-7f88bb8bb000 r-xp 00000000 08:07 8003841                    /usr/lib/x86_64-linux-gnu/libXtst.so.6.1.0
7f88bb8bb000-7f88bbaba000 ---p 00005000 08:07 8003841                    /usr/lib/x86_64-linux-gnu/libXtst.so.6.1.0
7f88bbaba000-7f88bbabb000 r--p 00004000 08:07 8003841                    /usr/lib/x86_64-linux-gnu/libXtst.so.6.1.0
7f88bbabb000-7f88bbabc000 rw-p 00005000 08:07 8003841                    /usr/lib/x86_64-linux-gnu/libXtst.so.6.1.0
7f88bbabc000-7f88bbac5000 r-xp 00000000 08:07 8003835                    /usr/lib/x86_64-linux-gnu/libXrender.so.1.3.0
7f88bbac5000-7f88bbcc4000 ---p 00009000 08:07 8003835                    /usr/lib/x86_64-linux-gnu/libXrender.so.1.3.0
7f88bbcc4000-7f88bbcc5000 r--p 00008000 08:07 8003835                    /usr/lib/x86_64-linux-gnu/libXrender.so.1.3.0
7f88bbcc5000-7f88bbcc6000 rw-p 00009000 08:07 8003835                    /usr/lib/x86_64-linux-gnu/libXrender.so.1.3.0
7f88bbcc6000-7f88bbdfb000 r-xp 00000000 08:07 8003796                    /usr/lib/x86_64-linux-gnu/libX11.so.6.3.0
7f88bbdfb000-7f88bbffb000 ---p 00135000 08:07 8003796                    /usr/lib/x86_64-linux-gnu/libX11.so.6.3.0
7f88bbffb000-7f88bbffc000 r--p 00135000 08:07 8003796                    /usr/lib/x86_64-linux-gnu/libX11.so.6.3.0
7f88bbffc000-7f88bc000000 rw-p 00136000 08:07 8003796                    /usr/lib/x86_64-linux-gnu/libX11.so.6.3.0
7f88bc000000-7f88be6c4000 rw-p 00000000 00:00 0 
7f88be6c4000-7f88c0000000 ---p 00000000 00:00 0 
7f88c00bf000-7f88c00c2000 ---p 00000000 00:00 0 
7f88c00c2000-7f88c01c0000 rwxp 00000000 00:00 0 
7f88c01c0000-7f88c01d1000 r-xp 00000000 08:07 8003813                    /usr/lib/x86_64-linux-gnu/libXext.so.6.4.0
7f88c01d1000-7f88c03d0000 ---p 00011000 08:07 8003813                    /usr/lib/x86_64-linux-gnu/libXext.so.6.4.0
7f88c03d0000-7f88c03d1000 r--p 00010000 08:07 8003813                    /usr/lib/x86_64-linux-gnu/libXext.so.6.4.0
7f88c03d1000-7f88c03d2000 rw-p 00011000 08:07 8003813                    /usr/lib/x86_64-linux-gnu/libXext.so.6.4.0
7f88c03f9000-7f88c044e000 r-xp 00000000 08:07 1520                       /usr/lib/jvm/java-8-openjdk-amd64/jre/lib/amd64/libawt_xawt.so
7f88c044e000-7f88c064d000 ---p 00055000 08:07 1520                       /usr/lib/jvm/java-8-openjdk-amd64/jre/lib/amd64/libawt_xawt.so
7f88c064d000-7f88c064e000 r--p 00054000 08:07 1520                       /usr/lib/jvm/java-8-openjdk-amd64/jre/lib/amd64/libawt_xawt.so
7f88c064e000-7f88c0651000 rw-p 00055000 08:07 1520                       /usr/lib/jvm/java-8-openjdk-amd64/jre/lib/amd64/libawt_xawt.so
7f88c0651000-7f88c0652000 rw-p 00000000 00:00 0 
7f88c0652000-7f88c06f2000 r-xp 00000000 08:07 1541                       /usr/lib/jvm/java-8-openjdk-amd64/jre/lib/amd64/libawt.so
7f88c06f2000-7f88c08f2000 ---p 000a0000 08:07 1541                       /usr/lib/jvm/java-8-openjdk-amd64/jre/lib/amd64/libawt.so
7f88c08f2000-7f88c08f3000 r--p 000a0000 08:07 1541                       /usr/lib/jvm/java-8-openjdk-amd64/jre/lib/amd64/libawt.so
7f88c08f3000-7f88c08fe000 rw-p 000a1000 08:07 1541                       /usr/lib/jvm/java-8-openjdk-amd64/jre/lib/amd64/libawt.so
7f88c08fe000-7f88c8000000 rw-p 00000000 00:00 0 
7f88c8000000-7f88c8029000 rw-p 00000000 00:00 0 
7f88c8029000-7f88cc000000 ---p 00000000 00:00 0 
7f88cc01b000-7f88cd65f000 rw-p 00000000 00:00 0 
7f88cd65f000-7f88cecdf000 r--s 00000000 00:18 14                         /dev/shm/4132_045e.02ae@2.6_Image
7f88cecdf000-7f88cedc1000 rw-p 00000000 00:00 0 
7f88cedc1000-7f88cf4c9000 r--s 00000000 00:18 6                          /dev/shm/4132_045e.02ae@2.6_Depth
7f88cf4c9000-7f88cf4ca000 ---p 00000000 00:00 0 
7f88cf4ca000-7f88cfcca000 rwxp 00000000 00:00 0 
7f88cfcca000-7f88d00cb000 rw-p 00000000 00:00 0 
7f88d00cb000-7f88d00cc000 ---p 00000000 00:00 0 
7f88d00cc000-7f88d08cc000 rwxp 00000000 00:00 0 
7f88d08cc000-7f88d09b5000 r-xp 00000000 08:07 8013492                    /usr/lib/libXnVHandGenerator_1_5_2.so
7f88d09b5000-7f88d0bb5000 ---p 000e9000 08:07 8013492                    /usr/lib/libXnVHandGenerator_1_5_2.so
7f88d0bb5000-7f88d0bba000 r--p 000e9000 08:07 8013492                    /usr/lib/libXnVHandGenerator_1_5_2.so
7f88d0bba000-7f88d0bbb000 rw-p 000ee000 08:07 8013492                    /usr/lib/libXnVHandGenerator_1_5_2.so
7f88d0bbb000-7f88d0bc9000 rw-p 00000000 00:00 0 
7f88d0bc9000-7f88d0ca1000 r-xp 00000000 08:07 8013491                    /usr/lib/libXnVHandGenerator_1_4_2.so
7f88d0ca1000-7f88d0ea0000 ---p 000d8000 08:07 8013491                    /usr/lib/libXnVHandGenerator_1_4_2.so
7f88d0ea0000-7f88d0ea5000 r--p 000d7000 08:07 8013491                    /usr/lib/libXnVHandGenerator_1_4_2.so
7f88d0ea5000-7f88d0ea6000 rw-p 000dc000 08:07 8013491                    /usr/lib/libXnVHandGenerator_1_4_2.so
7f88d0ea6000-7f88d0ea9000 rw-p 00000000 00:00 0 
7f88d0ea9000-7f88d0f81000 r-xp 00000000 08:07 8013490                    /usr/lib/libXnVHandGenerator_1_4_1.so
7f88d0f81000-7f88d1180000 ---p 000d8000 08:07 8013490                    /usr/lib/libXnVHandGenerator_1_4_1.so
7f88d1180000-7f88d1185000 r--p 000d7000 08:07 8013490                    /usr/lib/libXnVHandGenerator_1_4_1.so
7f88d1185000-7f88d1186000 rw-p 000dc000 08:07 8013490                    /usr/lib/libXnVHandGenerator_1_4_1.so
7f88d1186000-7f88d1189000 rw-p 00000000 00:00 0 
7f88d1189000-7f88d126c000 r-xp 00000000 08:07 8013489                    /usr/lib/libXnVHandGenerator_1_3_1.so
7f88d126c000-7f88d146c000 ---p 000e3000 08:07 8013489                    /usr/lib/libXnVHandGenerator_1_3_1.so
7f88d146c000-7f88d1471000 r--p 000e3000 08:07 8013489                    /usr/lib/libXnVHandGenerator_1_3_1.so
7f88d1471000-7f88d1472000 rw-p 000e8000 08:07 8013489                    /usr/lib/libXnVHandGenerator_1_3_1.so
7f88d1472000-7f88d1475000 rw-p 00000000 00:00 0 
7f88d1475000-7f88d18a6000 r-xp 00000000 08:07 8013486                    /usr/lib/libXnVFeatures_1_5_2.so
7f88d18a6000-7f88d1aa5000 ---p 00431000 08:07 8013486                    /usr/lib/libXnVFeatures_1_5_2.so
7f88d1aa5000-7f88d1ab6000 r--p 00430000 08:07 8013486                    /usr/lib/libXnVFeatures_1_5_2.so
7f88d1ab6000-7f88d1ab8000 rw-p 00441000 08:07 8013486                    /usr/lib/libXnVFeatures_1_5_2.so
7f88d1ab8000-7f88d1ace000 rw-p 00000000 00:00 0 
7f88d1ace000-7f88d1cc5000 r-xp 00000000 08:07 8013485                    /usr/lib/libXnVFeatures_1_4_2.so
7f88d1cc5000-7f88d1ec4000 ---p 001f7000 08:07 8013485                    /usr/lib/libXnVFeatures_1_4_2.so
7f88d1ec4000-7f88d1eca000 r--p 001f6000 08:07 8013485                    /usr/lib/libXnVFeatures_1_4_2.so
7f88d1eca000-7f88d1ecb000 rw-p 001fc000 08:07 8013485                    /usr/lib/libXnVFeatures_1_4_2.so
7f88d1ecb000-7f88d1ed1000 rw-p 00000000 00:00 0 
7f88d1ed1000-7f88d20c8000 r-xp 00000000 08:07 8013484                    /usr/lib/libXnVFeatures_1_4_1.so
7f88d20c8000-7f88d22c7000 ---p 001f7000 08:07 8013484                    /usr/lib/libXnVFeatures_1_4_1.so
7f88d22c7000-7f88d22cd000 r--p 001f6000 08:07 8013484                    /usr/lib/libXnVFeatures_1_4_1.so
7f88d22cd000-7f88d22ce000 rw-p 001fc000 08:07 8013484                    /usr/lib/libXnVFeatures_1_4_1.so
7f88d22ce000-7f88d22d4000 rw-p 00000000 00:00 0 
7f88d22d4000-7f88d2519000 r-xp 00000000 08:07 8013483                    /usr/lib/libXnVFeatures_1_3_1.so
7f88d2519000-7f88d2719000 ---p 00245000 08:07 8013483                    /usr/lib/libXnVFeatures_1_3_1.so
7f88d2719000-7f88d271f000 r--p 00245000 08:07 8013483                    /usr/lib/libXnVFeatures_1_3_1.so
7f88d271f000-7f88d2720000 rw-p 0024b000 08:07 8013483                    /usr/lib/libXnVFeatures_1_3_1.so
7f88d2720000-7f88d2727000 rw-p 00000000 00:00 0 
7f88d2727000-7f88d2750000 r-xp 00000000 08:07 8005766                    /usr/lib/libXnDeviceFile.so
7f88d2750000-7f88d294f000 ---p 00029000 08:07 8005766                    /usr/lib/libXnDeviceFile.so
7f88d294f000-7f88d2951000 r--p 00028000 08:07 8005766                    /usr/lib/libXnDeviceFile.so
7f88d2951000-7f88d2952000 rw-p 0002a000 08:07 8005766                    /usr/lib/libXnDeviceFile.so
7f88d2952000-7f88d2999000 r-xp 00000000 08:07 8005765                    /usr/lib/libXnDDK.so
7f88d2999000-7f88d2b98000 ---p 00047000 08:07 8005765                    /usr/lib/libXnDDK.so
7f88d2b98000-7f88d2b9b000 r--p 00046000 08:07 8005765                    /usr/lib/libXnDDK.so
7f88d2b9b000-7f88d2b9d000 rw-p 00049000 08:07 8005765                    /usr/lib/libXnDDK.so
7f88d2b9d000-7f88d2bc1000 r-xp 00000000 08:07 8005768                    /usr/lib/libXnFormats.so
7f88d2bc1000-7f88d2dc1000 ---p 00024000 08:07 8005768                    /usr/lib/libXnFormats.so
7f88d2dc1000-7f88d2dc2000 r--p 00024000 08:07 8005768                    /usr/lib/libXnFormats.so
7f88d2dc2000-7f88d2dc3000 rw-p 00025000 08:07 8005768                    /usr/lib/libXnFormats.so
7f88d2dc3000-7f88d2de3000 rw-p 00000000 00:00 0 
7f88d2de3000-7f88d2de6000 r-xp 00000000 08:07 8005764                    /usr/lib/libXnCore.so
7f88d2de6000-7f88d2fe5000 ---p 00003000 08:07 8005764                    /usr/lib/libXnCore.so
7f88d2fe5000-7f88d2fe6000 r--p 00002000 08:07 8005764                    /usr/lib/libXnCore.so
7f88d2fe6000-7f88d2fe7000 rw-p 00003000 08:07 8005764                    /usr/lib/libXnCore.so
7f88d2fe7000-7f88d306e000 r-xp 00000000 08:07 8005767                    /usr/lib/libXnDeviceSensorV2KM.so
7f88d306e000-7f88d326d000 ---p 00087000 08:07 8005767                    /usr/lib/libXnDeviceSensorV2KM.so
7f88d326d000-7f88d327a000 r--p 00086000 08:07 8005767                    /usr/lib/libXnDeviceSensorV2KM.so
7f88d327a000-7f88d327b000 rw-p 00093000 08:07 8005767                    /usr/lib/libXnDeviceSensorV2KM.so
7f88d327b000-7f88d329c000 r-xp 00000000 08:07 8005691                    /usr/lib/libnimRecorder.so
7f88d329c000-7f88d349c000 ---p 00021000 08:07 8005691                    /usr/lib/libnimRecorder.so
7f88d349c000-7f88d349d000 r--p 00021000 08:07 8005691                    /usr/lib/libnimRecorder.so
7f88d349d000-7f88d349e000 rw-p 00022000 08:07 8005691                    /usr/lib/libnimRecorder.so
7f88d349e000-7f88d34d5000 r-xp 00000000 08:07 8005689                    /usr/lib/libnimCodecs.so
7f88d34d5000-7f88d36d4000 ---p 00037000 08:07 8005689                    /usr/lib/libnimCodecs.so
7f88d36d4000-7f88d36d7000 r--p 00036000 08:07 8005689                    /usr/lib/libnimCodecs.so
7f88d36d7000-7f88d36d8000 rw-p 00039000 08:07 8005689                    /usr/lib/libnimCodecs.so
7f88d36d8000-7f88d36f8000 rw-p 00000000 00:00 0 
7f88d36f8000-7f88d372f000 r-xp 00000000 08:07 8005690                    /usr/lib/libnimMockNodes.so
7f88d372f000-7f88d392e000 ---p 00037000 08:07 8005690                    /usr/lib/libnimMockNodes.so
7f88d392e000-7f88d3938000 r--p 00036000 08:07 8005690                    /usr/lib/libnimMockNodes.so
7f88d3938000-7f88d3939000 rw-p 00040000 08:07 8005690                    /usr/lib/libnimMockNodes.so
7f88d3939000-7f88d3950000 r-xp 00000000 08:07 1446710                    /lib/x86_64-linux-gnu/libusb-1.0.so.0.1.0
7f88d3950000-7f88d3b4f000 ---p 00017000 08:07 1446710                    /lib/x86_64-linux-gnu/libusb-1.0.so.0.1.0
7f88d3b4f000-7f88d3b50000 r--p 00016000 08:07 1446710                    /lib/x86_64-linux-gnu/libusb-1.0.so.0.1.0
7f88d3b50000-7f88d3b51000 rw-p 00017000 08:07 1446710                    /lib/x86_64-linux-gnu/libusb-1.0.so.0.1.0
7f88d3b51000-7f88d3bd3000 r-xp 00000000 08:07 8005693                    /usr/lib/libOpenNI.so
7f88d3bd3000-7f88d3dd2000 ---p 00082000 08:07 8005693                    /usr/lib/libOpenNI.so
7f88d3dd2000-7f88d3dd4000 r--p 00081000 08:07 8005693                    /usr/lib/libOpenNI.so
7f88d3dd4000-7f88d3dd7000 rw-p 00083000 08:07 8005693                    /usr/lib/libOpenNI.so
7f88d3dd7000-7f88d3dd8000 rw-p 00000000 00:00 0 
7f88d3dd8000-7f88d3dfc000 r-xp 00000000 08:07 8005692                    /usr/lib/libOpenNI.jni.so
7f88d3dfc000-7f88d3ffc000 ---p 00024000 08:07 8005692                    /usr/lib/libOpenNI.jni.so
7f88d3ffc000-7f88d3ffd000 r--p 00024000 08:07 8005692                    /usr/lib/libOpenNI.jni.so
7f88d3ffd000-7f88d4000000 rw-p 00025000 08:07 8005692                    /usr/lib/libOpenNI.jni.so
7f88d4000000-7f88d4021000 rw-p 00000000 00:00 0 
7f88d4021000-7f88d8000000 ---p 00000000 00:00 0 
7f88d8000000-7f88d8021000 rw-p 00000000 00:00 0 
7f88d8021000-7f88dc000000 ---p 00000000 00:00 0 
7f88dc000000-7f88dc043000 rw-p 00000000 00:00 0 
7f88dc043000-7f88e0000000 ---p 00000000 00:00 0 
7f88e0000000-7f88e0207000 rw-p 00000000 00:00 0 
7f88e0207000-7f88e4000000 ---p 00000000 00:00 0 
7f88e4000000-7f88e4021000 rw-p 00000000 00:00 0 
7f88e4021000-7f88e8000000 ---p 00000000 00:00 0 
7f88e8000000-7f88e8124000 rw-p 00000000 00:00 0 
7f88e8124000-7f88ec000000 ---p 00000000 00:00 0 
7f88ec000000-7f88ec021000 rw-p 00000000 00:00 0 
7f88ec021000-7f88f0000000 ---p 00000000 00:00 0 
7f88f0000000-7f88f0021000 rw-p 00000000 00:00 0 
7f88f0021000-7f88f4000000 ---p 00000000 00:00 0 
7f88f4000000-7f88f4021000 rw-p 00000000 00:00 0 
7f88f4021000-7f88f8000000 ---p 00000000 00:00 0 
7f88f8000000-7f88f8021000 rw-p 00000000 00:00 0 
7f88f8021000-7f88fc000000 ---p 00000000 00:00 0 
7f88fc000000-7f88fc021000 rw-p 00000000 00:00 0 
7f88fc021000-7f8900000000 ---p 00000000 00:00 0 
7f8900000000-7f8900021000 rw-p 00000000 00:00 0 
7f8900021000-7f8904000000 ---p 00000000 00:00 0 
7f8904000000-7f8904021000 rw-p 00000000 00:00 0 
7f8904021000-7f8908000000 ---p 00000000 00:00 0 
7f890800a000-7f89081a5000 rw-p 00000000 00:00 0 
7f89081a5000-7f89081ac000 r--s 00000000 08:07 132258                     /usr/lib/x86_64-linux-gnu/gconv/gconv-modules.cache
7f89081ac000-7f89081ca000 r-xp 00000000 08:07 1443019                    /lib/x86_64-linux-gnu/libudev.so.1.6.4
7f89081ca000-7f89081cb000 r--p 0001d000 08:07 1443019                    /lib/x86_64-linux-gnu/libudev.so.1.6.4
7f89081cb000-7f89081cc000 rw-p 0001e000 08:07 1443019                    /lib/x86_64-linux-gnu/libudev.so.1.6.4
7f89081ce000-7f89081cf000 rw-s 00000000 00:18 15                         /dev/shm/045e.02ae@2.6-SM
7f89081cf000-7f89081d1000 r--s 00005000 08:07 6701537                    /home/giovanni/.m2/repository/com/illposed/osc/javaosc-core/0.3/javaosc-core-0.3.jar
7f89081d1000-7f89081f3000 r--p 00000000 08:07 930814                     /usr/share/locale-langpack/it/LC_MESSAGES/libc.mo
7f89081f3000-7f89081f7000 r--s 0001c000 08:07 6819169                    /home/giovanni/workspace/au4h/src/lib/org.openni.jar
7f89081f7000-7f89081fc000 r--s 002f9000 08:07 1499                       /usr/lib/jvm/java-8-openjdk-amd64/jre/lib/charsets.jar
7f89081fc000-7f89081ff000 r--s 00015000 08:07 1546                       /usr/lib/jvm/java-8-openjdk-amd64/jre/lib/jce.jar
7f89081ff000-7f8908204000 r--s 0009d000 08:07 1504                       /usr/lib/jvm/java-8-openjdk-amd64/jre/lib/jsse.jar
7f8908204000-7f8908217000 r--s 00346000 08:07 1544                       /usr/lib/jvm/java-8-openjdk-amd64/jre/lib/resources.jar
7f8908217000-7f8908232000 r--s 001d6000 08:07 1487                       /usr/lib/jvm/java-8-openjdk-amd64/jre/lib/ext/nashorn.jar
7f8908232000-7f8908233000 r--s 0000a000 08:07 1482                       /usr/lib/jvm/java-8-openjdk-amd64/jre/lib/ext/jaccess.jar
7f8908233000-7f890824e000 r--s 00394000 08:07 1485                       /usr/lib/jvm/java-8-openjdk-amd64/jre/lib/ext/cldrdata.jar
7f890824e000-7f8908251000 r--s 00038000 08:07 1478                       /usr/lib/jvm/java-8-openjdk-amd64/jre/lib/ext/sunpkcs11.jar
7f8908251000-7f89082e7000 r--s 008d7000 08:07 2098535                    /usr/share/java/openjfx/jre/lib/ext/jfxrt.jar
7f89082e7000-7f89082e9000 r--s 00001000 08:07 1484                       /usr/lib/jvm/java-8-openjdk-amd64/jre/lib/ext/dnsns.jar
7f89082e9000-7f89082ee000 r--s 0003b000 08:07 1481                       /usr/lib/jvm/java-8-openjdk-amd64/jre/lib/ext/sunjce_provider.jar
7f89082ee000-7f89082f0000 r--s 00008000 08:07 1483                       /usr/lib/jvm/java-8-openjdk-amd64/jre/lib/ext/sunec.jar
7f89082f0000-7f89082f3000 r--s 0000f000 08:07 1480                       /usr/lib/jvm/java-8-openjdk-amd64/jre/lib/ext/icedtea-sound.jar
7f89082f3000-7f89082fd000 r--s 00116000 08:07 1479                       /usr/lib/jvm/java-8-openjdk-amd64/jre/lib/ext/localedata.jar
7f89082fd000-7f89082fe000 ---p 00000000 00:00 0 
7f89082fe000-7f89084ff000 rwxp 00000000 00:00 0 
7f89084ff000-7f8908500000 ---p 00000000 00:00 0 
7f8908500000-7f8908600000 rwxp 00000000 00:00 0 
7f8908600000-7f8908601000 ---p 00000000 00:00 0 
7f8908601000-7f8908701000 rwxp 00000000 00:00 0 
7f8908701000-7f8908702000 ---p 00000000 00:00 0 
7f8908702000-7f8908903000 rwxp 00000000 00:00 0 
7f8908903000-7f8908bdd000 r--p 00000000 08:07 8004325                    /usr/lib/locale/locale-archive
7f8908bdd000-7f8908ddf000 rwxp 00000000 00:00 0 
7f8908ddf000-7f8908de0000 ---p 00000000 00:00 0 
7f8908de0000-7f8908ee0000 rwxp 00000000 00:00 0 
7f8908ee0000-7f890d000000 rw-p 00000000 00:00 0 
7f890d000000-7f890d270000 rwxp 00000000 00:00 0 
7f890d270000-7f891c000000 ---p 00000000 00:00 0 
7f891c000000-7f8920000000 rw-p 00000000 00:00 0 
7f8920000000-7f8920404000 rw-p 00000000 00:00 0 
7f8920404000-7f89205d2000 r--s 03c2c000 08:07 1503                       /usr/lib/jvm/java-8-openjdk-amd64/jre/lib/rt.jar
7f89205d2000-7f892091f000 rw-p 00000000 00:00 0 
7f892091f000-7f8920920000 ---p 00000000 00:00 0 
7f8920920000-7f8920a20000 rwxp 00000000 00:00 0 
7f8920a20000-7f8920a21000 ---p 00000000 00:00 0 
7f8920a21000-7f8920b21000 rwxp 00000000 00:00 0 
7f8920b21000-7f8920b22000 ---p 00000000 00:00 0 
7f8920b22000-7f8920c22000 rwxp 00000000 00:00 0 
7f8920c22000-7f8920c23000 ---p 00000000 00:00 0 
7f8920c23000-7f8920d23000 rwxp 00000000 00:00 0 
7f8920d23000-7f8920d42000 rw-p 00000000 00:00 0 
7f8920d42000-7f8920f08000 ---p 00000000 00:00 0 
7f8920f08000-7f8920f27000 rw-p 00000000 00:00 0 
7f8920f27000-7f89210ec000 ---p 00000000 00:00 0 
7f89210ec000-7f89210fc000 rw-p 00000000 00:00 0 
7f89210fc000-7f89211df000 ---p 00000000 00:00 0 
7f89211df000-7f89211ea000 rw-p 00000000 00:00 0 
7f89211ea000-7f89215a0000 ---p 00000000 00:00 0 
7f89215a0000-7f89215a8000 r-xp 00000000 08:07 1516                       /usr/lib/jvm/java-8-openjdk-amd64/jre/lib/amd64/libzip.so
7f89215a8000-7f89217a7000 ---p 00008000 08:07 1516                       /usr/lib/jvm/java-8-openjdk-amd64/jre/lib/amd64/libzip.so
7f89217a7000-7f89217a8000 r--p 00007000 08:07 1516                       /usr/lib/jvm/java-8-openjdk-amd64/jre/lib/amd64/libzip.so
7f89217a8000-7f89217a9000 rw-p 00008000 08:07 1516                       /usr/lib/jvm/java-8-openjdk-amd64/jre/lib/amd64/libzip.so
7f89217a9000-7f89217b4000 r-xp 00000000 08:07 1446413                    /lib/x86_64-linux-gnu/libnss_files-2.23.so
7f89217b4000-7f89219b3000 ---p 0000b000 08:07 1446413                    /lib/x86_64-linux-gnu/libnss_files-2.23.so
7f89219b3000-7f89219b4000 r--p 0000a000 08:07 1446413                    /lib/x86_64-linux-gnu/libnss_files-2.23.so
7f89219b4000-7f89219b5000 rw-p 0000b000 08:07 1446413                    /lib/x86_64-linux-gnu/libnss_files-2.23.so
7f89219b5000-7f89219bb000 rw-p 00000000 00:00 0 
7f89219bb000-7f89219c6000 r-xp 00000000 08:07 1446548                    /lib/x86_64-linux-gnu/libnss_nis-2.23.so
7f89219c6000-7f8921bc5000 ---p 0000b000 08:07 1446548                    /lib/x86_64-linux-gnu/libnss_nis-2.23.so
7f8921bc5000-7f8921bc6000 r--p 0000a000 08:07 1446548                    /lib/x86_64-linux-gnu/libnss_nis-2.23.so
7f8921bc6000-7f8921bc7000 rw-p 0000b000 08:07 1446548                    /lib/x86_64-linux-gnu/libnss_nis-2.23.so
7f8921bc7000-7f8921bdd000 r-xp 00000000 08:07 1441886                    /lib/x86_64-linux-gnu/libnsl-2.23.so
7f8921bdd000-7f8921ddc000 ---p 00016000 08:07 1441886                    /lib/x86_64-linux-gnu/libnsl-2.23.so
7f8921ddc000-7f8921ddd000 r--p 00015000 08:07 1441886                    /lib/x86_64-linux-gnu/libnsl-2.23.so
7f8921ddd000-7f8921dde000 rw-p 00016000 08:07 1441886                    /lib/x86_64-linux-gnu/libnsl-2.23.so
7f8921dde000-7f8921de0000 rw-p 00000000 00:00 0 
7f8921de0000-7f8921de8000 r-xp 00000000 08:07 1443325                    /lib/x86_64-linux-gnu/libnss_compat-2.23.so
7f8921de8000-7f8921fe7000 ---p 00008000 08:07 1443325                    /lib/x86_64-linux-gnu/libnss_compat-2.23.so
7f8921fe7000-7f8921fe8000 r--p 00007000 08:07 1443325                    /lib/x86_64-linux-gnu/libnss_compat-2.23.so
7f8921fe8000-7f8921fe9000 rw-p 00008000 08:07 1443325                    /lib/x86_64-linux-gnu/libnss_compat-2.23.so
7f8921fe9000-7f8922016000 r-xp 00000000 08:07 1519                       /usr/lib/jvm/java-8-openjdk-amd64/jre/lib/amd64/libjava.so
7f8922016000-7f8922215000 ---p 0002d000 08:07 1519                       /usr/lib/jvm/java-8-openjdk-amd64/jre/lib/amd64/libjava.so
7f8922215000-7f8922216000 r--p 0002c000 08:07 1519                       /usr/lib/jvm/java-8-openjdk-amd64/jre/lib/amd64/libjava.so
7f8922216000-7f8922218000 rw-p 0002d000 08:07 1519                       /usr/lib/jvm/java-8-openjdk-amd64/jre/lib/amd64/libjava.so
7f8922218000-7f8922227000 r-xp 00000000 08:07 1528                       /usr/lib/jvm/java-8-openjdk-amd64/jre/lib/amd64/libverify.so
7f8922227000-7f8922426000 ---p 0000f000 08:07 1528                       /usr/lib/jvm/java-8-openjdk-amd64/jre/lib/amd64/libverify.so
7f8922426000-7f8922428000 r--p 0000e000 08:07 1528                       /usr/lib/jvm/java-8-openjdk-amd64/jre/lib/amd64/libverify.so
7f8922428000-7f8922429000 rw-p 00010000 08:07 1528                       /usr/lib/jvm/java-8-openjdk-amd64/jre/lib/amd64/libverify.so
7f8922429000-7f8922430000 r-xp 00000000 08:07 1446549                    /lib/x86_64-linux-gnu/librt-2.23.so
7f8922430000-7f892262f000 ---p 00007000 08:07 1446549                    /lib/x86_64-linux-gnu/librt-2.23.so
7f892262f000-7f8922630000 r--p 00006000 08:07 1446549                    /lib/x86_64-linux-gnu/librt-2.23.so
7f8922630000-7f8922631000 rw-p 00007000 08:07 1446549                    /lib/x86_64-linux-gnu/librt-2.23.so
7f8922631000-7f8922647000 r-xp 00000000 08:07 1446568                    /lib/x86_64-linux-gnu/libgcc_s.so.1
7f8922647000-7f8922846000 ---p 00016000 08:07 1446568                    /lib/x86_64-linux-gnu/libgcc_s.so.1
7f8922846000-7f8922847000 rw-p 00015000 08:07 1446568                    /lib/x86_64-linux-gnu/libgcc_s.so.1
7f8922847000-7f892294f000 r-xp 00000000 08:07 1441885                    /lib/x86_64-linux-gnu/libm-2.23.so
7f892294f000-7f8922b4e000 ---p 00108000 08:07 1441885                    /lib/x86_64-linux-gnu/libm-2.23.so
7f8922b4e000-7f8922b4f000 r--p 00107000 08:07 1441885                    /lib/x86_64-linux-gnu/libm-2.23.so
7f8922b4f000-7f8922b50000 rw-p 00108000 08:07 1441885                    /lib/x86_64-linux-gnu/libm-2.23.so
7f8922b50000-7f8922cc2000 r-xp 00000000 08:07 7995795                    /usr/lib/x86_64-linux-gnu/libstdc++.so.6.0.21
7f8922cc2000-7f8922ec2000 ---p 00172000 08:07 7995795                    /usr/lib/x86_64-linux-gnu/libstdc++.so.6.0.21
7f8922ec2000-7f8922ecc000 r--p 00172000 08:07 7995795                    /usr/lib/x86_64-linux-gnu/libstdc++.so.6.0.21
7f8922ecc000-7f8922ece000 rw-p 0017c000 08:07 7995795                    /usr/lib/x86_64-linux-gnu/libstdc++.so.6.0.21
7f8922ece000-7f8922ed2000 rw-p 00000000 00:00 0 
7f8922ed2000-7f8923b2a000 r-xp 00000000 08:07 1514                       /usr/lib/jvm/java-8-openjdk-amd64/jre/lib/amd64/server/libjvm.so
7f8923b2a000-7f8923d2a000 ---p 00c58000 08:07 1514                       /usr/lib/jvm/java-8-openjdk-amd64/jre/lib/amd64/server/libjvm.so
7f8923d2a000-7f8923dbd000 r--p 00c58000 08:07 1514                       /usr/lib/jvm/java-8-openjdk-amd64/jre/lib/amd64/server/libjvm.so
7f8923dbd000-7f8923de6000 rw-p 00ceb000 08:07 1514                       /usr/lib/jvm/java-8-openjdk-amd64/jre/lib/amd64/server/libjvm.so
7f8923de6000-7f8923e16000 rw-p 00000000 00:00 0 
7f8923e16000-7f8923e2e000 r-xp 00000000 08:07 1441888                    /lib/x86_64-linux-gnu/libpthread-2.23.so
7f8923e2e000-7f892402d000 ---p 00018000 08:07 1441888                    /lib/x86_64-linux-gnu/libpthread-2.23.so
7f892402d000-7f892402e000 r--p 00017000 08:07 1441888                    /lib/x86_64-linux-gnu/libpthread-2.23.so
7f892402e000-7f892402f000 rw-p 00018000 08:07 1441888                    /lib/x86_64-linux-gnu/libpthread-2.23.so
7f892402f000-7f8924033000 rw-p 00000000 00:00 0 
7f8924033000-7f8924036000 r-xp 00000000 08:07 1443317                    /lib/x86_64-linux-gnu/libdl-2.23.so
7f8924036000-7f8924235000 ---p 00003000 08:07 1443317                    /lib/x86_64-linux-gnu/libdl-2.23.so
7f8924235000-7f8924236000 r--p 00002000 08:07 1443317                    /lib/x86_64-linux-gnu/libdl-2.23.so
7f8924236000-7f8924237000 rw-p 00003000 08:07 1443317                    /lib/x86_64-linux-gnu/libdl-2.23.so
7f8924237000-7f8924250000 r-xp 00000000 08:07 1446721                    /lib/x86_64-linux-gnu/libz.so.1.2.8
7f8924250000-7f892444f000 ---p 00019000 08:07 1446721                    /lib/x86_64-linux-gnu/libz.so.1.2.8
7f892444f000-7f8924450000 r--p 00018000 08:07 1446721                    /lib/x86_64-linux-gnu/libz.so.1.2.8
7f8924450000-7f8924451000 rw-p 00019000 08:07 1446721                    /lib/x86_64-linux-gnu/libz.so.1.2.8
7f8924451000-7f8924611000 r-xp 00000000 08:07 1441889                    /lib/x86_64-linux-gnu/libc-2.23.so
7f8924611000-7f8924811000 ---p 001c0000 08:07 1441889                    /lib/x86_64-linux-gnu/libc-2.23.so
7f8924811000-7f8924815000 r--p 001c0000 08:07 1441889                    /lib/x86_64-linux-gnu/libc-2.23.so
7f8924815000-7f8924817000 rw-p 001c4000 08:07 1441889                    /lib/x86_64-linux-gnu/libc-2.23.so
7f8924817000-7f892481b000 rw-p 00000000 00:00 0 
7f892481b000-7f8924828000 r-xp 00000000 08:07 1524                       /usr/lib/jvm/java-8-openjdk-amd64/jre/lib/amd64/jli/libjli.so
7f8924828000-7f8924a28000 ---p 0000d000 08:07 1524                       /usr/lib/jvm/java-8-openjdk-amd64/jre/lib/amd64/jli/libjli.so
7f8924a28000-7f8924a29000 r--p 0000d000 08:07 1524                       /usr/lib/jvm/java-8-openjdk-amd64/jre/lib/amd64/jli/libjli.so
7f8924a29000-7f8924a2a000 rw-p 0000e000 08:07 1524                       /usr/lib/jvm/java-8-openjdk-amd64/jre/lib/amd64/jli/libjli.so
7f8924a2a000-7f8924a50000 r-xp 00000000 08:07 1441887                    /lib/x86_64-linux-gnu/ld-2.23.so
7f8924a50000-7f8924a51000 r--s 00010000 08:07 1486                       /usr/lib/jvm/java-8-openjdk-amd64/jre/lib/ext/zipfs.jar
7f8924a51000-7f8924b22000 rw-p 00000000 00:00 0 
7f8924b22000-7f8924b23000 ---p 00000000 00:00 0 
7f8924b23000-7f8924c23000 rwxp 00000000 00:00 0 
7f8924c23000-7f8924c44000 rw-p 00000000 00:00 0 
7f8924c44000-7f8924c4c000 rw-s 00000000 08:07 1582022                    /tmp/hsperfdata_giovanni/4452
7f8924c4c000-7f8924c4d000 rw-p 00000000 00:00 0 
7f8924c4d000-7f8924c4e000 r--p 00000000 00:00 0 
7f8924c4e000-7f8924c4f000 rw-p 00000000 00:00 0 
7f8924c4f000-7f8924c50000 r--p 00025000 08:07 1441887                    /lib/x86_64-linux-gnu/ld-2.23.so
7f8924c50000-7f8924c51000 rw-p 00026000 08:07 1441887                    /lib/x86_64-linux-gnu/ld-2.23.so
7f8924c51000-7f8924c52000 rw-p 00000000 00:00 0 
7ffd3c0c8000-7ffd3c0e8000 rwxp 00000000 00:00 0                          [stack]
7ffd3c0e8000-7ffd3c0e9000 rw-p 00000000 00:00 0 
7ffd3c19c000-7ffd3c19f000 r--p 00000000 00:00 0                          [vvar]
7ffd3c19f000-7ffd3c1a1000 r-xp 00000000 00:00 0                          [vdso]
ffffffffff600000-ffffffffff601000 r-xp 00000000 00:00 0                  [vsyscall]

VM Arguments:
jvm_args: -Dfile.encoding=UTF-8 
java_command: it.univaq.au4h.App
java_class_path (initial): /usr/lib/jvm/java-8-openjdk-amd64/jre/lib/resources.jar:/usr/lib/jvm/java-8-openjdk-amd64/jre/lib/rt.jar:/usr/lib/jvm/java-8-openjdk-amd64/jre/lib/jsse.jar:/usr/lib/jvm/java-8-openjdk-amd64/jre/lib/jce.jar:/usr/lib/jvm/java-8-openjdk-amd64/jre/lib/charsets.jar:/usr/lib/jvm/java-8-openjdk-amd64/jre/lib/ext/localedata.jar:/usr/lib/jvm/java-8-openjdk-amd64/jre/lib/ext/icedtea-sound.jar:/usr/lib/jvm/java-8-openjdk-amd64/jre/lib/ext/sunec.jar:/usr/lib/jvm/java-8-openjdk-amd64/jre/lib/ext/zipfs.jar:/usr/lib/jvm/java-8-openjdk-amd64/jre/lib/ext/sunjce_provider.jar:/usr/lib/jvm/java-8-openjdk-amd64/jre/lib/ext/dnsns.jar:/usr/lib/jvm/java-8-openjdk-amd64/jre/lib/ext/jfxrt.jar:/usr/lib/jvm/java-8-openjdk-amd64/jre/lib/ext/sunpkcs11.jar:/usr/lib/jvm/java-8-openjdk-amd64/jre/lib/ext/cldrdata.jar:/usr/lib/jvm/java-8-openjdk-amd64/jre/lib/ext/jaccess.jar:/usr/lib/jvm/java-8-openjdk-amd64/jre/lib/ext/nashorn.jar:/home/giovanni/workspace/au4h/target/classes:/home/giovanni/workspace/au4h/src/lib/org.openni.jar:/home/giovanni/.m2/repository/com/illposed/osc/javaosc-core/0.3/javaosc-core-0.3.jar
Launcher Type: SUN_STANDARD

Environment Variables:
JAVA_HOME=/usr/lib/jvm/java-8-openjdk-amd64
PATH=/home/giovanni/bin:/home/giovanni/.local/bin:/opt/maven/bin:/usr/local/sbin:/usr/local/bin:/usr/sbin:/usr/bin:/sbin:/bin:/usr/games:/usr/local/games:/snap/bin
SHELL=/bin/bash
DISPLAY=:0

Signal Handlers:
SIGSEGV: [libjvm.so+0xa6dcc0], sa_mask[0]=11111111011111111101111111111110, sa_flags=SA_RESTART|SA_SIGINFO
SIGBUS: [libjvm.so+0xa6dcc0], sa_mask[0]=11111111011111111101111111111110, sa_flags=SA_RESTART|SA_SIGINFO
SIGFPE: [libjvm.so+0x8b5350], sa_mask[0]=11111111011111111101111111111110, sa_flags=SA_RESTART|SA_SIGINFO
SIGPIPE: [libjvm.so+0x8b5350], sa_mask[0]=11111111011111111101111111111110, sa_flags=SA_RESTART|SA_SIGINFO
SIGXFSZ: [libjvm.so+0x8b5350], sa_mask[0]=11111111011111111101111111111110, sa_flags=SA_RESTART|SA_SIGINFO
SIGILL: [libjvm.so+0x8b5350], sa_mask[0]=11111111011111111101111111111110, sa_flags=SA_RESTART|SA_SIGINFO
SIGUSR1: SIG_DFL, sa_mask[0]=00000000000000000000000000000000, sa_flags=none
SIGUSR2: [libjvm.so+0x8b5200], sa_mask[0]=00100000000000000000000000000000, sa_flags=SA_RESTART|SA_SIGINFO
SIGHUP: [libjvm.so+0x8b56d0], sa_mask[0]=11111111011111111101111111111110, sa_flags=SA_RESTART|SA_SIGINFO
SIGINT: [libjvm.so+0x8b56d0], sa_mask[0]=11111111011111111101111111111110, sa_flags=SA_RESTART|SA_SIGINFO
SIGTERM: [libjvm.so+0x8b56d0], sa_mask[0]=11111111011111111101111111111110, sa_flags=SA_RESTART|SA_SIGINFO
SIGQUIT: [libjvm.so+0x8b56d0], sa_mask[0]=11111111011111111101111111111110, sa_flags=SA_RESTART|SA_SIGINFO


---------------  S Y S T E M  ---------------

OS:DISTRIB_ID=Ubuntu
DISTRIB_RELEASE=16.04
DISTRIB_CODENAME=xenial
DISTRIB_DESCRIPTION="Ubuntu 16.04.4 LTS"

uname:Linux 4.13.0-38-generic #43~16.04.1-Ubuntu SMP Wed Mar 14 17:48:43 UTC 2018 x86_64
libc:glibc 2.23 NPTL 2.23 
rlimit: STACK 8192k, CORE 0k, NPROC 23054, NOFILE 1048576, AS infinity
load average:2,31 1,86 1,34

/proc/meminfo:
MemTotal:        5953868 kB
MemFree:          535868 kB
MemAvailable:    1136220 kB
Buffers:           51280 kB
Cached:          1017436 kB
SwapCached:            0 kB
Active:          4151260 kB
Inactive:        1056136 kB
Active(anon):    3748788 kB
Inactive(anon):   671632 kB
Active(file):     402472 kB
Inactive(file):   384504 kB
Unevictable:          80 kB
Mlocked:              80 kB
SwapTotal:       6137852 kB
SwapFree:        6128880 kB
Dirty:               128 kB
Writeback:             0 kB
AnonPages:       4138824 kB
Mapped:           332288 kB
Shmem:            281748 kB
Slab:              95716 kB
SReclaimable:      56480 kB
SUnreclaim:        39236 kB
KernelStack:        9824 kB
PageTables:        40548 kB
NFS_Unstable:          0 kB
Bounce:                0 kB
WritebackTmp:          0 kB
CommitLimit:     9114784 kB
Committed_AS:    6188720 kB
VmallocTotal:   34359738367 kB
VmallocUsed:           0 kB
VmallocChunk:          0 kB
HardwareCorrupted:     0 kB
AnonHugePages:         0 kB
ShmemHugePages:        0 kB
ShmemPmdMapped:        0 kB
CmaTotal:              0 kB
CmaFree:               0 kB
HugePages_Total:       0
HugePages_Free:        0
HugePages_Rsvd:        0
HugePages_Surp:        0
Hugepagesize:       2048 kB
DirectMap4k:      131328 kB
DirectMap2M:     6008832 kB


CPU:total 4 (initial active 4) (2 cores per cpu, 2 threads per core) family 6 model 42 stepping 7, cmov, cx8, fxsr, mmx, sse, sse2, sse3, ssse3, sse4.1, sse4.2, popcnt, avx, clmul, ht, tsc, tscinvbit

/proc/cpuinfo:
processor	: 0
vendor_id	: GenuineIntel
cpu family	: 6
model		: 42
model name	: Intel(R) Core(TM) i5-2410M CPU @ 2.30GHz
stepping	: 7
microcode	: 0x17
cpu MHz		: 2693.980
cache size	: 3072 KB
physical id	: 0
siblings	: 4
core id		: 0
cpu cores	: 2
apicid		: 0
initial apicid	: 0
fpu		: yes
fpu_exception	: yes
cpuid level	: 13
wp		: yes
flags		: fpu vme de pse tsc msr pae mce cx8 apic sep mtrr pge mca cmov pat pse36 clflush dts acpi mmx fxsr sse sse2 ss ht tm pbe syscall nx rdtscp lm constant_tsc arch_perfmon pebs bts rep_good nopl xtopology nonstop_tsc cpuid aperfmperf pni pclmulqdq dtes64 monitor ds_cpl vmx est tm2 ssse3 cx16 xtpr pdcm pcid sse4_1 sse4_2 x2apic popcnt tsc_deadline_timer xsave avx lahf_lm epb pti retpoline tpr_shadow vnmi flexpriority ept vpid xsaveopt dtherm ida arat pln pts
bugs		: cpu_meltdown spectre_v1 spectre_v2
bogomips	: 4589.74
clflush size	: 64
cache_alignment	: 64
address sizes	: 36 bits physical, 48 bits virtual
power management:

processor	: 1
vendor_id	: GenuineIntel
cpu family	: 6
model		: 42
model name	: Intel(R) Core(TM) i5-2410M CPU @ 2.30GHz
stepping	: 7
microcode	: 0x17
cpu MHz		: 2693.980
cache size	: 3072 KB
physical id	: 0
siblings	: 4
core id		: 0
cpu cores	: 2
apicid		: 1
initial apicid	: 1
fpu		: yes
fpu_exception	: yes
cpuid level	: 13
wp		: yes
flags		: fpu vme de pse tsc msr pae mce cx8 apic sep mtrr pge mca cmov pat pse36 clflush dts acpi mmx fxsr sse sse2 ss ht tm pbe syscall nx rdtscp lm constant_tsc arch_perfmon pebs bts rep_good nopl xtopology nonstop_tsc cpuid aperfmperf pni pclmulqdq dtes64 monitor ds_cpl vmx est tm2 ssse3 cx16 xtpr pdcm pcid sse4_1 sse4_2 x2apic popcnt tsc_deadline_timer xsave avx lahf_lm epb pti retpoline tpr_shadow vnmi flexpriority ept vpid xsaveopt dtherm ida arat pln pts
bugs		: cpu_meltdown spectre_v1 spectre_v2
bogomips	: 4589.74
clflush size	: 64
cache_alignment	: 64
address sizes	: 36 bits physical, 48 bits virtual
power management:

processor	: 2
vendor_id	: GenuineIntel
cpu family	: 6
model		: 42
model name	: Intel(R) Core(TM) i5-2410M CPU @ 2.30GHz
stepping	: 7
microcode	: 0x17
cpu MHz		: 2693.980
cache size	: 3072 KB
physical id	: 0
siblings	: 4
core id		: 1
cpu cores	: 2
apicid		: 2
initial apicid	: 2
fpu		: yes
fpu_exception	: yes
cpuid level	: 13
wp		: yes
flags		: fpu vme de pse tsc msr pae mce cx8 apic sep mtrr pge mca cmov pat pse36 clflush dts acpi mmx fxsr sse sse2 ss ht tm pbe syscall nx rdtscp lm constant_tsc arch_perfmon pebs bts rep_good nopl xtopology nonstop_tsc cpuid aperfmperf pni pclmulqdq dtes64 monitor ds_cpl vmx est tm2 ssse3 cx16 xtpr pdcm pcid sse4_1 sse4_2 x2apic popcnt tsc_deadline_timer xsave avx lahf_lm epb pti retpoline tpr_shadow vnmi flexpriority ept vpid xsaveopt dtherm ida arat pln pts
bugs		: cpu_meltdown spectre_v1 spectre_v2
bogomips	: 4589.74
clflush size	: 64
cache_alignment	: 64
address sizes	: 36 bits physical, 48 bits virtual
power management:

processor	: 3
vendor_id	: GenuineIntel
cpu family	: 6
model		: 42
model name	: Intel(R) Core(TM) i5-2410M CPU @ 2.30GHz
stepping	: 7
microcode	: 0x17
cpu MHz		: 2693.981
cache size	: 3072 KB
physical id	: 0
siblings	: 4
core id		: 1
cpu cores	: 2
apicid		: 3
initial apicid	: 3
fpu		: yes
fpu_exception	: yes
cpuid level	: 13
wp		: yes
flags		: fpu vme de pse tsc msr pae mce cx8 apic sep mtrr pge mca cmov pat pse36 clflush dts acpi mmx fxsr sse sse2 ss ht tm pbe syscall nx rdtscp lm constant_tsc arch_perfmon pebs bts rep_good nopl xtopology nonstop_tsc cpuid aperfmperf pni pclmulqdq dtes64 monitor ds_cpl vmx est tm2 ssse3 cx16 xtpr pdcm pcid sse4_1 sse4_2 x2apic popcnt tsc_deadline_timer xsave avx lahf_lm epb pti retpoline tpr_shadow vnmi flexpriority ept vpid xsaveopt dtherm ida arat pln pts
bugs		: cpu_meltdown spectre_v1 spectre_v2
bogomips	: 4589.74
clflush size	: 64
cache_alignment	: 64
address sizes	: 36 bits physical, 48 bits virtual
power management:



Memory: 4k page, physical 5953868k(531340k free), swap 6137852k(6128880k free)

vm_info: OpenJDK 64-Bit Server VM (25.162-b12) for linux-amd64 JRE (1.8.0_162-8u162-b12-0ubuntu0.16.04.2-b12), built on Mar 14 2018 12:11:18 by "buildd" with gcc 5.4.0 20160609

time: Tue Apr 10 19:21:35 2018
elapsed time: 1 seconds (0d 0h 0m 1s)

