#
# A fatal error has been detected by the Java Runtime Environment:
#
#  SIGSEGV (0xb) at pc=0x00007f13da71efd6, pid=5844, tid=0x00007f1425e6a700
#
# JRE version: OpenJDK Runtime Environment (8.0_162-b12) (build 1.8.0_162-8u162-b12-0ubuntu0.16.04.2-b12)
# Java VM: OpenJDK 64-Bit Server VM (25.162-b12 mixed mode linux-amd64 compressed oops)
# Problematic frame:
# C  [libXnVFeatures_1_5_2.so+0x8cfd6]  Segmentation::detectionByPoint(bool, std::vector<Vector2D<int>, std::allocator<Vector2D<int> > > const*)+0x106
#
# Failed to write core dump. Core dumps have been disabled. To enable core dumping, try "ulimit -c unlimited" before starting Java again
#
# If you would like to submit a bug report, please visit:
#   http://bugreport.java.com/bugreport/crash.jsp
# The crash happened outside the Java Virtual Machine in native code.
# See problematic frame for where to report the bug.
#

---------------  T H R E A D  ---------------

Current thread (0x00007f141c00b000):  JavaThread "main" [_thread_in_native, id=5847, stack(0x00007f1425d6a000,0x00007f1425e6b000)]

siginfo: si_signo: 11 (SIGSEGV), si_code: 1 (SEGV_MAPERR), si_addr: 0x00007f121cadf350

Registers:
RAX=0x00007f141cadf350, RBX=0x00007f13be52fff8, RCX=0x000000000000000a, RDX=0xffffffff80000000
RSP=0x00007f1425e69360, RBP=0x00007f13ca186e60, RSI=0x0000000080000000, RDI=0x00007f13ca186e60
R8 =0x0000000080000000, R9 =0x000000007fffffff, R10=0x00007f13ca1e2060, R11=0x0000000000000000
R12=0x0000000000000000, R13=0x00007f13ca186fe0, R14=0x00007f1425e694e0, R15=0x00007f13dacdb0e8
RIP=0x00007f13da71efd6, EFLAGS=0x0000000000010a12, CSGSFS=0x002b000000000033, ERR=0x0000000000000004
  TRAPNO=0x000000000000000e

Top of Stack: (sp=0x00007f1425e69360)
0x00007f1425e69360:   00007f13c91f6050 0000000000000004
0x00007f1425e69370:   00007f13ca271ba8 00007f13ca1e20e0
0x00007f1425e69380:   8000000000000001 00007f13ca2766f8
0x00007f1425e69390:   00007f13dacc9e40 00007f13ca186e60
0x00007f1425e693a0:   00007f13ca186fe0 00007f13ca181d80
0x00007f1425e693b0:   0000000000000000 00007f1425e694e0
0x00007f1425e693c0:   0000000000000000 00007f13da71fd77
0x00007f1425e693d0:   0000000000000002 00007f13ca181d80
0x00007f1425e693e0:   00000000001127c6 00000000001127c6
0x00007f1425e693f0:   0000000000000000 3ff0000000000000
0x00007f1425e69400:   00007f13ca181d80 00007f13c91f6010
0x00007f1425e69410:   00007f1425e694e0 00007f13c91f6028
0x00007f1425e69420:   00007f13c91f6050 00007f13ca160f88
0x00007f1425e69430:   00007f13ca181d80 00007f13da7082e9
0x00007f1425e69440:   00007f141c00b000 00007f13ca277190
0x00007f1425e69450:   6d68732f7665642f 00007f1425e694e0
0x00007f1425e69460:   0000000000110c5a 0000000000110c5a
0x00007f1425e69470:   0000000000000000 3ff0000000000000
0x00007f1425e69480:   00007f1425e694d0 00007f1420003028
0x00007f1425e69490:   0000000000000002 00007f1420003000
0x00007f1425e694a0:   00007f141ca5ef30 00007f1425e694e0
0x00007f1425e694b0:   00007f141c00b000 00007f13da6de88d
0x00007f1425e694c0:   000000000000008f 00007f1425790919
0x00007f1425e694d0:   000000470000003d 00007f1408f97426
0x00007f1425e694e0:   00007f13be52fff0 00007f13be530000
0x00007f1425e694f0:   00007f13be530000 00007f141ca5ef30
0x00007f1425e69500:   00007f141ca5ef30 0000000000000001
0x00007f1425e69510:   00007f141c2b4a00 00007f141c235760
0x00007f1425e69520:   00007f1425e698a0 00007f13da6dee5b
0x00007f1425e69530:   00007f141c2ad130 ffffffffffffffff
0x00007f1425e69540:   00007f13dacc4c30 0000000000000000
0x00007f1425e69550:   000000000007a33a 0009600000000001 

Instructions: (pc=0x00007f13da71efd6)
0x00007f13da71efb6:   e2 05 49 01 ea 41 8b 42 18 41 2b 42 0c 49 63 52
0x00007f13da71efc6:   1c f3 0f 2a c0 48 8b 85 50 a3 0e 00 48 8b 40 60
0x00007f13da71efd6:   f3 0f 59 04 90 f3 0f 2c c0 3d 1f 03 00 00 0f 8e
0x00007f13da71efe6:   56 ff ff ff 44 89 e6 48 89 ef 89 44 24 10 4c 89 

Register to memory mapping:

RAX=0x00007f141cadf350 is an unknown value
RBX=0x00007f13be52fff8 is an unknown value
RCX=0x000000000000000a is an unknown value
RDX=0xffffffff80000000 is an unknown value
RSP=0x00007f1425e69360 is pointing into the stack for thread: 0x00007f141c00b000
RBP=0x00007f13ca186e60 is an unknown value
RSI=0x0000000080000000 is an unknown value
RDI=0x00007f13ca186e60 is an unknown value
R8 =0x0000000080000000 is an unknown value
R9 =0x000000007fffffff is an unknown value
R10=0x00007f13ca1e2060 is an unknown value
R11=0x0000000000000000 is an unknown value
R12=0x0000000000000000 is an unknown value
R13=0x00007f13ca186fe0 is an unknown value
R14=0x00007f1425e694e0 is pointing into the stack for thread: 0x00007f141c00b000
R15=0x00007f13dacdb0e8: <offset 0x6490e8> in /usr/lib/libXnVFeatures_1_5_2.so at 0x00007f13da692000


Stack: [0x00007f1425d6a000,0x00007f1425e6b000],  sp=0x00007f1425e69360,  free space=1020k
Native frames: (J=compiled Java code, j=interpreted, Vv=VM code, C=native code)
C  [libXnVFeatures_1_5_2.so+0x8cfd6]  Segmentation::detectionByPoint(bool, std::vector<Vector2D<int>, std::allocator<Vector2D<int> > > const*)+0x106

Java frames: (J=compiled Java code, j=interpreted, Vv=VM code)
j  org.openni.NativeMethods.xnWaitAnyUpdateAll(J)I+0
j  org.openni.Context.waitAnyUpdateAll()V+4
j  it.univaq.au4h.helpers.NIHelper.waitUpdates()V+4
j  it.univaq.au4h.controllers.MainController.run()V+9
j  it.univaq.au4h.App.main([Ljava/lang/String;)V+45
v  ~StubRoutines::call_stub

---------------  P R O C E S S  ---------------

Java Threads: ( => current thread )
  0x00007f13be541000 JavaThread "AWT-EventQueue-0" [_thread_blocked, id=5874, stack(0x00007f13b831c000,0x00007f13b841d000)]
  0x00007f13be53f000 JavaThread "AWT-Shutdown" [_thread_blocked, id=5873, stack(0x00007f13b841d000,0x00007f13b851e000)]
  0x00007f13be4f7800 JavaThread "AWT-XAWT" daemon [_thread_in_vm, id=5872, stack(0x00007f13b851e000,0x00007f13b861f000)]
  0x00007f13be4d4000 JavaThread "Java2D Disposer" daemon [_thread_blocked, id=5871, stack(0x00007f13b8a2f000,0x00007f13b8b30000)]
  0x00007f141c0c2800 JavaThread "Service Thread" daemon [_thread_blocked, id=5862, stack(0x00007f14095ac000,0x00007f14096ad000)]
  0x00007f141c0b3000 JavaThread "C1 CompilerThread2" daemon [_thread_blocked, id=5861, stack(0x00007f14096ad000,0x00007f14097ae000)]
  0x00007f141c0b1800 JavaThread "C2 CompilerThread1" daemon [_thread_blocked, id=5860, stack(0x00007f14097ae000,0x00007f14098af000)]
  0x00007f141c0ae800 JavaThread "C2 CompilerThread0" daemon [_thread_blocked, id=5859, stack(0x00007f14098af000,0x00007f14099b0000)]
  0x00007f141c0ac800 JavaThread "Signal Dispatcher" daemon [_thread_blocked, id=5858, stack(0x00007f14099b0000,0x00007f1409ab1000)]
  0x00007f141c084800 JavaThread "Finalizer" daemon [_thread_blocked, id=5857, stack(0x00007f1409d8b000,0x00007f1409e8c000)]
  0x00007f141c080000 JavaThread "Reference Handler" daemon [_thread_blocked, id=5856, stack(0x00007f1409e8c000,0x00007f1409f8d000)]
=>0x00007f141c00b000 JavaThread "main" [_thread_in_native, id=5847, stack(0x00007f1425d6a000,0x00007f1425e6b000)]

Other Threads:
  0x00007f141c078800 VMThread [stack: 0x00007f1409f8d000,0x00007f140a08e000] [id=5855]
  0x00007f141c0c5800 WatcherThread [stack: 0x00007f14094ab000,0x00007f14095ac000] [id=5863]

VM state:not at safepoint (normal execution)

VM Mutex/Monitor currently owned by a thread: None

Heap:
 PSYoungGen      total 27648K, used 7657K [0x00000000e1b80000, 0x00000000e3a00000, 0x0000000100000000)
  eden space 24064K, 31% used [0x00000000e1b80000,0x00000000e22fa690,0x00000000e3300000)
  from space 3584K, 0% used [0x00000000e3680000,0x00000000e3680000,0x00000000e3a00000)
  to   space 3584K, 0% used [0x00000000e3300000,0x00000000e3300000,0x00000000e3680000)
 ParOldGen       total 62976K, used 0K [0x00000000a5200000, 0x00000000a8f80000, 0x00000000e1b80000)
  object space 62976K, 0% used [0x00000000a5200000,0x00000000a5200000,0x00000000a8f80000)
 Metaspace       used 9051K, capacity 9198K, committed 9344K, reserved 1056768K
  class space    used 995K, capacity 1062K, committed 1152K, reserved 1048576K

Card table byte_map: [0x00007f1422150000,0x00007f1422428000] byte_map_base: 0x00007f1421c27000

Marking Bits: (ParMarkBitMap*) 0x00007f1425041300
 Begin Bits: [0x00007f140a290000, 0x00007f140b948000)
 End Bits:   [0x00007f140b948000, 0x00007f140d000000)

Polling page: 0x00007f1425e95000

CodeCache: size=245760Kb used=1926Kb max_used=1926Kb free=243833Kb
 bounds [0x00007f140d000000, 0x00007f140d270000, 0x00007f141c000000]
 total_blobs=859 nmethods=382 adapters=392
 compilation: enabled

Compilation events (10 events):
Event: 1,335 Thread 0x00007f141c0b3000 nmethod 377 0x00007f140d1df7d0 code [0x00007f140d1df940, 0x00007f140d1dfb68]
Event: 1,335 Thread 0x00007f141c0b3000  378       3       java.util.concurrent.locks.ReentrantLock$NonfairSync::lock (25 bytes)
Event: 1,335 Thread 0x00007f141c0b3000 nmethod 378 0x00007f140d1dfc10 code [0x00007f140d1dfde0, 0x00007f140d1e0638]
Event: 1,335 Thread 0x00007f141c0b3000  380       3       sun.awt.SunToolkit::awtLock (7 bytes)
Event: 1,336 Thread 0x00007f141c0b3000 nmethod 380 0x00007f140d1e0890 code [0x00007f140d1e0a00, 0x00007f140d1e0ce8]
Event: 1,336 Thread 0x00007f141c0b3000  379       3       java.util.concurrent.locks.ReentrantLock::unlock (10 bytes)
Event: 1,336 Thread 0x00007f141c0b3000 nmethod 379 0x00007f140d1e0e10 code [0x00007f140d1e0fa0, 0x00007f140d1e1398]
Event: 1,340 Thread 0x00007f141c0b3000  381       3       sun.awt.X11.Native::getLong (25 bytes)
Event: 1,340 Thread 0x00007f141c0b3000 nmethod 381 0x00007f140d1e14d0 code [0x00007f140d1e1640, 0x00007f140d1e17f0]
Event: 1,344 Thread 0x00007f141c0b3000  382       3       sun.awt.X11.XWrapperBase::<init> (5 bytes)

GC Heap History (0 events):
No events

Deoptimization events (1 events):
Event: 1,215 Thread 0x00007f141c00b000 Uncommon trap: reason=unstable_if action=reinterpret pc=0x00007f140d1a92c8 method=java.lang.String.indexOf([CII[CIII)I @ 134

Classes redefined (0 events):
No events

Internal exceptions (10 events):
Event: 1,112 Thread 0x00007f141c00b000 Exception <a 'java/security/PrivilegedActionException'> (0x00000000e1e41a58) thrown at [/build/openjdk-8-OdO8jS/openjdk-8-8u162-b12/src/hotspot/src/share/vm/prims/jvm.cpp, line 1390]
Event: 1,113 Thread 0x00007f141c00b000 Exception <a 'java/security/PrivilegedActionException'> (0x00000000e1e43ae0) thrown at [/build/openjdk-8-OdO8jS/openjdk-8-8u162-b12/src/hotspot/src/share/vm/prims/jvm.cpp, line 1390]
Event: 1,113 Thread 0x00007f141c00b000 Exception <a 'java/security/PrivilegedActionException'> (0x00000000e1e43cf0) thrown at [/build/openjdk-8-OdO8jS/openjdk-8-8u162-b12/src/hotspot/src/share/vm/prims/jvm.cpp, line 1390]
Event: 1,113 Thread 0x00007f141c00b000 Exception <a 'java/security/PrivilegedActionException'> (0x00000000e1e447c8) thrown at [/build/openjdk-8-OdO8jS/openjdk-8-8u162-b12/src/hotspot/src/share/vm/prims/jvm.cpp, line 1390]
Event: 1,113 Thread 0x00007f141c00b000 Exception <a 'java/security/PrivilegedActionException'> (0x00000000e1e449d8) thrown at [/build/openjdk-8-OdO8jS/openjdk-8-8u162-b12/src/hotspot/src/share/vm/prims/jvm.cpp, line 1390]
Event: 1,161 Thread 0x00007f141c00b000 Exception <a 'java/lang/NoSuchFieldError': method resolution failed> (0x00000000e1f16020) thrown at [/build/openjdk-8-OdO8jS/openjdk-8-8u162-b12/src/hotspot/src/share/vm/prims/methodHandles.cpp, line 1167]
Event: 1,163 Thread 0x00007f141c00b000 Exception <a 'java/lang/NoSuchFieldError': method resolution failed> (0x00000000e1f237f0) thrown at [/build/openjdk-8-OdO8jS/openjdk-8-8u162-b12/src/hotspot/src/share/vm/prims/methodHandles.cpp, line 1167]
Event: 1,187 Thread 0x00007f141c00b000 Exception <a 'java/io/FileNotFoundException'> (0x00000000e1f9d300) thrown at [/build/openjdk-8-OdO8jS/openjdk-8-8u162-b12/src/hotspot/src/share/vm/prims/jni.cpp, line 709]
Event: 1,187 Thread 0x00007f141c00b000 Exception <a 'java/io/FileNotFoundException'> (0x00000000e1f9dd20) thrown at [/build/openjdk-8-OdO8jS/openjdk-8-8u162-b12/src/hotspot/src/share/vm/prims/jni.cpp, line 709]
Event: 1,214 Thread 0x00007f141c00b000 Exception <a 'java/lang/ClassNotFoundException': sun/dc/DuctusRenderingEngine> (0x00000000e20c53f8) thrown at [/build/openjdk-8-OdO8jS/openjdk-8-8u162-b12/src/hotspot/src/share/vm/classfile/systemDictionary.cpp, line 210]

Events (10 events):
Event: 1,334 loading class java/awt/event/WindowEvent
Event: 1,334 loading class java/awt/event/WindowEvent done
Event: 1,335 loading class sun/awt/X11/XReparentEvent
Event: 1,335 loading class sun/awt/X11/XReparentEvent done
Event: 1,340 loading class sun/awt/X11/XWindowPeer$2
Event: 1,340 loading class sun/awt/X11/XWindowPeer$2 done
Event: 1,341 loading class sun/awt/X11/XVisibilityEvent
Event: 1,342 loading class sun/awt/X11/XVisibilityEvent done
Event: 1,343 loading class sun/awt/X11/XExposeEvent
Event: 1,343 loading class sun/awt/X11/XExposeEvent done


Dynamic libraries:
00400000-00401000 r-xp 00000000 08:07 1556                               /usr/lib/jvm/java-8-openjdk-amd64/jre/bin/java
00600000-00601000 r--p 00000000 08:07 1556                               /usr/lib/jvm/java-8-openjdk-amd64/jre/bin/java
00601000-00602000 rw-p 00001000 08:07 1556                               /usr/lib/jvm/java-8-openjdk-amd64/jre/bin/java
01b7b000-01b9c000 rw-p 00000000 00:00 0                                  [heap]
a5200000-a8f80000 rw-p 00000000 00:00 0 
a8f80000-e1b80000 ---p 00000000 00:00 0 
e1b80000-e3a00000 rw-p 00000000 00:00 0 
e3a00000-100000000 ---p 00000000 00:00 0 
100000000-100120000 rw-p 00000000 00:00 0 
100120000-140000000 ---p 00000000 00:00 0 
7f13a4000000-7f13a4021000 rw-p 00000000 00:00 0 
7f13a4021000-7f13a8000000 ---p 00000000 00:00 0 
7f13ac000000-7f13ac021000 rw-p 00000000 00:00 0 
7f13ac021000-7f13b0000000 ---p 00000000 00:00 0 
7f13b0000000-7f13b0021000 rw-p 00000000 00:00 0 
7f13b0021000-7f13b4000000 ---p 00000000 00:00 0 
7f13b4000000-7f13b4021000 rw-p 00000000 00:00 0 
7f13b4021000-7f13b8000000 ---p 00000000 00:00 0 
7f13b831c000-7f13b831f000 ---p 00000000 00:00 0 
7f13b831f000-7f13b841d000 rwxp 00000000 00:00 0 
7f13b841d000-7f13b8420000 ---p 00000000 00:00 0 
7f13b8420000-7f13b851e000 rwxp 00000000 00:00 0 
7f13b851e000-7f13b8521000 ---p 00000000 00:00 0 
7f13b8521000-7f13b861f000 rwxp 00000000 00:00 0 
7f13b861f000-7f13b8624000 r-xp 00000000 08:07 8003815                    /usr/lib/x86_64-linux-gnu/libXfixes.so.3.1.0
7f13b8624000-7f13b8823000 ---p 00005000 08:07 8003815                    /usr/lib/x86_64-linux-gnu/libXfixes.so.3.1.0
7f13b8823000-7f13b8824000 r--p 00004000 08:07 8003815                    /usr/lib/x86_64-linux-gnu/libXfixes.so.3.1.0
7f13b8824000-7f13b8825000 rw-p 00005000 08:07 8003815                    /usr/lib/x86_64-linux-gnu/libXfixes.so.3.1.0
7f13b8825000-7f13b882e000 r-xp 00000000 08:07 8002929                    /usr/lib/x86_64-linux-gnu/libXcursor.so.1.0.2
7f13b882e000-7f13b8a2d000 ---p 00009000 08:07 8002929                    /usr/lib/x86_64-linux-gnu/libXcursor.so.1.0.2
7f13b8a2d000-7f13b8a2e000 r--p 00008000 08:07 8002929                    /usr/lib/x86_64-linux-gnu/libXcursor.so.1.0.2
7f13b8a2e000-7f13b8a2f000 rw-p 00009000 08:07 8002929                    /usr/lib/x86_64-linux-gnu/libXcursor.so.1.0.2
7f13b8a2f000-7f13b8a32000 ---p 00000000 00:00 0 
7f13b8a32000-7f13b8b30000 rwxp 00000000 00:00 0 
7f13b8b30000-7f13b8b54000 r-xp 00000000 08:07 1446671                    /lib/x86_64-linux-gnu/libpng12.so.0.54.0
7f13b8b54000-7f13b8d53000 ---p 00024000 08:07 1446671                    /lib/x86_64-linux-gnu/libpng12.so.0.54.0
7f13b8d53000-7f13b8d54000 r--p 00023000 08:07 1446671                    /lib/x86_64-linux-gnu/libpng12.so.0.54.0
7f13b8d54000-7f13b8d55000 rw-p 00024000 08:07 1446671                    /lib/x86_64-linux-gnu/libpng12.so.0.54.0
7f13b8d55000-7f13b8df9000 r-xp 00000000 08:07 8004238                    /usr/lib/x86_64-linux-gnu/libfreetype.so.6.12.1
7f13b8df9000-7f13b8ff8000 ---p 000a4000 08:07 8004238                    /usr/lib/x86_64-linux-gnu/libfreetype.so.6.12.1
7f13b8ff8000-7f13b8ffe000 r--p 000a3000 08:07 8004238                    /usr/lib/x86_64-linux-gnu/libfreetype.so.6.12.1
7f13b8ffe000-7f13b8fff000 rw-p 000a9000 08:07 8004238                    /usr/lib/x86_64-linux-gnu/libfreetype.so.6.12.1
7f13b8fff000-7f13bc000000 rw-p 00000000 00:00 0 
7f13bc000000-7f13be6eb000 rw-p 00000000 00:00 0 
7f13be6eb000-7f13c0000000 ---p 00000000 00:00 0 
7f13c000f000-7f13c0061000 r-xp 00000000 08:07 1509                       /usr/lib/jvm/java-8-openjdk-amd64/jre/lib/amd64/libfontmanager.so
7f13c0061000-7f13c0261000 ---p 00052000 08:07 1509                       /usr/lib/jvm/java-8-openjdk-amd64/jre/lib/amd64/libfontmanager.so
7f13c0261000-7f13c0263000 r--p 00052000 08:07 1509                       /usr/lib/jvm/java-8-openjdk-amd64/jre/lib/amd64/libfontmanager.so
7f13c0263000-7f13c0264000 rw-p 00054000 08:07 1509                       /usr/lib/jvm/java-8-openjdk-amd64/jre/lib/amd64/libfontmanager.so
7f13c0264000-7f13c027a000 r-xp 00000000 08:07 1529                       /usr/lib/jvm/java-8-openjdk-amd64/jre/lib/amd64/libnet.so
7f13c027a000-7f13c047a000 ---p 00016000 08:07 1529                       /usr/lib/jvm/java-8-openjdk-amd64/jre/lib/amd64/libnet.so
7f13c047a000-7f13c047b000 r--p 00016000 08:07 1529                       /usr/lib/jvm/java-8-openjdk-amd64/jre/lib/amd64/libnet.so
7f13c047b000-7f13c047c000 rw-p 00017000 08:07 1529                       /usr/lib/jvm/java-8-openjdk-amd64/jre/lib/amd64/libnet.so
7f13c047c000-7f13c0481000 r-xp 00000000 08:07 8003811                    /usr/lib/x86_64-linux-gnu/libXdmcp.so.6.0.0
7f13c0481000-7f13c0680000 ---p 00005000 08:07 8003811                    /usr/lib/x86_64-linux-gnu/libXdmcp.so.6.0.0
7f13c0680000-7f13c0681000 r--p 00004000 08:07 8003811                    /usr/lib/x86_64-linux-gnu/libXdmcp.so.6.0.0
7f13c0681000-7f13c0682000 rw-p 00005000 08:07 8003811                    /usr/lib/x86_64-linux-gnu/libXdmcp.so.6.0.0
7f13c0682000-7f13c0684000 r-xp 00000000 08:07 8003800                    /usr/lib/x86_64-linux-gnu/libXau.so.6.0.0
7f13c0684000-7f13c0884000 ---p 00002000 08:07 8003800                    /usr/lib/x86_64-linux-gnu/libXau.so.6.0.0
7f13c0884000-7f13c0885000 r--p 00002000 08:07 8003800                    /usr/lib/x86_64-linux-gnu/libXau.so.6.0.0
7f13c0885000-7f13c0886000 rw-p 00003000 08:07 8003800                    /usr/lib/x86_64-linux-gnu/libXau.so.6.0.0
7f13c0886000-7f13c08a7000 r-xp 00000000 08:07 8005218                    /usr/lib/x86_64-linux-gnu/libxcb.so.1.1.0
7f13c08a7000-7f13c0aa6000 ---p 00021000 08:07 8005218                    /usr/lib/x86_64-linux-gnu/libxcb.so.1.1.0
7f13c0aa6000-7f13c0aa7000 r--p 00020000 08:07 8005218                    /usr/lib/x86_64-linux-gnu/libxcb.so.1.1.0
7f13c0aa7000-7f13c0aa8000 rw-p 00021000 08:07 8005218                    /usr/lib/x86_64-linux-gnu/libxcb.so.1.1.0
7f13c0aa8000-7f13c0ab7000 r-xp 00000000 08:07 8003823                    /usr/lib/x86_64-linux-gnu/libXi.so.6.1.0
7f13c0ab7000-7f13c0cb6000 ---p 0000f000 08:07 8003823                    /usr/lib/x86_64-linux-gnu/libXi.so.6.1.0
7f13c0cb6000-7f13c0cb7000 r--p 0000e000 08:07 8003823                    /usr/lib/x86_64-linux-gnu/libXi.so.6.1.0
7f13c0cb7000-7f13c0cb8000 rw-p 0000f000 08:07 8003823                    /usr/lib/x86_64-linux-gnu/libXi.so.6.1.0
7f13c0cb8000-7f13c0cbd000 r-xp 00000000 08:07 8003841                    /usr/lib/x86_64-linux-gnu/libXtst.so.6.1.0
7f13c0cbd000-7f13c0ebc000 ---p 00005000 08:07 8003841                    /usr/lib/x86_64-linux-gnu/libXtst.so.6.1.0
7f13c0ebc000-7f13c0ebd000 r--p 00004000 08:07 8003841                    /usr/lib/x86_64-linux-gnu/libXtst.so.6.1.0
7f13c0ebd000-7f13c0ebe000 rw-p 00005000 08:07 8003841                    /usr/lib/x86_64-linux-gnu/libXtst.so.6.1.0
7f13c0ebe000-7f13c0ec7000 r-xp 00000000 08:07 8003835                    /usr/lib/x86_64-linux-gnu/libXrender.so.1.3.0
7f13c0ec7000-7f13c10c6000 ---p 00009000 08:07 8003835                    /usr/lib/x86_64-linux-gnu/libXrender.so.1.3.0
7f13c10c6000-7f13c10c7000 r--p 00008000 08:07 8003835                    /usr/lib/x86_64-linux-gnu/libXrender.so.1.3.0
7f13c10c7000-7f13c10c8000 rw-p 00009000 08:07 8003835                    /usr/lib/x86_64-linux-gnu/libXrender.so.1.3.0
7f13c10c8000-7f13c11fd000 r-xp 00000000 08:07 8003796                    /usr/lib/x86_64-linux-gnu/libX11.so.6.3.0
7f13c11fd000-7f13c13fd000 ---p 00135000 08:07 8003796                    /usr/lib/x86_64-linux-gnu/libX11.so.6.3.0
7f13c13fd000-7f13c13fe000 r--p 00135000 08:07 8003796                    /usr/lib/x86_64-linux-gnu/libX11.so.6.3.0
7f13c13fe000-7f13c1402000 rw-p 00136000 08:07 8003796                    /usr/lib/x86_64-linux-gnu/libX11.so.6.3.0
7f13c1402000-7f13c1413000 r-xp 00000000 08:07 8003813                    /usr/lib/x86_64-linux-gnu/libXext.so.6.4.0
7f13c1413000-7f13c1612000 ---p 00011000 08:07 8003813                    /usr/lib/x86_64-linux-gnu/libXext.so.6.4.0
7f13c1612000-7f13c1613000 r--p 00010000 08:07 8003813                    /usr/lib/x86_64-linux-gnu/libXext.so.6.4.0
7f13c1613000-7f13c1614000 rw-p 00011000 08:07 8003813                    /usr/lib/x86_64-linux-gnu/libXext.so.6.4.0
7f13c163b000-7f13c1690000 r-xp 00000000 08:07 1520                       /usr/lib/jvm/java-8-openjdk-amd64/jre/lib/amd64/libawt_xawt.so
7f13c1690000-7f13c188f000 ---p 00055000 08:07 1520                       /usr/lib/jvm/java-8-openjdk-amd64/jre/lib/amd64/libawt_xawt.so
7f13c188f000-7f13c1890000 r--p 00054000 08:07 1520                       /usr/lib/jvm/java-8-openjdk-amd64/jre/lib/amd64/libawt_xawt.so
7f13c1890000-7f13c1893000 rw-p 00055000 08:07 1520                       /usr/lib/jvm/java-8-openjdk-amd64/jre/lib/amd64/libawt_xawt.so
7f13c1893000-7f13c1894000 rw-p 00000000 00:00 0 
7f13c1894000-7f13c1934000 r-xp 00000000 08:07 1541                       /usr/lib/jvm/java-8-openjdk-amd64/jre/lib/amd64/libawt.so
7f13c1934000-7f13c1b34000 ---p 000a0000 08:07 1541                       /usr/lib/jvm/java-8-openjdk-amd64/jre/lib/amd64/libawt.so
7f13c1b34000-7f13c1b35000 r--p 000a0000 08:07 1541                       /usr/lib/jvm/java-8-openjdk-amd64/jre/lib/amd64/libawt.so
7f13c1b35000-7f13c1b40000 rw-p 000a1000 08:07 1541                       /usr/lib/jvm/java-8-openjdk-amd64/jre/lib/amd64/libawt.so
7f13c1b40000-7f13ca278000 rw-p 00000000 00:00 0 
7f13ca278000-7f13cb8f8000 r--s 00000000 00:18 14                         /dev/shm/4132_045e.02ae@2.18_Image
7f13cb8f8000-7f13cc000000 r--s 00000000 00:18 6                          /dev/shm/4132_045e.02ae@2.18_Depth
7f13cc000000-7f13cc021000 rw-p 00000000 00:00 0 
7f13cc021000-7f13d0000000 ---p 00000000 00:00 0 
7f13d0000000-7f13d0029000 rw-p 00000000 00:00 0 
7f13d0029000-7f13d4000000 ---p 00000000 00:00 0 
7f13d4000000-7f13d4021000 rw-p 00000000 00:00 0 
7f13d4021000-7f13d8000000 ---p 00000000 00:00 0 
7f13d801c000-7f13d86e6000 rw-p 00000000 00:00 0 
7f13d86e6000-7f13d86e7000 ---p 00000000 00:00 0 
7f13d86e7000-7f13d8ee7000 rwxp 00000000 00:00 0 
7f13d8ee7000-7f13d92e8000 rw-p 00000000 00:00 0 
7f13d92e8000-7f13d92e9000 ---p 00000000 00:00 0 
7f13d92e9000-7f13d9ae9000 rwxp 00000000 00:00 0 
7f13d9ae9000-7f13d9bd2000 r-xp 00000000 08:07 8013492                    /usr/lib/libXnVHandGenerator_1_5_2.so
7f13d9bd2000-7f13d9dd2000 ---p 000e9000 08:07 8013492                    /usr/lib/libXnVHandGenerator_1_5_2.so
7f13d9dd2000-7f13d9dd7000 r--p 000e9000 08:07 8013492                    /usr/lib/libXnVHandGenerator_1_5_2.so
7f13d9dd7000-7f13d9dd8000 rw-p 000ee000 08:07 8013492                    /usr/lib/libXnVHandGenerator_1_5_2.so
7f13d9dd8000-7f13d9de6000 rw-p 00000000 00:00 0 
7f13d9de6000-7f13d9ebe000 r-xp 00000000 08:07 8013491                    /usr/lib/libXnVHandGenerator_1_4_2.so
7f13d9ebe000-7f13da0bd000 ---p 000d8000 08:07 8013491                    /usr/lib/libXnVHandGenerator_1_4_2.so
7f13da0bd000-7f13da0c2000 r--p 000d7000 08:07 8013491                    /usr/lib/libXnVHandGenerator_1_4_2.so
7f13da0c2000-7f13da0c3000 rw-p 000dc000 08:07 8013491                    /usr/lib/libXnVHandGenerator_1_4_2.so
7f13da0c3000-7f13da0c6000 rw-p 00000000 00:00 0 
7f13da0c6000-7f13da19e000 r-xp 00000000 08:07 8013490                    /usr/lib/libXnVHandGenerator_1_4_1.so
7f13da19e000-7f13da39d000 ---p 000d8000 08:07 8013490                    /usr/lib/libXnVHandGenerator_1_4_1.so
7f13da39d000-7f13da3a2000 r--p 000d7000 08:07 8013490                    /usr/lib/libXnVHandGenerator_1_4_1.so
7f13da3a2000-7f13da3a3000 rw-p 000dc000 08:07 8013490                    /usr/lib/libXnVHandGenerator_1_4_1.so
7f13da3a3000-7f13da3a6000 rw-p 00000000 00:00 0 
7f13da3a6000-7f13da489000 r-xp 00000000 08:07 8013489                    /usr/lib/libXnVHandGenerator_1_3_1.so
7f13da489000-7f13da689000 ---p 000e3000 08:07 8013489                    /usr/lib/libXnVHandGenerator_1_3_1.so
7f13da689000-7f13da68e000 r--p 000e3000 08:07 8013489                    /usr/lib/libXnVHandGenerator_1_3_1.so
7f13da68e000-7f13da68f000 rw-p 000e8000 08:07 8013489                    /usr/lib/libXnVHandGenerator_1_3_1.so
7f13da68f000-7f13da692000 rw-p 00000000 00:00 0 
7f13da692000-7f13daac3000 r-xp 00000000 08:07 8013486                    /usr/lib/libXnVFeatures_1_5_2.so
7f13daac3000-7f13dacc2000 ---p 00431000 08:07 8013486                    /usr/lib/libXnVFeatures_1_5_2.so
7f13dacc2000-7f13dacd3000 r--p 00430000 08:07 8013486                    /usr/lib/libXnVFeatures_1_5_2.so
7f13dacd3000-7f13dacd5000 rw-p 00441000 08:07 8013486                    /usr/lib/libXnVFeatures_1_5_2.so
7f13dacd5000-7f13daceb000 rw-p 00000000 00:00 0 
7f13daceb000-7f13daee2000 r-xp 00000000 08:07 8013485                    /usr/lib/libXnVFeatures_1_4_2.so
7f13daee2000-7f13db0e1000 ---p 001f7000 08:07 8013485                    /usr/lib/libXnVFeatures_1_4_2.so
7f13db0e1000-7f13db0e7000 r--p 001f6000 08:07 8013485                    /usr/lib/libXnVFeatures_1_4_2.so
7f13db0e7000-7f13db0e8000 rw-p 001fc000 08:07 8013485                    /usr/lib/libXnVFeatures_1_4_2.so
7f13db0e8000-7f13db0ee000 rw-p 00000000 00:00 0 
7f13db0ee000-7f13db2e5000 r-xp 00000000 08:07 8013484                    /usr/lib/libXnVFeatures_1_4_1.so
7f13db2e5000-7f13db4e4000 ---p 001f7000 08:07 8013484                    /usr/lib/libXnVFeatures_1_4_1.so
7f13db4e4000-7f13db4ea000 r--p 001f6000 08:07 8013484                    /usr/lib/libXnVFeatures_1_4_1.so
7f13db4ea000-7f13db4eb000 rw-p 001fc000 08:07 8013484                    /usr/lib/libXnVFeatures_1_4_1.so
7f13db4eb000-7f13db4f1000 rw-p 00000000 00:00 0 
7f13db4f1000-7f13db736000 r-xp 00000000 08:07 8013483                    /usr/lib/libXnVFeatures_1_3_1.so
7f13db736000-7f13db936000 ---p 00245000 08:07 8013483                    /usr/lib/libXnVFeatures_1_3_1.so
7f13db936000-7f13db93c000 r--p 00245000 08:07 8013483                    /usr/lib/libXnVFeatures_1_3_1.so
7f13db93c000-7f13db93d000 rw-p 0024b000 08:07 8013483                    /usr/lib/libXnVFeatures_1_3_1.so
7f13db93d000-7f13db944000 rw-p 00000000 00:00 0 
7f13db944000-7f13db96d000 r-xp 00000000 08:07 8005766                    /usr/lib/libXnDeviceFile.so
7f13db96d000-7f13dbb6c000 ---p 00029000 08:07 8005766                    /usr/lib/libXnDeviceFile.so
7f13dbb6c000-7f13dbb6e000 r--p 00028000 08:07 8005766                    /usr/lib/libXnDeviceFile.so
7f13dbb6e000-7f13dbb6f000 rw-p 0002a000 08:07 8005766                    /usr/lib/libXnDeviceFile.so
7f13dbb6f000-7f13dbbb6000 r-xp 00000000 08:07 8005765                    /usr/lib/libXnDDK.so
7f13dbbb6000-7f13dbdb5000 ---p 00047000 08:07 8005765                    /usr/lib/libXnDDK.so
7f13dbdb5000-7f13dbdb8000 r--p 00046000 08:07 8005765                    /usr/lib/libXnDDK.so
7f13dbdb8000-7f13dbdba000 rw-p 00049000 08:07 8005765                    /usr/lib/libXnDDK.so
7f13dbdba000-7f13dbdde000 r-xp 00000000 08:07 8005768                    /usr/lib/libXnFormats.so
7f13dbdde000-7f13dbfde000 ---p 00024000 08:07 8005768                    /usr/lib/libXnFormats.so
7f13dbfde000-7f13dbfdf000 r--p 00024000 08:07 8005768                    /usr/lib/libXnFormats.so
7f13dbfdf000-7f13dbfe0000 rw-p 00025000 08:07 8005768                    /usr/lib/libXnFormats.so
7f13dbfe0000-7f13dc000000 rw-p 00000000 00:00 0 
7f13dc000000-7f13dc140000 rw-p 00000000 00:00 0 
7f13dc140000-7f13e0000000 ---p 00000000 00:00 0 
7f13e0000000-7f13e01a3000 rw-p 00000000 00:00 0 
7f13e01a3000-7f13e4000000 ---p 00000000 00:00 0 
7f13e4000000-7f13e4021000 rw-p 00000000 00:00 0 
7f13e4021000-7f13e8000000 ---p 00000000 00:00 0 
7f13e8000000-7f13e8067000 rw-p 00000000 00:00 0 
7f13e8067000-7f13ec000000 ---p 00000000 00:00 0 
7f13ec000000-7f13ec021000 rw-p 00000000 00:00 0 
7f13ec021000-7f13f0000000 ---p 00000000 00:00 0 
7f13f0000000-7f13f0021000 rw-p 00000000 00:00 0 
7f13f0021000-7f13f4000000 ---p 00000000 00:00 0 
7f13f4000000-7f13f4021000 rw-p 00000000 00:00 0 
7f13f4021000-7f13f8000000 ---p 00000000 00:00 0 
7f13f8000000-7f13f8021000 rw-p 00000000 00:00 0 
7f13f8021000-7f13fc000000 ---p 00000000 00:00 0 
7f13fc000000-7f13fc021000 rw-p 00000000 00:00 0 
7f13fc021000-7f1400000000 ---p 00000000 00:00 0 
7f1400000000-7f1400021000 rw-p 00000000 00:00 0 
7f1400021000-7f1404000000 ---p 00000000 00:00 0 
7f1404000000-7f1404021000 rw-p 00000000 00:00 0 
7f1404021000-7f1408000000 ---p 00000000 00:00 0 
7f1408009000-7f14081ca000 rw-p 00000000 00:00 0 
7f14081ca000-7f14081d1000 r--s 00000000 08:07 132258                     /usr/lib/x86_64-linux-gnu/gconv/gconv-modules.cache
7f14081d1000-7f14081d4000 r-xp 00000000 08:07 8005764                    /usr/lib/libXnCore.so
7f14081d4000-7f14083d3000 ---p 00003000 08:07 8005764                    /usr/lib/libXnCore.so
7f14083d3000-7f14083d4000 r--p 00002000 08:07 8005764                    /usr/lib/libXnCore.so
7f14083d4000-7f14083d5000 rw-p 00003000 08:07 8005764                    /usr/lib/libXnCore.so
7f14083d5000-7f140845c000 r-xp 00000000 08:07 8005767                    /usr/lib/libXnDeviceSensorV2KM.so
7f140845c000-7f140865b000 ---p 00087000 08:07 8005767                    /usr/lib/libXnDeviceSensorV2KM.so
7f140865b000-7f1408668000 r--p 00086000 08:07 8005767                    /usr/lib/libXnDeviceSensorV2KM.so
7f1408668000-7f1408669000 rw-p 00093000 08:07 8005767                    /usr/lib/libXnDeviceSensorV2KM.so
7f1408669000-7f140868a000 r-xp 00000000 08:07 8005691                    /usr/lib/libnimRecorder.so
7f140868a000-7f140888a000 ---p 00021000 08:07 8005691                    /usr/lib/libnimRecorder.so
7f140888a000-7f140888b000 r--p 00021000 08:07 8005691                    /usr/lib/libnimRecorder.so
7f140888b000-7f140888c000 rw-p 00022000 08:07 8005691                    /usr/lib/libnimRecorder.so
7f140888c000-7f14088c3000 r-xp 00000000 08:07 8005689                    /usr/lib/libnimCodecs.so
7f14088c3000-7f1408ac2000 ---p 00037000 08:07 8005689                    /usr/lib/libnimCodecs.so
7f1408ac2000-7f1408ac5000 r--p 00036000 08:07 8005689                    /usr/lib/libnimCodecs.so
7f1408ac5000-7f1408ac6000 rw-p 00039000 08:07 8005689                    /usr/lib/libnimCodecs.so
7f1408ac6000-7f1408ae6000 rw-p 00000000 00:00 0 
7f1408ae6000-7f1408b1d000 r-xp 00000000 08:07 8005690                    /usr/lib/libnimMockNodes.so
7f1408b1d000-7f1408d1c000 ---p 00037000 08:07 8005690                    /usr/lib/libnimMockNodes.so
7f1408d1c000-7f1408d26000 r--p 00036000 08:07 8005690                    /usr/lib/libnimMockNodes.so
7f1408d26000-7f1408d27000 rw-p 00040000 08:07 8005690                    /usr/lib/libnimMockNodes.so
7f1408d27000-7f1408d3e000 r-xp 00000000 08:07 1446710                    /lib/x86_64-linux-gnu/libusb-1.0.so.0.1.0
7f1408d3e000-7f1408f3d000 ---p 00017000 08:07 1446710                    /lib/x86_64-linux-gnu/libusb-1.0.so.0.1.0
7f1408f3d000-7f1408f3e000 r--p 00016000 08:07 1446710                    /lib/x86_64-linux-gnu/libusb-1.0.so.0.1.0
7f1408f3e000-7f1408f3f000 rw-p 00017000 08:07 1446710                    /lib/x86_64-linux-gnu/libusb-1.0.so.0.1.0
7f1408f3f000-7f1408fc1000 r-xp 00000000 08:07 8005693                    /usr/lib/libOpenNI.so
7f1408fc1000-7f14091c0000 ---p 00082000 08:07 8005693                    /usr/lib/libOpenNI.so
7f14091c0000-7f14091c2000 r--p 00081000 08:07 8005693                    /usr/lib/libOpenNI.so
7f14091c2000-7f14091c5000 rw-p 00083000 08:07 8005693                    /usr/lib/libOpenNI.so
7f14091c5000-7f14091c6000 rw-p 00000000 00:00 0 
7f14091cb000-7f14091ed000 r--p 00000000 08:07 930814                     /usr/share/locale-langpack/it/LC_MESSAGES/libc.mo
7f14091ed000-7f1409211000 r-xp 00000000 08:07 8005692                    /usr/lib/libOpenNI.jni.so
7f1409211000-7f1409411000 ---p 00024000 08:07 8005692                    /usr/lib/libOpenNI.jni.so
7f1409411000-7f1409412000 r--p 00024000 08:07 8005692                    /usr/lib/libOpenNI.jni.so
7f1409412000-7f1409415000 rw-p 00025000 08:07 8005692                    /usr/lib/libOpenNI.jni.so
7f1409415000-7f14094ab000 r--s 008d7000 08:07 2098535                    /usr/share/java/openjfx/jre/lib/ext/jfxrt.jar
7f14094ab000-7f14094ac000 ---p 00000000 00:00 0 
7f14094ac000-7f14096ad000 rwxp 00000000 00:00 0 
7f14096ad000-7f14096ae000 ---p 00000000 00:00 0 
7f14096ae000-7f14097ae000 rwxp 00000000 00:00 0 
7f14097ae000-7f14097af000 ---p 00000000 00:00 0 
7f14097af000-7f14098af000 rwxp 00000000 00:00 0 
7f14098af000-7f14098b0000 ---p 00000000 00:00 0 
7f14098b0000-7f1409ab1000 rwxp 00000000 00:00 0 
7f1409ab1000-7f1409d8b000 r--p 00000000 08:07 8004325                    /usr/lib/locale/locale-archive
7f1409d8b000-7f1409f8d000 rwxp 00000000 00:00 0 
7f1409f8d000-7f1409f8e000 ---p 00000000 00:00 0 
7f1409f8e000-7f140a08e000 rwxp 00000000 00:00 0 
7f140a08e000-7f140d000000 rw-p 00000000 00:00 0 
7f140d000000-7f140d270000 rwxp 00000000 00:00 0 
7f140d270000-7f141c000000 ---p 00000000 00:00 0 
7f141c000000-7f1420000000 rw-p 00000000 00:00 0 
7f1420003000-7f1420004000 rw-s 00000000 00:18 25                         /dev/shm/045e.02ae@2.18-SM
7f1420004000-7f1420006000 r--s 00005000 08:07 6701537                    /home/giovanni/.m2/repository/com/illposed/osc/javaosc-core/0.3/javaosc-core-0.3.jar
7f1420006000-7f1420024000 r-xp 00000000 08:07 1443019                    /lib/x86_64-linux-gnu/libudev.so.1.6.4
7f1420024000-7f1420025000 r--p 0001d000 08:07 1443019                    /lib/x86_64-linux-gnu/libudev.so.1.6.4
7f1420025000-7f1420026000 rw-p 0001e000 08:07 1443019                    /lib/x86_64-linux-gnu/libudev.so.1.6.4
7f1420026000-7f142002a000 r--s 0001c000 08:07 6819169                    /home/giovanni/workspace/au4h/src/lib/org.openni.jar
7f142002a000-7f142002f000 r--s 002f9000 08:07 1499                       /usr/lib/jvm/java-8-openjdk-amd64/jre/lib/charsets.jar
7f142002f000-7f1420032000 r--s 00015000 08:07 1546                       /usr/lib/jvm/java-8-openjdk-amd64/jre/lib/jce.jar
7f1420032000-7f1420037000 r--s 0009d000 08:07 1504                       /usr/lib/jvm/java-8-openjdk-amd64/jre/lib/jsse.jar
7f1420037000-7f142004a000 r--s 00346000 08:07 1544                       /usr/lib/jvm/java-8-openjdk-amd64/jre/lib/resources.jar
7f142004a000-7f1420065000 r--s 001d6000 08:07 1487                       /usr/lib/jvm/java-8-openjdk-amd64/jre/lib/ext/nashorn.jar
7f1420065000-7f1420066000 r--s 0000a000 08:07 1482                       /usr/lib/jvm/java-8-openjdk-amd64/jre/lib/ext/jaccess.jar
7f1420066000-7f1420081000 r--s 00394000 08:07 1485                       /usr/lib/jvm/java-8-openjdk-amd64/jre/lib/ext/cldrdata.jar
7f1420081000-7f1420084000 r--s 00038000 08:07 1478                       /usr/lib/jvm/java-8-openjdk-amd64/jre/lib/ext/sunpkcs11.jar
7f1420084000-7f1420086000 r--s 00001000 08:07 1484                       /usr/lib/jvm/java-8-openjdk-amd64/jre/lib/ext/dnsns.jar
7f1420086000-7f142008b000 r--s 0003b000 08:07 1481                       /usr/lib/jvm/java-8-openjdk-amd64/jre/lib/ext/sunjce_provider.jar
7f142008b000-7f142008d000 r--s 00008000 08:07 1483                       /usr/lib/jvm/java-8-openjdk-amd64/jre/lib/ext/sunec.jar
7f142008d000-7f1420090000 r--s 0000f000 08:07 1480                       /usr/lib/jvm/java-8-openjdk-amd64/jre/lib/ext/icedtea-sound.jar
7f1420090000-7f142009a000 r--s 00116000 08:07 1479                       /usr/lib/jvm/java-8-openjdk-amd64/jre/lib/ext/localedata.jar
7f142009a000-7f1420e4c000 rw-p 00000000 00:00 0 
7f1420e4c000-7f142101a000 r--s 03c2c000 08:07 1503                       /usr/lib/jvm/java-8-openjdk-amd64/jre/lib/rt.jar
7f142101a000-7f1421b67000 rw-p 00000000 00:00 0 
7f1421b67000-7f1421b68000 ---p 00000000 00:00 0 
7f1421b68000-7f1421c68000 rwxp 00000000 00:00 0 
7f1421c68000-7f1421c69000 ---p 00000000 00:00 0 
7f1421c69000-7f1421d69000 rwxp 00000000 00:00 0 
7f1421d69000-7f1421d6a000 ---p 00000000 00:00 0 
7f1421d6a000-7f1421e6a000 rwxp 00000000 00:00 0 
7f1421e6a000-7f1421e6b000 ---p 00000000 00:00 0 
7f1421e6b000-7f1421f6b000 rwxp 00000000 00:00 0 
7f1421f6b000-7f1421f8a000 rw-p 00000000 00:00 0 
7f1421f8a000-7f1422150000 ---p 00000000 00:00 0 
7f1422150000-7f142216f000 rw-p 00000000 00:00 0 
7f142216f000-7f1422334000 ---p 00000000 00:00 0 
7f1422334000-7f1422344000 rw-p 00000000 00:00 0 
7f1422344000-7f1422427000 ---p 00000000 00:00 0 
7f1422427000-7f1422432000 rw-p 00000000 00:00 0 
7f1422432000-7f14227e8000 ---p 00000000 00:00 0 
7f14227e8000-7f14227f0000 r-xp 00000000 08:07 1516                       /usr/lib/jvm/java-8-openjdk-amd64/jre/lib/amd64/libzip.so
7f14227f0000-7f14229ef000 ---p 00008000 08:07 1516                       /usr/lib/jvm/java-8-openjdk-amd64/jre/lib/amd64/libzip.so
7f14229ef000-7f14229f0000 r--p 00007000 08:07 1516                       /usr/lib/jvm/java-8-openjdk-amd64/jre/lib/amd64/libzip.so
7f14229f0000-7f14229f1000 rw-p 00008000 08:07 1516                       /usr/lib/jvm/java-8-openjdk-amd64/jre/lib/amd64/libzip.so
7f14229f1000-7f14229fc000 r-xp 00000000 08:07 1446413                    /lib/x86_64-linux-gnu/libnss_files-2.23.so
7f14229fc000-7f1422bfb000 ---p 0000b000 08:07 1446413                    /lib/x86_64-linux-gnu/libnss_files-2.23.so
7f1422bfb000-7f1422bfc000 r--p 0000a000 08:07 1446413                    /lib/x86_64-linux-gnu/libnss_files-2.23.so
7f1422bfc000-7f1422bfd000 rw-p 0000b000 08:07 1446413                    /lib/x86_64-linux-gnu/libnss_files-2.23.so
7f1422bfd000-7f1422c03000 rw-p 00000000 00:00 0 
7f1422c03000-7f1422c0e000 r-xp 00000000 08:07 1446548                    /lib/x86_64-linux-gnu/libnss_nis-2.23.so
7f1422c0e000-7f1422e0d000 ---p 0000b000 08:07 1446548                    /lib/x86_64-linux-gnu/libnss_nis-2.23.so
7f1422e0d000-7f1422e0e000 r--p 0000a000 08:07 1446548                    /lib/x86_64-linux-gnu/libnss_nis-2.23.so
7f1422e0e000-7f1422e0f000 rw-p 0000b000 08:07 1446548                    /lib/x86_64-linux-gnu/libnss_nis-2.23.so
7f1422e0f000-7f1422e25000 r-xp 00000000 08:07 1441886                    /lib/x86_64-linux-gnu/libnsl-2.23.so
7f1422e25000-7f1423024000 ---p 00016000 08:07 1441886                    /lib/x86_64-linux-gnu/libnsl-2.23.so
7f1423024000-7f1423025000 r--p 00015000 08:07 1441886                    /lib/x86_64-linux-gnu/libnsl-2.23.so
7f1423025000-7f1423026000 rw-p 00016000 08:07 1441886                    /lib/x86_64-linux-gnu/libnsl-2.23.so
7f1423026000-7f1423028000 rw-p 00000000 00:00 0 
7f1423028000-7f1423030000 r-xp 00000000 08:07 1443325                    /lib/x86_64-linux-gnu/libnss_compat-2.23.so
7f1423030000-7f142322f000 ---p 00008000 08:07 1443325                    /lib/x86_64-linux-gnu/libnss_compat-2.23.so
7f142322f000-7f1423230000 r--p 00007000 08:07 1443325                    /lib/x86_64-linux-gnu/libnss_compat-2.23.so
7f1423230000-7f1423231000 rw-p 00008000 08:07 1443325                    /lib/x86_64-linux-gnu/libnss_compat-2.23.so
7f1423231000-7f142325e000 r-xp 00000000 08:07 1519                       /usr/lib/jvm/java-8-openjdk-amd64/jre/lib/amd64/libjava.so
7f142325e000-7f142345d000 ---p 0002d000 08:07 1519                       /usr/lib/jvm/java-8-openjdk-amd64/jre/lib/amd64/libjava.so
7f142345d000-7f142345e000 r--p 0002c000 08:07 1519                       /usr/lib/jvm/java-8-openjdk-amd64/jre/lib/amd64/libjava.so
7f142345e000-7f1423460000 rw-p 0002d000 08:07 1519                       /usr/lib/jvm/java-8-openjdk-amd64/jre/lib/amd64/libjava.so
7f1423460000-7f142346f000 r-xp 00000000 08:07 1528                       /usr/lib/jvm/java-8-openjdk-amd64/jre/lib/amd64/libverify.so
7f142346f000-7f142366e000 ---p 0000f000 08:07 1528                       /usr/lib/jvm/java-8-openjdk-amd64/jre/lib/amd64/libverify.so
7f142366e000-7f1423670000 r--p 0000e000 08:07 1528                       /usr/lib/jvm/java-8-openjdk-amd64/jre/lib/amd64/libverify.so
7f1423670000-7f1423671000 rw-p 00010000 08:07 1528                       /usr/lib/jvm/java-8-openjdk-amd64/jre/lib/amd64/libverify.so
7f1423671000-7f1423678000 r-xp 00000000 08:07 1446549                    /lib/x86_64-linux-gnu/librt-2.23.so
7f1423678000-7f1423877000 ---p 00007000 08:07 1446549                    /lib/x86_64-linux-gnu/librt-2.23.so
7f1423877000-7f1423878000 r--p 00006000 08:07 1446549                    /lib/x86_64-linux-gnu/librt-2.23.so
7f1423878000-7f1423879000 rw-p 00007000 08:07 1446549                    /lib/x86_64-linux-gnu/librt-2.23.so
7f1423879000-7f142388f000 r-xp 00000000 08:07 1446568                    /lib/x86_64-linux-gnu/libgcc_s.so.1
7f142388f000-7f1423a8e000 ---p 00016000 08:07 1446568                    /lib/x86_64-linux-gnu/libgcc_s.so.1
7f1423a8e000-7f1423a8f000 rw-p 00015000 08:07 1446568                    /lib/x86_64-linux-gnu/libgcc_s.so.1
7f1423a8f000-7f1423b97000 r-xp 00000000 08:07 1441885                    /lib/x86_64-linux-gnu/libm-2.23.so
7f1423b97000-7f1423d96000 ---p 00108000 08:07 1441885                    /lib/x86_64-linux-gnu/libm-2.23.so
7f1423d96000-7f1423d97000 r--p 00107000 08:07 1441885                    /lib/x86_64-linux-gnu/libm-2.23.so
7f1423d97000-7f1423d98000 rw-p 00108000 08:07 1441885                    /lib/x86_64-linux-gnu/libm-2.23.so
7f1423d98000-7f1423f0a000 r-xp 00000000 08:07 7995795                    /usr/lib/x86_64-linux-gnu/libstdc++.so.6.0.21
7f1423f0a000-7f142410a000 ---p 00172000 08:07 7995795                    /usr/lib/x86_64-linux-gnu/libstdc++.so.6.0.21
7f142410a000-7f1424114000 r--p 00172000 08:07 7995795                    /usr/lib/x86_64-linux-gnu/libstdc++.so.6.0.21
7f1424114000-7f1424116000 rw-p 0017c000 08:07 7995795                    /usr/lib/x86_64-linux-gnu/libstdc++.so.6.0.21
7f1424116000-7f142411a000 rw-p 00000000 00:00 0 
7f142411a000-7f1424d72000 r-xp 00000000 08:07 1514                       /usr/lib/jvm/java-8-openjdk-amd64/jre/lib/amd64/server/libjvm.so
7f1424d72000-7f1424f72000 ---p 00c58000 08:07 1514                       /usr/lib/jvm/java-8-openjdk-amd64/jre/lib/amd64/server/libjvm.so
7f1424f72000-7f1425005000 r--p 00c58000 08:07 1514                       /usr/lib/jvm/java-8-openjdk-amd64/jre/lib/amd64/server/libjvm.so
7f1425005000-7f142502e000 rw-p 00ceb000 08:07 1514                       /usr/lib/jvm/java-8-openjdk-amd64/jre/lib/amd64/server/libjvm.so
7f142502e000-7f142505e000 rw-p 00000000 00:00 0 
7f142505e000-7f1425076000 r-xp 00000000 08:07 1441888                    /lib/x86_64-linux-gnu/libpthread-2.23.so
7f1425076000-7f1425275000 ---p 00018000 08:07 1441888                    /lib/x86_64-linux-gnu/libpthread-2.23.so
7f1425275000-7f1425276000 r--p 00017000 08:07 1441888                    /lib/x86_64-linux-gnu/libpthread-2.23.so
7f1425276000-7f1425277000 rw-p 00018000 08:07 1441888                    /lib/x86_64-linux-gnu/libpthread-2.23.so
7f1425277000-7f142527b000 rw-p 00000000 00:00 0 
7f142527b000-7f142527e000 r-xp 00000000 08:07 1443317                    /lib/x86_64-linux-gnu/libdl-2.23.so
7f142527e000-7f142547d000 ---p 00003000 08:07 1443317                    /lib/x86_64-linux-gnu/libdl-2.23.so
7f142547d000-7f142547e000 r--p 00002000 08:07 1443317                    /lib/x86_64-linux-gnu/libdl-2.23.so
7f142547e000-7f142547f000 rw-p 00003000 08:07 1443317                    /lib/x86_64-linux-gnu/libdl-2.23.so
7f142547f000-7f1425498000 r-xp 00000000 08:07 1446721                    /lib/x86_64-linux-gnu/libz.so.1.2.8
7f1425498000-7f1425697000 ---p 00019000 08:07 1446721                    /lib/x86_64-linux-gnu/libz.so.1.2.8
7f1425697000-7f1425698000 r--p 00018000 08:07 1446721                    /lib/x86_64-linux-gnu/libz.so.1.2.8
7f1425698000-7f1425699000 rw-p 00019000 08:07 1446721                    /lib/x86_64-linux-gnu/libz.so.1.2.8
7f1425699000-7f1425859000 r-xp 00000000 08:07 1441889                    /lib/x86_64-linux-gnu/libc-2.23.so
7f1425859000-7f1425a59000 ---p 001c0000 08:07 1441889                    /lib/x86_64-linux-gnu/libc-2.23.so
7f1425a59000-7f1425a5d000 r--p 001c0000 08:07 1441889                    /lib/x86_64-linux-gnu/libc-2.23.so
7f1425a5d000-7f1425a5f000 rw-p 001c4000 08:07 1441889                    /lib/x86_64-linux-gnu/libc-2.23.so
7f1425a5f000-7f1425a63000 rw-p 00000000 00:00 0 
7f1425a63000-7f1425a70000 r-xp 00000000 08:07 1524                       /usr/lib/jvm/java-8-openjdk-amd64/jre/lib/amd64/jli/libjli.so
7f1425a70000-7f1425c70000 ---p 0000d000 08:07 1524                       /usr/lib/jvm/java-8-openjdk-amd64/jre/lib/amd64/jli/libjli.so
7f1425c70000-7f1425c71000 r--p 0000d000 08:07 1524                       /usr/lib/jvm/java-8-openjdk-amd64/jre/lib/amd64/jli/libjli.so
7f1425c71000-7f1425c72000 rw-p 0000e000 08:07 1524                       /usr/lib/jvm/java-8-openjdk-amd64/jre/lib/amd64/jli/libjli.so
7f1425c72000-7f1425c98000 r-xp 00000000 08:07 1441887                    /lib/x86_64-linux-gnu/ld-2.23.so
7f1425c98000-7f1425c99000 r--s 00010000 08:07 1486                       /usr/lib/jvm/java-8-openjdk-amd64/jre/lib/ext/zipfs.jar
7f1425c99000-7f1425d6a000 rw-p 00000000 00:00 0 
7f1425d6a000-7f1425d6b000 ---p 00000000 00:00 0 
7f1425d6b000-7f1425e6b000 rwxp 00000000 00:00 0 
7f1425e6b000-7f1425e8c000 rw-p 00000000 00:00 0 
7f1425e8c000-7f1425e94000 rw-s 00000000 08:07 1582018                    /tmp/hsperfdata_giovanni/5844
7f1425e94000-7f1425e95000 rw-p 00000000 00:00 0 
7f1425e95000-7f1425e96000 r--p 00000000 00:00 0 
7f1425e96000-7f1425e97000 rw-p 00000000 00:00 0 
7f1425e97000-7f1425e98000 r--p 00025000 08:07 1441887                    /lib/x86_64-linux-gnu/ld-2.23.so
7f1425e98000-7f1425e99000 rw-p 00026000 08:07 1441887                    /lib/x86_64-linux-gnu/ld-2.23.so
7f1425e99000-7f1425e9a000 rw-p 00000000 00:00 0 
7ffe5b8ad000-7ffe5b8cc000 rwxp 00000000 00:00 0                          [stack]
7ffe5b8cc000-7ffe5b8ce000 rw-p 00000000 00:00 0 
7ffe5b9ef000-7ffe5b9f2000 r--p 00000000 00:00 0                          [vvar]
7ffe5b9f2000-7ffe5b9f4000 r-xp 00000000 00:00 0                          [vdso]
ffffffffff600000-ffffffffff601000 r-xp 00000000 00:00 0                  [vsyscall]

VM Arguments:
jvm_args: -Dfile.encoding=UTF-8 
java_command: it.univaq.au4h.App
java_class_path (initial): /usr/lib/jvm/java-8-openjdk-amd64/jre/lib/resources.jar:/usr/lib/jvm/java-8-openjdk-amd64/jre/lib/rt.jar:/usr/lib/jvm/java-8-openjdk-amd64/jre/lib/jsse.jar:/usr/lib/jvm/java-8-openjdk-amd64/jre/lib/jce.jar:/usr/lib/jvm/java-8-openjdk-amd64/jre/lib/charsets.jar:/usr/lib/jvm/java-8-openjdk-amd64/jre/lib/ext/localedata.jar:/usr/lib/jvm/java-8-openjdk-amd64/jre/lib/ext/icedtea-sound.jar:/usr/lib/jvm/java-8-openjdk-amd64/jre/lib/ext/sunec.jar:/usr/lib/jvm/java-8-openjdk-amd64/jre/lib/ext/zipfs.jar:/usr/lib/jvm/java-8-openjdk-amd64/jre/lib/ext/sunjce_provider.jar:/usr/lib/jvm/java-8-openjdk-amd64/jre/lib/ext/dnsns.jar:/usr/lib/jvm/java-8-openjdk-amd64/jre/lib/ext/jfxrt.jar:/usr/lib/jvm/java-8-openjdk-amd64/jre/lib/ext/sunpkcs11.jar:/usr/lib/jvm/java-8-openjdk-amd64/jre/lib/ext/cldrdata.jar:/usr/lib/jvm/java-8-openjdk-amd64/jre/lib/ext/jaccess.jar:/usr/lib/jvm/java-8-openjdk-amd64/jre/lib/ext/nashorn.jar:/home/giovanni/workspace/au4h/target/classes:/home/giovanni/workspace/au4h/src/lib/org.openni.jar:/home/giovanni/.m2/repository/com/illposed/osc/javaosc-core/0.3/javaosc-core-0.3.jar
Launcher Type: SUN_STANDARD

Environment Variables:
JAVA_HOME=/usr/lib/jvm/java-8-openjdk-amd64
PATH=/home/giovanni/bin:/home/giovanni/.local/bin:/opt/maven/bin:/usr/local/sbin:/usr/local/bin:/usr/sbin:/usr/bin:/sbin:/bin:/usr/games:/usr/local/games:/snap/bin
SHELL=/bin/bash
DISPLAY=:0

Signal Handlers:
SIGSEGV: [libjvm.so+0xa6dcc0], sa_mask[0]=11111111011111111101111111111110, sa_flags=SA_RESTART|SA_SIGINFO
SIGBUS: [libjvm.so+0xa6dcc0], sa_mask[0]=11111111011111111101111111111110, sa_flags=SA_RESTART|SA_SIGINFO
SIGFPE: [libjvm.so+0x8b5350], sa_mask[0]=11111111011111111101111111111110, sa_flags=SA_RESTART|SA_SIGINFO
SIGPIPE: [libjvm.so+0x8b5350], sa_mask[0]=11111111011111111101111111111110, sa_flags=SA_RESTART|SA_SIGINFO
SIGXFSZ: [libjvm.so+0x8b5350], sa_mask[0]=11111111011111111101111111111110, sa_flags=SA_RESTART|SA_SIGINFO
SIGILL: [libjvm.so+0x8b5350], sa_mask[0]=11111111011111111101111111111110, sa_flags=SA_RESTART|SA_SIGINFO
SIGUSR1: SIG_DFL, sa_mask[0]=00000000000000000000000000000000, sa_flags=none
SIGUSR2: [libjvm.so+0x8b5200], sa_mask[0]=00100000000000000000000000000000, sa_flags=SA_RESTART|SA_SIGINFO
SIGHUP: [libjvm.so+0x8b56d0], sa_mask[0]=11111111011111111101111111111110, sa_flags=SA_RESTART|SA_SIGINFO
SIGINT: [libjvm.so+0x8b56d0], sa_mask[0]=11111111011111111101111111111110, sa_flags=SA_RESTART|SA_SIGINFO
SIGTERM: [libjvm.so+0x8b56d0], sa_mask[0]=11111111011111111101111111111110, sa_flags=SA_RESTART|SA_SIGINFO
SIGQUIT: [libjvm.so+0x8b56d0], sa_mask[0]=11111111011111111101111111111110, sa_flags=SA_RESTART|SA_SIGINFO


---------------  S Y S T E M  ---------------

OS:DISTRIB_ID=Ubuntu
DISTRIB_RELEASE=16.04
DISTRIB_CODENAME=xenial
DISTRIB_DESCRIPTION="Ubuntu 16.04.4 LTS"

uname:Linux 4.13.0-38-generic #43~16.04.1-Ubuntu SMP Wed Mar 14 17:48:43 UTC 2018 x86_64
libc:glibc 2.23 NPTL 2.23 
rlimit: STACK 8192k, CORE 0k, NPROC 23054, NOFILE 1048576, AS infinity
load average:0,92 1,09 1,26

/proc/meminfo:
MemTotal:        5953868 kB
MemFree:         2353576 kB
MemAvailable:    2960676 kB
Buffers:           33268 kB
Cached:          1029596 kB
SwapCached:           80 kB
Active:          2428444 kB
Inactive:         958164 kB
Active(anon):    1921000 kB
Inactive(anon):   673788 kB
Active(file):     507444 kB
Inactive(file):   284376 kB
Unevictable:          80 kB
Mlocked:              80 kB
SwapTotal:       6137852 kB
SwapFree:        6128880 kB
Dirty:               172 kB
Writeback:             0 kB
AnonPages:       2323680 kB
Mapped:           325848 kB
Shmem:            271044 kB
Slab:             101320 kB
SReclaimable:      60288 kB
SUnreclaim:        41032 kB
KernelStack:        9688 kB
PageTables:        36652 kB
NFS_Unstable:          0 kB
Bounce:                0 kB
WritebackTmp:          0 kB
CommitLimit:     9114784 kB
Committed_AS:    6212472 kB
VmallocTotal:   34359738367 kB
VmallocUsed:           0 kB
VmallocChunk:          0 kB
HardwareCorrupted:     0 kB
AnonHugePages:         0 kB
ShmemHugePages:        0 kB
ShmemPmdMapped:        0 kB
CmaTotal:              0 kB
CmaFree:               0 kB
HugePages_Total:       0
HugePages_Free:        0
HugePages_Rsvd:        0
HugePages_Surp:        0
Hugepagesize:       2048 kB
DirectMap4k:      153856 kB
DirectMap2M:     5986304 kB


CPU:total 4 (initial active 4) (2 cores per cpu, 2 threads per core) family 6 model 42 stepping 7, cmov, cx8, fxsr, mmx, sse, sse2, sse3, ssse3, sse4.1, sse4.2, popcnt, avx, clmul, ht, tsc, tscinvbit

/proc/cpuinfo:
processor	: 0
vendor_id	: GenuineIntel
cpu family	: 6
model		: 42
model name	: Intel(R) Core(TM) i5-2410M CPU @ 2.30GHz
stepping	: 7
microcode	: 0x17
cpu MHz		: 2693.980
cache size	: 3072 KB
physical id	: 0
siblings	: 4
core id		: 0
cpu cores	: 2
apicid		: 0
initial apicid	: 0
fpu		: yes
fpu_exception	: yes
cpuid level	: 13
wp		: yes
flags		: fpu vme de pse tsc msr pae mce cx8 apic sep mtrr pge mca cmov pat pse36 clflush dts acpi mmx fxsr sse sse2 ss ht tm pbe syscall nx rdtscp lm constant_tsc arch_perfmon pebs bts rep_good nopl xtopology nonstop_tsc cpuid aperfmperf pni pclmulqdq dtes64 monitor ds_cpl vmx est tm2 ssse3 cx16 xtpr pdcm pcid sse4_1 sse4_2 x2apic popcnt tsc_deadline_timer xsave avx lahf_lm epb pti retpoline tpr_shadow vnmi flexpriority ept vpid xsaveopt dtherm ida arat pln pts
bugs		: cpu_meltdown spectre_v1 spectre_v2
bogomips	: 4589.74
clflush size	: 64
cache_alignment	: 64
address sizes	: 36 bits physical, 48 bits virtual
power management:

processor	: 1
vendor_id	: GenuineIntel
cpu family	: 6
model		: 42
model name	: Intel(R) Core(TM) i5-2410M CPU @ 2.30GHz
stepping	: 7
microcode	: 0x17
cpu MHz		: 2693.979
cache size	: 3072 KB
physical id	: 0
siblings	: 4
core id		: 0
cpu cores	: 2
apicid		: 1
initial apicid	: 1
fpu		: yes
fpu_exception	: yes
cpuid level	: 13
wp		: yes
flags		: fpu vme de pse tsc msr pae mce cx8 apic sep mtrr pge mca cmov pat pse36 clflush dts acpi mmx fxsr sse sse2 ss ht tm pbe syscall nx rdtscp lm constant_tsc arch_perfmon pebs bts rep_good nopl xtopology nonstop_tsc cpuid aperfmperf pni pclmulqdq dtes64 monitor ds_cpl vmx est tm2 ssse3 cx16 xtpr pdcm pcid sse4_1 sse4_2 x2apic popcnt tsc_deadline_timer xsave avx lahf_lm epb pti retpoline tpr_shadow vnmi flexpriority ept vpid xsaveopt dtherm ida arat pln pts
bugs		: cpu_meltdown spectre_v1 spectre_v2
bogomips	: 4589.74
clflush size	: 64
cache_alignment	: 64
address sizes	: 36 bits physical, 48 bits virtual
power management:

processor	: 2
vendor_id	: GenuineIntel
cpu family	: 6
model		: 42
model name	: Intel(R) Core(TM) i5-2410M CPU @ 2.30GHz
stepping	: 7
microcode	: 0x17
cpu MHz		: 2693.976
cache size	: 3072 KB
physical id	: 0
siblings	: 4
core id		: 1
cpu cores	: 2
apicid		: 2
initial apicid	: 2
fpu		: yes
fpu_exception	: yes
cpuid level	: 13
wp		: yes
flags		: fpu vme de pse tsc msr pae mce cx8 apic sep mtrr pge mca cmov pat pse36 clflush dts acpi mmx fxsr sse sse2 ss ht tm pbe syscall nx rdtscp lm constant_tsc arch_perfmon pebs bts rep_good nopl xtopology nonstop_tsc cpuid aperfmperf pni pclmulqdq dtes64 monitor ds_cpl vmx est tm2 ssse3 cx16 xtpr pdcm pcid sse4_1 sse4_2 x2apic popcnt tsc_deadline_timer xsave avx lahf_lm epb pti retpoline tpr_shadow vnmi flexpriority ept vpid xsaveopt dtherm ida arat pln pts
bugs		: cpu_meltdown spectre_v1 spectre_v2
bogomips	: 4589.74
clflush size	: 64
cache_alignment	: 64
address sizes	: 36 bits physical, 48 bits virtual
power management:

processor	: 3
vendor_id	: GenuineIntel
cpu family	: 6
model		: 42
model name	: Intel(R) Core(TM) i5-2410M CPU @ 2.30GHz
stepping	: 7
microcode	: 0x17
cpu MHz		: 2693.979
cache size	: 3072 KB
physical id	: 0
siblings	: 4
core id		: 1
cpu cores	: 2
apicid		: 3
initial apicid	: 3
fpu		: yes
fpu_exception	: yes
cpuid level	: 13
wp		: yes
flags		: fpu vme de pse tsc msr pae mce cx8 apic sep mtrr pge mca cmov pat pse36 clflush dts acpi mmx fxsr sse sse2 ss ht tm pbe syscall nx rdtscp lm constant_tsc arch_perfmon pebs bts rep_good nopl xtopology nonstop_tsc cpuid aperfmperf pni pclmulqdq dtes64 monitor ds_cpl vmx est tm2 ssse3 cx16 xtpr pdcm pcid sse4_1 sse4_2 x2apic popcnt tsc_deadline_timer xsave avx lahf_lm epb pti retpoline tpr_shadow vnmi flexpriority ept vpid xsaveopt dtherm ida arat pln pts
bugs		: cpu_meltdown spectre_v1 spectre_v2
bogomips	: 4589.74
clflush size	: 64
cache_alignment	: 64
address sizes	: 36 bits physical, 48 bits virtual
power management:



Memory: 4k page, physical 5953868k(2353136k free), swap 6137852k(6128880k free)

vm_info: OpenJDK 64-Bit Server VM (25.162-b12) for linux-amd64 JRE (1.8.0_162-8u162-b12-0ubuntu0.16.04.2-b12), built on Mar 14 2018 12:11:18 by "buildd" with gcc 5.4.0 20160609

time: Tue Apr 10 19:41:05 2018
elapsed time: 1 seconds (0d 0h 0m 1s)

